#
# A fatal error has been detected by the Java Runtime Environment:
#
#  EXCEPTION_ACCESS_VIOLATION (0xc0000005) at pc=0x000000007110b5db, pid=23380, tid=7540
#
# JRE version: OpenJDK Runtime Environment AdoptOpenJDK-11.0.11+9 (11.0.11+9) (build 11.0.11+9)
# Java VM: OpenJDK 64-Bit Server VM AdoptOpenJDK-11.0.11+9 (11.0.11+9, mixed mode, tiered, compressed oops, g1 gc, windows-amd64)
# Problematic frame:
# C  [jSSC-2.8_x86_64.dll+0xb5db]
#
# No core dump will be written. Minidumps are not enabled by default on client versions of Windows
#
# If you would like to submit a bug report, please visit:
#   https://github.com/AdoptOpenJDK/openjdk-support/issues
# The crash happened outside the Java Virtual Machine in native code.
# See problematic frame for where to report the bug.
#

---------------  S U M M A R Y ------------

Command Line: -Dfile.encoding=UTF-8 --module-path=E:\arduino\cajeroAutomatico\cajeroAutomatico\build\classes cajeroautomatico.Inicio

Host: AMD Ryzen 7 4700U with Radeon Graphics         , 8 cores, 11G,  Windows 10 , 64 bit Build 19041 (10.0.19041.2546)
Time: Tue Apr  4 08:42:42 2023 Hora estándar central (México) elapsed time: 0.478279 seconds (0d 0h 0m 0s)

---------------  T H R E A D  ---------------

Current thread (0x0000015f6dfc8000):  JavaThread "AWT-EventQueue-0" [_thread_in_native, id=7540, stack(0x00000007d2c00000,0x00000007d2d00000)]

Stack: [0x00000007d2c00000,0x00000007d2d00000],  sp=0x00000007d2cfd140,  free space=1012k
Native frames: (J=compiled Java code, j=interpreted, Vv=VM code, C=native code)
C  [jSSC-2.8_x86_64.dll+0xb5db]

Java frames: (J=compiled Java code, j=interpreted, Vv=VM code)
j  jssc.SerialNativeInterface.openPort(Ljava/lang/String;Z)J+0
j  jssc.SerialPort.openPort()Z+65
j  com.panamahitek.PanamaHitek_Arduino.arduinoRXTX(Ljava/lang/String;ILjssc/SerialPortEventListener;)V+58
j  cajeroautomatico.Inicio.<init>()V+44
j  cajeroautomatico.Inicio$3.run()V+4
j  java.awt.event.InvocationEvent.dispatch()V+47 java.desktop@11.0.11
j  java.awt.EventQueue.dispatchEventImpl(Ljava/awt/AWTEvent;Ljava/lang/Object;)V+21 java.desktop@11.0.11
j  java.awt.EventQueue$4.run()Ljava/lang/Void;+32 java.desktop@11.0.11
j  java.awt.EventQueue$4.run()Ljava/lang/Object;+1 java.desktop@11.0.11
v  ~StubRoutines::call_stub
j  java.security.AccessController.doPrivileged(Ljava/security/PrivilegedAction;Ljava/security/AccessControlContext;)Ljava/lang/Object;+0 java.base@11.0.11
j  java.security.ProtectionDomain$JavaSecurityAccessImpl.doIntersectionPrivilege(Ljava/security/PrivilegedAction;Ljava/security/AccessControlContext;Ljava/security/AccessControlContext;)Ljava/lang/Object;+18 java.base@11.0.11
j  java.awt.EventQueue.dispatchEvent(Ljava/awt/AWTEvent;)V+46 java.desktop@11.0.11
j  java.awt.EventDispatchThread.pumpOneEventForFilters(I)V+78 java.desktop@11.0.11
j  java.awt.EventDispatchThread.pumpEventsForFilter(ILjava/awt/Conditional;Ljava/awt/EventFilter;)V+35 java.desktop@11.0.11
j  java.awt.EventDispatchThread.pumpEventsForHierarchy(ILjava/awt/Conditional;Ljava/awt/Component;)V+11 java.desktop@11.0.11
j  java.awt.EventDispatchThread.pumpEvents(ILjava/awt/Conditional;)V+4 java.desktop@11.0.11
j  java.awt.EventDispatchThread.pumpEvents(Ljava/awt/Conditional;)V+3 java.desktop@11.0.11
j  java.awt.EventDispatchThread.run()V+9 java.desktop@11.0.11
v  ~StubRoutines::call_stub

siginfo: EXCEPTION_ACCESS_VIOLATION (0xc0000005), reading address 0x0000000049c6ed7f


Register to memory mapping:

RIP=0x000000007110b5db jSSC-2.8_x86_64.dll
RAX=0x0000000049c6ed7f is an unknown value
RBX=0x00000007d2cfd1b0 is pointing into the stack for thread: 0x0000015f6dfc8000
RCX=0x00007ffb7de2d2a4 ntdll.dll
RDX=0x0 is NULL
RSP=0x00000007d2cfd140 is pointing into the stack for thread: 0x0000015f6dfc8000
RBP=0x00000007d2cfd2c0 is pointing into the stack for thread: 0x0000015f6dfc8000
RSI=0x0000015f6dfc8348 points into unknown readable memory: 0x00007ffb0222ed40 | 40 ed 22 02 fb 7f 00 00
RDI=0x0000000000000ad0 is an unknown value
R8 =0x00000007d2cfd038 is pointing into the stack for thread: 0x0000015f6dfc8000
R9 =0x00000007d2cfd130 is pointing into the stack for thread: 0x0000015f6dfc8000
R10=0x0 is NULL
R11=0x0000000000000246 is an unknown value
R12=0x00000007d2cfd378 is pointing into the stack for thread: 0x0000015f6dfc8000
R13=0x0000015f6dfa8d30 points into unknown readable memory: 0x00650000005a0025 | 25 00 5a 00 00 00 65 00
R14=0x00000007d2cfd270 is pointing into the stack for thread: 0x0000015f6dfc8000
R15=0x0000015f6dfc8000 is a thread


Registers:
RAX=0x0000000049c6ed7f, RBX=0x00000007d2cfd1b0, RCX=0x00007ffb7de2d2a4, RDX=0x0000000000000000
RSP=0x00000007d2cfd140, RBP=0x00000007d2cfd2c0, RSI=0x0000015f6dfc8348, RDI=0x0000000000000ad0
R8 =0x00000007d2cfd038, R9 =0x00000007d2cfd130, R10=0x0000000000000000, R11=0x0000000000000246
R12=0x00000007d2cfd378, R13=0x0000015f6dfa8d30, R14=0x00000007d2cfd270, R15=0x0000015f6dfc8000
RIP=0x000000007110b5db, EFLAGS=0x0000000000010206

Top of Stack: (sp=0x00000007d2cfd140)
0x00000007d2cfd140:   0000015f6e2d0350 0000015f6dfa89a0
0x00000007d2cfd150:   000000007110b230 0000015f49a00000
0x00000007d2cfd160:   0000015f49b00000 0000000000000004
0x00000007d2cfd170:   0000015f6dfc8348 0000000000000ad0
0x00000007d2cfd180:   00000007d2cfd2c0 0000000071112590
0x00000007d2cfd190:   0000015f6dfc8000 00000007d2cfd270
0x00000007d2cfd1a0:   0000015f6dfa8d30 00000007d2cfd378
0x00000007d2cfd1b0:   0000015f6dfa8d30 00007ffb7ddb47b1
0x00000007d2cfd1c0:   00000007d2cfd1f0 0000015f49a00000
0x00000007d2cfd1d0:   00000007d2cfd2c0 0000000000000000
0x00000007d2cfd1e0:   0000000071113500 0000000071113be8
0x00000007d2cfd1f0:   00000007d2cfd220 0000000071112641
0x00000007d2cfd200:   00000007d2cfd190 0000015f6dfc8348
0x00000007d2cfd210:   0000000000000000 0000000000000000
0x00000007d2cfd220:   00000007d2cfd2c0 0000000071101595
0x00000007d2cfd230:   000000000000001c 0000015f00000000 

Instructions: (pc=0x000000007110b5db)
0x000000007110b4db:   48 85 c0 74 bf 44 8b 03 45 85 c0 0f 84 77 ff ff
0x000000007110b4eb:   ff eb 9f 66 90 e8 8b fe ff ff 48 89 05 0c 34 01
0x000000007110b4fb:   00 eb ad 66 90 e8 7b fe ff ff 48 89 05 fc 33 01
0x000000007110b50b:   00 eb 8b e8 8d fe ff ff c7 03 01 00 00 00 e9 6f
0x000000007110b51b:   ff ff ff 66 90 55 48 89 e5 56 53 48 83 ec 20 48
0x000000007110b52b:   8b 05 d7 33 01 00 48 8b 31 48 89 cb 48 85 c0 74
0x000000007110b53b:   56 44 8b 18 45 85 db 78 42 48 8b 05 bd 33 01 00
0x000000007110b54b:   48 85 c0 74 50 44 8b 10 45 85 d2 74 1d 48 89 f1
0x000000007110b55b:   e8 d0 fd ff ff 48 8b 13 48 8d 42 40 48 8b 48 08
0x000000007110b56b:   48 8b 6a 40 48 8b 60 10 ff e1 48 8b 05 9c 33 01
0x000000007110b57b:   00 48 85 c0 74 2d 48 89 30 eb da e8 b5 fe ff ff
0x000000007110b58b:   0f 1f 44 00 00 eb b2 e8 e9 fd ff ff 48 89 05 6a
0x000000007110b59b:   33 01 00 eb 9c e8 db fd ff ff 48 89 05 5c 33 01
0x000000007110b5ab:   00 eb a2 e8 3d fd ff ff 48 89 05 5e 33 01 00 eb
0x000000007110b5bb:   c5 0f 1f 40 00 55 57 56 53 48 83 ec 28 48 8b 05
0x000000007110b5cb:   39 33 01 00 48 89 cb 48 85 c0 0f 84 c5 00 00 00
0x000000007110b5db:   8b 38 85 ff 0f 88 ab 00 00 00 48 8b 05 1c 33 01
0x000000007110b5eb:   00 48 85 c0 0f 84 bc 00 00 00 8b 30 85 f6 74 57
0x000000007110b5fb:   48 8b 05 0e 33 01 00 48 85 c0 0f 84 e5 00 00 00
0x000000007110b60b:   8b 28 48 8b 35 10 5e 01 00 ff d6 89 c7 89 e9 ff
0x000000007110b61b:   15 f4 5e 01 00 89 f9 48 89 c5 ff 15 b9 5e 01 00
0x000000007110b62b:   48 8b 05 de 32 01 00 48 89 2b 48 85 c0 74 46 48
0x000000007110b63b:   89 da 8b 08 ff 15 d7 5e 01 00 85 c0 74 27 48 83
0x000000007110b64b:   c4 28 5b 5e 5f 5d c3 48 8b 05 bf 32 01 00 48 85
0x000000007110b65b:   c0 74 64 48 8b 10 48 89 13 48 89 18 48 83 c4 28
0x000000007110b66b:   5b 5e 5f 5d c3 48 89 f2 48 83 c4 28 5b 5e 5f 5d
0x000000007110b67b:   48 ff e2 66 90 e8 8b fc ff ff 48 89 05 84 32 01
0x000000007110b68b:   00 eb ac 66 90 e8 ab fd ff ff e9 4b ff ff ff 66
0x000000007110b69b:   0f 1f 44 00 00 e8 db fc ff ff 48 89 05 5c 32 01
0x000000007110b6ab:   00 e9 2a ff ff ff e8 ca fc ff ff 48 89 05 4b 32
0x000000007110b6bb:   01 00 e9 33 ff ff ff e8 29 fc ff ff 48 89 05 4a
0x000000007110b6cb:   32 01 00 48 8b 10 48 85 c0 48 89 13 75 8b e8 12 


Stack slot to memory mapping:
stack at sp + 0 slots: 0x0000015f6e2d0350 points into unknown readable memory: 0x005c002e005c005c | 5c 00 5c 00 2e 00 5c 00
stack at sp + 1 slots: 0x0000015f6dfa89a0 points into unknown readable memory: 0x0000015f6e0e36a0 | a0 36 0e 6e 5f 01 00 00
stack at sp + 2 slots: 0x000000007110b230 jSSC-2.8_x86_64.dll
stack at sp + 3 slots: 0x0000015f49a00000 points into unknown readable memory: 0x0000000000000000 | 00 00 00 00 00 00 00 00
stack at sp + 4 slots: 0x0000015f49b00000 points into unknown readable memory: 0x0000000000000000 | 00 00 00 00 00 00 00 00
stack at sp + 5 slots: 0x0000000000000004 is an unknown value
stack at sp + 6 slots: 0x0000015f6dfc8348 points into unknown readable memory: 0x00007ffb0222ed40 | 40 ed 22 02 fb 7f 00 00
stack at sp + 7 slots: 0x0000000000000ad0 is an unknown value


---------------  P R O C E S S  ---------------

Threads class SMR info:
_java_thread_list=0x0000015f6f304d80, length=15, elements={
0x0000015f6cdaf800, 0x0000015f6d5e0800, 0x0000015f6d634000, 0x0000015f6d635000,
0x0000015f6d637800, 0x0000015f6d638800, 0x0000015f6d63e800, 0x0000015f6d63f800,
0x0000015f6d7b1000, 0x0000015f6d82e000, 0x0000015f6de45000, 0x0000015f6df13000,
0x0000015f6ddcc800, 0x0000015f6dfc8000, 0x0000015f4bc34000
}

Java Threads: ( => current thread )
  0x0000015f6cdaf800 JavaThread "Reference Handler" daemon [_thread_blocked, id=22208, stack(0x00000007d1e00000,0x00000007d1f00000)]
  0x0000015f6d5e0800 JavaThread "Finalizer" daemon [_thread_blocked, id=20620, stack(0x00000007d1f00000,0x00000007d2000000)]
  0x0000015f6d634000 JavaThread "Signal Dispatcher" daemon [_thread_blocked, id=22608, stack(0x00000007d2000000,0x00000007d2100000)]
  0x0000015f6d635000 JavaThread "Attach Listener" daemon [_thread_blocked, id=11432, stack(0x00000007d2100000,0x00000007d2200000)]
  0x0000015f6d637800 JavaThread "Service Thread" daemon [_thread_blocked, id=10248, stack(0x00000007d2200000,0x00000007d2300000)]
  0x0000015f6d638800 JavaThread "C2 CompilerThread0" daemon [_thread_blocked, id=20004, stack(0x00000007d2300000,0x00000007d2400000)]
  0x0000015f6d63e800 JavaThread "C1 CompilerThread0" daemon [_thread_blocked, id=1760, stack(0x00000007d2400000,0x00000007d2500000)]
  0x0000015f6d63f800 JavaThread "Sweeper thread" daemon [_thread_blocked, id=23124, stack(0x00000007d2500000,0x00000007d2600000)]
  0x0000015f6d7b1000 JavaThread "Common-Cleaner" daemon [_thread_blocked, id=12680, stack(0x00000007d2600000,0x00000007d2700000)]
  0x0000015f6d82e000 JavaThread "C2 CompilerThread1" daemon [_thread_blocked, id=17784, stack(0x00000007d2700000,0x00000007d2800000)]
  0x0000015f6de45000 JavaThread "Java2D Disposer" daemon [_thread_blocked, id=2972, stack(0x00000007d2900000,0x00000007d2a00000)]
  0x0000015f6df13000 JavaThread "AWT-Shutdown" [_thread_blocked, id=19712, stack(0x00000007d2a00000,0x00000007d2b00000)]
  0x0000015f6ddcc800 JavaThread "AWT-Windows" daemon [_thread_in_native, id=14012, stack(0x00000007d2b00000,0x00000007d2c00000)]
=>0x0000015f6dfc8000 JavaThread "AWT-EventQueue-0" [_thread_in_native, id=7540, stack(0x00000007d2c00000,0x00000007d2d00000)]
  0x0000015f4bc34000 JavaThread "DestroyJavaVM" [_thread_blocked, id=15048, stack(0x00000007d1700000,0x00000007d1800000)]

Other Threads:
  0x0000015f6cdad000 VMThread "VM Thread" [stack: 0x00000007d1d00000,0x00000007d1e00000] [id=10936]
  0x0000015f6d974800 WatcherThread [stack: 0x00000007d2800000,0x00000007d2900000] [id=16940]
  0x0000015f4bc4b000 GCTaskThread "GC Thread#0" [stack: 0x00000007d1800000,0x00000007d1900000] [id=13124]
  0x0000015f4bc93000 ConcurrentGCThread "G1 Main Marker" [stack: 0x00000007d1900000,0x00000007d1a00000] [id=17180]
  0x0000015f4bc95000 ConcurrentGCThread "G1 Conc#0" [stack: 0x00000007d1a00000,0x00000007d1b00000] [id=22552]
  0x0000015f6cc12800 ConcurrentGCThread "G1 Refine#0" [stack: 0x00000007d1b00000,0x00000007d1c00000] [id=23460]
  0x0000015f6cc14000 ConcurrentGCThread "G1 Young RemSet Sampling" [stack: 0x00000007d1c00000,0x00000007d1d00000] [id=22476]

Threads with active compile tasks:

VM state:not at safepoint (normal execution)

VM Mutex/Monitor currently owned by a thread: None

Heap address: 0x0000000506000000, size: 2926 MB, Compressed Oops mode: Zero based, Oop shift amount: 3
Narrow klass base: 0x0000000000000000, Narrow klass shift: 3
Compressed class space size: 1073741824 Address: 0x00000005bce00000

Heap:
 garbage-first heap   total 188416K, used 10240K [0x0000000506000000, 0x00000005bce00000)
  region size 1024K, 11 young (11264K), 0 survivors (0K)
 Metaspace       used 15604K, capacity 16008K, committed 16128K, reserved 1062912K
  class space    used 1771K, capacity 1983K, committed 2048K, reserved 1048576K
Heap Regions: E=young(eden), S=young(survivor), O=old, HS=humongous(starts), HC=humongous(continues), CS=collection set, F=free, A=archive, TAMS=top-at-mark-start (previous, next)
|   0|0x0000000506000000, 0x0000000506000000, 0x0000000506100000|  0%| F|  |TAMS 0x0000000506000000, 0x0000000506000000| Untracked 
|   1|0x0000000506100000, 0x0000000506100000, 0x0000000506200000|  0%| F|  |TAMS 0x0000000506100000, 0x0000000506100000| Untracked 
|   2|0x0000000506200000, 0x0000000506200000, 0x0000000506300000|  0%| F|  |TAMS 0x0000000506200000, 0x0000000506200000| Untracked 
|   3|0x0000000506300000, 0x0000000506300000, 0x0000000506400000|  0%| F|  |TAMS 0x0000000506300000, 0x0000000506300000| Untracked 
|   4|0x0000000506400000, 0x0000000506400000, 0x0000000506500000|  0%| F|  |TAMS 0x0000000506400000, 0x0000000506400000| Untracked 
|   5|0x0000000506500000, 0x0000000506500000, 0x0000000506600000|  0%| F|  |TAMS 0x0000000506500000, 0x0000000506500000| Untracked 
|   6|0x0000000506600000, 0x0000000506600000, 0x0000000506700000|  0%| F|  |TAMS 0x0000000506600000, 0x0000000506600000| Untracked 
|   7|0x0000000506700000, 0x0000000506700000, 0x0000000506800000|  0%| F|  |TAMS 0x0000000506700000, 0x0000000506700000| Untracked 
|   8|0x0000000506800000, 0x0000000506800000, 0x0000000506900000|  0%| F|  |TAMS 0x0000000506800000, 0x0000000506800000| Untracked 
|   9|0x0000000506900000, 0x0000000506900000, 0x0000000506a00000|  0%| F|  |TAMS 0x0000000506900000, 0x0000000506900000| Untracked 
|  10|0x0000000506a00000, 0x0000000506a00000, 0x0000000506b00000|  0%| F|  |TAMS 0x0000000506a00000, 0x0000000506a00000| Untracked 
|  11|0x0000000506b00000, 0x0000000506b00000, 0x0000000506c00000|  0%| F|  |TAMS 0x0000000506b00000, 0x0000000506b00000| Untracked 
|  12|0x0000000506c00000, 0x0000000506c00000, 0x0000000506d00000|  0%| F|  |TAMS 0x0000000506c00000, 0x0000000506c00000| Untracked 
|  13|0x0000000506d00000, 0x0000000506d00000, 0x0000000506e00000|  0%| F|  |TAMS 0x0000000506d00000, 0x0000000506d00000| Untracked 
|  14|0x0000000506e00000, 0x0000000506e00000, 0x0000000506f00000|  0%| F|  |TAMS 0x0000000506e00000, 0x0000000506e00000| Untracked 
|  15|0x0000000506f00000, 0x0000000506f00000, 0x0000000507000000|  0%| F|  |TAMS 0x0000000506f00000, 0x0000000506f00000| Untracked 
|  16|0x0000000507000000, 0x0000000507000000, 0x0000000507100000|  0%| F|  |TAMS 0x0000000507000000, 0x0000000507000000| Untracked 
|  17|0x0000000507100000, 0x0000000507100000, 0x0000000507200000|  0%| F|  |TAMS 0x0000000507100000, 0x0000000507100000| Untracked 
|  18|0x0000000507200000, 0x0000000507200000, 0x0000000507300000|  0%| F|  |TAMS 0x0000000507200000, 0x0000000507200000| Untracked 
|  19|0x0000000507300000, 0x0000000507300000, 0x0000000507400000|  0%| F|  |TAMS 0x0000000507300000, 0x0000000507300000| Untracked 
|  20|0x0000000507400000, 0x0000000507400000, 0x0000000507500000|  0%| F|  |TAMS 0x0000000507400000, 0x0000000507400000| Untracked 
|  21|0x0000000507500000, 0x0000000507500000, 0x0000000507600000|  0%| F|  |TAMS 0x0000000507500000, 0x0000000507500000| Untracked 
|  22|0x0000000507600000, 0x0000000507600000, 0x0000000507700000|  0%| F|  |TAMS 0x0000000507600000, 0x0000000507600000| Untracked 
|  23|0x0000000507700000, 0x0000000507700000, 0x0000000507800000|  0%| F|  |TAMS 0x0000000507700000, 0x0000000507700000| Untracked 
|  24|0x0000000507800000, 0x0000000507800000, 0x0000000507900000|  0%| F|  |TAMS 0x0000000507800000, 0x0000000507800000| Untracked 
|  25|0x0000000507900000, 0x0000000507900000, 0x0000000507a00000|  0%| F|  |TAMS 0x0000000507900000, 0x0000000507900000| Untracked 
|  26|0x0000000507a00000, 0x0000000507a00000, 0x0000000507b00000|  0%| F|  |TAMS 0x0000000507a00000, 0x0000000507a00000| Untracked 
|  27|0x0000000507b00000, 0x0000000507b00000, 0x0000000507c00000|  0%| F|  |TAMS 0x0000000507b00000, 0x0000000507b00000| Untracked 
|  28|0x0000000507c00000, 0x0000000507c00000, 0x0000000507d00000|  0%| F|  |TAMS 0x0000000507c00000, 0x0000000507c00000| Untracked 
|  29|0x0000000507d00000, 0x0000000507d00000, 0x0000000507e00000|  0%| F|  |TAMS 0x0000000507d00000, 0x0000000507d00000| Untracked 
|  30|0x0000000507e00000, 0x0000000507e00000, 0x0000000507f00000|  0%| F|  |TAMS 0x0000000507e00000, 0x0000000507e00000| Untracked 
|  31|0x0000000507f00000, 0x0000000507f00000, 0x0000000508000000|  0%| F|  |TAMS 0x0000000507f00000, 0x0000000507f00000| Untracked 
|  32|0x0000000508000000, 0x0000000508000000, 0x0000000508100000|  0%| F|  |TAMS 0x0000000508000000, 0x0000000508000000| Untracked 
|  33|0x0000000508100000, 0x0000000508100000, 0x0000000508200000|  0%| F|  |TAMS 0x0000000508100000, 0x0000000508100000| Untracked 
|  34|0x0000000508200000, 0x0000000508200000, 0x0000000508300000|  0%| F|  |TAMS 0x0000000508200000, 0x0000000508200000| Untracked 
|  35|0x0000000508300000, 0x0000000508300000, 0x0000000508400000|  0%| F|  |TAMS 0x0000000508300000, 0x0000000508300000| Untracked 
|  36|0x0000000508400000, 0x0000000508400000, 0x0000000508500000|  0%| F|  |TAMS 0x0000000508400000, 0x0000000508400000| Untracked 
|  37|0x0000000508500000, 0x0000000508500000, 0x0000000508600000|  0%| F|  |TAMS 0x0000000508500000, 0x0000000508500000| Untracked 
|  38|0x0000000508600000, 0x0000000508600000, 0x0000000508700000|  0%| F|  |TAMS 0x0000000508600000, 0x0000000508600000| Untracked 
|  39|0x0000000508700000, 0x0000000508700000, 0x0000000508800000|  0%| F|  |TAMS 0x0000000508700000, 0x0000000508700000| Untracked 
|  40|0x0000000508800000, 0x0000000508800000, 0x0000000508900000|  0%| F|  |TAMS 0x0000000508800000, 0x0000000508800000| Untracked 
|  41|0x0000000508900000, 0x0000000508900000, 0x0000000508a00000|  0%| F|  |TAMS 0x0000000508900000, 0x0000000508900000| Untracked 
|  42|0x0000000508a00000, 0x0000000508a00000, 0x0000000508b00000|  0%| F|  |TAMS 0x0000000508a00000, 0x0000000508a00000| Untracked 
|  43|0x0000000508b00000, 0x0000000508b00000, 0x0000000508c00000|  0%| F|  |TAMS 0x0000000508b00000, 0x0000000508b00000| Untracked 
|  44|0x0000000508c00000, 0x0000000508c00000, 0x0000000508d00000|  0%| F|  |TAMS 0x0000000508c00000, 0x0000000508c00000| Untracked 
|  45|0x0000000508d00000, 0x0000000508d00000, 0x0000000508e00000|  0%| F|  |TAMS 0x0000000508d00000, 0x0000000508d00000| Untracked 
|  46|0x0000000508e00000, 0x0000000508e00000, 0x0000000508f00000|  0%| F|  |TAMS 0x0000000508e00000, 0x0000000508e00000| Untracked 
|  47|0x0000000508f00000, 0x0000000508f00000, 0x0000000509000000|  0%| F|  |TAMS 0x0000000508f00000, 0x0000000508f00000| Untracked 
|  48|0x0000000509000000, 0x0000000509000000, 0x0000000509100000|  0%| F|  |TAMS 0x0000000509000000, 0x0000000509000000| Untracked 
|  49|0x0000000509100000, 0x0000000509100000, 0x0000000509200000|  0%| F|  |TAMS 0x0000000509100000, 0x0000000509100000| Untracked 
|  50|0x0000000509200000, 0x0000000509200000, 0x0000000509300000|  0%| F|  |TAMS 0x0000000509200000, 0x0000000509200000| Untracked 
|  51|0x0000000509300000, 0x0000000509300000, 0x0000000509400000|  0%| F|  |TAMS 0x0000000509300000, 0x0000000509300000| Untracked 
|  52|0x0000000509400000, 0x0000000509400000, 0x0000000509500000|  0%| F|  |TAMS 0x0000000509400000, 0x0000000509400000| Untracked 
|  53|0x0000000509500000, 0x0000000509500000, 0x0000000509600000|  0%| F|  |TAMS 0x0000000509500000, 0x0000000509500000| Untracked 
|  54|0x0000000509600000, 0x0000000509600000, 0x0000000509700000|  0%| F|  |TAMS 0x0000000509600000, 0x0000000509600000| Untracked 
|  55|0x0000000509700000, 0x0000000509700000, 0x0000000509800000|  0%| F|  |TAMS 0x0000000509700000, 0x0000000509700000| Untracked 
|  56|0x0000000509800000, 0x0000000509800000, 0x0000000509900000|  0%| F|  |TAMS 0x0000000509800000, 0x0000000509800000| Untracked 
|  57|0x0000000509900000, 0x0000000509900000, 0x0000000509a00000|  0%| F|  |TAMS 0x0000000509900000, 0x0000000509900000| Untracked 
|  58|0x0000000509a00000, 0x0000000509a00000, 0x0000000509b00000|  0%| F|  |TAMS 0x0000000509a00000, 0x0000000509a00000| Untracked 
|  59|0x0000000509b00000, 0x0000000509b00000, 0x0000000509c00000|  0%| F|  |TAMS 0x0000000509b00000, 0x0000000509b00000| Untracked 
|  60|0x0000000509c00000, 0x0000000509c00000, 0x0000000509d00000|  0%| F|  |TAMS 0x0000000509c00000, 0x0000000509c00000| Untracked 
|  61|0x0000000509d00000, 0x0000000509d00000, 0x0000000509e00000|  0%| F|  |TAMS 0x0000000509d00000, 0x0000000509d00000| Untracked 
|  62|0x0000000509e00000, 0x0000000509e00000, 0x0000000509f00000|  0%| F|  |TAMS 0x0000000509e00000, 0x0000000509e00000| Untracked 
|  63|0x0000000509f00000, 0x0000000509f00000, 0x000000050a000000|  0%| F|  |TAMS 0x0000000509f00000, 0x0000000509f00000| Untracked 
|  64|0x000000050a000000, 0x000000050a000000, 0x000000050a100000|  0%| F|  |TAMS 0x000000050a000000, 0x000000050a000000| Untracked 
|  65|0x000000050a100000, 0x000000050a100000, 0x000000050a200000|  0%| F|  |TAMS 0x000000050a100000, 0x000000050a100000| Untracked 
|  66|0x000000050a200000, 0x000000050a200000, 0x000000050a300000|  0%| F|  |TAMS 0x000000050a200000, 0x000000050a200000| Untracked 
|  67|0x000000050a300000, 0x000000050a300000, 0x000000050a400000|  0%| F|  |TAMS 0x000000050a300000, 0x000000050a300000| Untracked 
|  68|0x000000050a400000, 0x000000050a400000, 0x000000050a500000|  0%| F|  |TAMS 0x000000050a400000, 0x000000050a400000| Untracked 
|  69|0x000000050a500000, 0x000000050a500000, 0x000000050a600000|  0%| F|  |TAMS 0x000000050a500000, 0x000000050a500000| Untracked 
|  70|0x000000050a600000, 0x000000050a600000, 0x000000050a700000|  0%| F|  |TAMS 0x000000050a600000, 0x000000050a600000| Untracked 
|  71|0x000000050a700000, 0x000000050a700000, 0x000000050a800000|  0%| F|  |TAMS 0x000000050a700000, 0x000000050a700000| Untracked 
|  72|0x000000050a800000, 0x000000050a800000, 0x000000050a900000|  0%| F|  |TAMS 0x000000050a800000, 0x000000050a800000| Untracked 
|  73|0x000000050a900000, 0x000000050a900000, 0x000000050aa00000|  0%| F|  |TAMS 0x000000050a900000, 0x000000050a900000| Untracked 
|  74|0x000000050aa00000, 0x000000050aa00000, 0x000000050ab00000|  0%| F|  |TAMS 0x000000050aa00000, 0x000000050aa00000| Untracked 
|  75|0x000000050ab00000, 0x000000050ab00000, 0x000000050ac00000|  0%| F|  |TAMS 0x000000050ab00000, 0x000000050ab00000| Untracked 
|  76|0x000000050ac00000, 0x000000050ac00000, 0x000000050ad00000|  0%| F|  |TAMS 0x000000050ac00000, 0x000000050ac00000| Untracked 
|  77|0x000000050ad00000, 0x000000050ad00000, 0x000000050ae00000|  0%| F|  |TAMS 0x000000050ad00000, 0x000000050ad00000| Untracked 
|  78|0x000000050ae00000, 0x000000050ae00000, 0x000000050af00000|  0%| F|  |TAMS 0x000000050ae00000, 0x000000050ae00000| Untracked 
|  79|0x000000050af00000, 0x000000050af00000, 0x000000050b000000|  0%| F|  |TAMS 0x000000050af00000, 0x000000050af00000| Untracked 
|  80|0x000000050b000000, 0x000000050b000000, 0x000000050b100000|  0%| F|  |TAMS 0x000000050b000000, 0x000000050b000000| Untracked 
|  81|0x000000050b100000, 0x000000050b100000, 0x000000050b200000|  0%| F|  |TAMS 0x000000050b100000, 0x000000050b100000| Untracked 
|  82|0x000000050b200000, 0x000000050b200000, 0x000000050b300000|  0%| F|  |TAMS 0x000000050b200000, 0x000000050b200000| Untracked 
|  83|0x000000050b300000, 0x000000050b300000, 0x000000050b400000|  0%| F|  |TAMS 0x000000050b300000, 0x000000050b300000| Untracked 
|  84|0x000000050b400000, 0x000000050b400000, 0x000000050b500000|  0%| F|  |TAMS 0x000000050b400000, 0x000000050b400000| Untracked 
|  85|0x000000050b500000, 0x000000050b500000, 0x000000050b600000|  0%| F|  |TAMS 0x000000050b500000, 0x000000050b500000| Untracked 
|  86|0x000000050b600000, 0x000000050b600000, 0x000000050b700000|  0%| F|  |TAMS 0x000000050b600000, 0x000000050b600000| Untracked 
|  87|0x000000050b700000, 0x000000050b700000, 0x000000050b800000|  0%| F|  |TAMS 0x000000050b700000, 0x000000050b700000| Untracked 
|  88|0x000000050b800000, 0x000000050b800000, 0x000000050b900000|  0%| F|  |TAMS 0x000000050b800000, 0x000000050b800000| Untracked 
|  89|0x000000050b900000, 0x000000050b900000, 0x000000050ba00000|  0%| F|  |TAMS 0x000000050b900000, 0x000000050b900000| Untracked 
|  90|0x000000050ba00000, 0x000000050ba00000, 0x000000050bb00000|  0%| F|  |TAMS 0x000000050ba00000, 0x000000050ba00000| Untracked 
|  91|0x000000050bb00000, 0x000000050bb00000, 0x000000050bc00000|  0%| F|  |TAMS 0x000000050bb00000, 0x000000050bb00000| Untracked 
|  92|0x000000050bc00000, 0x000000050bc00000, 0x000000050bd00000|  0%| F|  |TAMS 0x000000050bc00000, 0x000000050bc00000| Untracked 
|  93|0x000000050bd00000, 0x000000050bd00000, 0x000000050be00000|  0%| F|  |TAMS 0x000000050bd00000, 0x000000050bd00000| Untracked 
|  94|0x000000050be00000, 0x000000050be00000, 0x000000050bf00000|  0%| F|  |TAMS 0x000000050be00000, 0x000000050be00000| Untracked 
|  95|0x000000050bf00000, 0x000000050bf00000, 0x000000050c000000|  0%| F|  |TAMS 0x000000050bf00000, 0x000000050bf00000| Untracked 
|  96|0x000000050c000000, 0x000000050c000000, 0x000000050c100000|  0%| F|  |TAMS 0x000000050c000000, 0x000000050c000000| Untracked 
|  97|0x000000050c100000, 0x000000050c100000, 0x000000050c200000|  0%| F|  |TAMS 0x000000050c100000, 0x000000050c100000| Untracked 
|  98|0x000000050c200000, 0x000000050c200000, 0x000000050c300000|  0%| F|  |TAMS 0x000000050c200000, 0x000000050c200000| Untracked 
|  99|0x000000050c300000, 0x000000050c300000, 0x000000050c400000|  0%| F|  |TAMS 0x000000050c300000, 0x000000050c300000| Untracked 
| 100|0x000000050c400000, 0x000000050c400000, 0x000000050c500000|  0%| F|  |TAMS 0x000000050c400000, 0x000000050c400000| Untracked 
| 101|0x000000050c500000, 0x000000050c500000, 0x000000050c600000|  0%| F|  |TAMS 0x000000050c500000, 0x000000050c500000| Untracked 
| 102|0x000000050c600000, 0x000000050c600000, 0x000000050c700000|  0%| F|  |TAMS 0x000000050c600000, 0x000000050c600000| Untracked 
| 103|0x000000050c700000, 0x000000050c700000, 0x000000050c800000|  0%| F|  |TAMS 0x000000050c700000, 0x000000050c700000| Untracked 
| 104|0x000000050c800000, 0x000000050c800000, 0x000000050c900000|  0%| F|  |TAMS 0x000000050c800000, 0x000000050c800000| Untracked 
| 105|0x000000050c900000, 0x000000050c900000, 0x000000050ca00000|  0%| F|  |TAMS 0x000000050c900000, 0x000000050c900000| Untracked 
| 106|0x000000050ca00000, 0x000000050ca00000, 0x000000050cb00000|  0%| F|  |TAMS 0x000000050ca00000, 0x000000050ca00000| Untracked 
| 107|0x000000050cb00000, 0x000000050cb00000, 0x000000050cc00000|  0%| F|  |TAMS 0x000000050cb00000, 0x000000050cb00000| Untracked 
| 108|0x000000050cc00000, 0x000000050cc00000, 0x000000050cd00000|  0%| F|  |TAMS 0x000000050cc00000, 0x000000050cc00000| Untracked 
| 109|0x000000050cd00000, 0x000000050cd00000, 0x000000050ce00000|  0%| F|  |TAMS 0x000000050cd00000, 0x000000050cd00000| Untracked 
| 110|0x000000050ce00000, 0x000000050ce00000, 0x000000050cf00000|  0%| F|  |TAMS 0x000000050ce00000, 0x000000050ce00000| Untracked 
| 111|0x000000050cf00000, 0x000000050cf00000, 0x000000050d000000|  0%| F|  |TAMS 0x000000050cf00000, 0x000000050cf00000| Untracked 
| 112|0x000000050d000000, 0x000000050d000000, 0x000000050d100000|  0%| F|  |TAMS 0x000000050d000000, 0x000000050d000000| Untracked 
| 113|0x000000050d100000, 0x000000050d100000, 0x000000050d200000|  0%| F|  |TAMS 0x000000050d100000, 0x000000050d100000| Untracked 
| 114|0x000000050d200000, 0x000000050d200000, 0x000000050d300000|  0%| F|  |TAMS 0x000000050d200000, 0x000000050d200000| Untracked 
| 115|0x000000050d300000, 0x000000050d300000, 0x000000050d400000|  0%| F|  |TAMS 0x000000050d300000, 0x000000050d300000| Untracked 
| 116|0x000000050d400000, 0x000000050d400000, 0x000000050d500000|  0%| F|  |TAMS 0x000000050d400000, 0x000000050d400000| Untracked 
| 117|0x000000050d500000, 0x000000050d500000, 0x000000050d600000|  0%| F|  |TAMS 0x000000050d500000, 0x000000050d500000| Untracked 
| 118|0x000000050d600000, 0x000000050d600000, 0x000000050d700000|  0%| F|  |TAMS 0x000000050d600000, 0x000000050d600000| Untracked 
| 119|0x000000050d700000, 0x000000050d700000, 0x000000050d800000|  0%| F|  |TAMS 0x000000050d700000, 0x000000050d700000| Untracked 
| 120|0x000000050d800000, 0x000000050d800000, 0x000000050d900000|  0%| F|  |TAMS 0x000000050d800000, 0x000000050d800000| Untracked 
| 121|0x000000050d900000, 0x000000050d900000, 0x000000050da00000|  0%| F|  |TAMS 0x000000050d900000, 0x000000050d900000| Untracked 
| 122|0x000000050da00000, 0x000000050da00000, 0x000000050db00000|  0%| F|  |TAMS 0x000000050da00000, 0x000000050da00000| Untracked 
| 123|0x000000050db00000, 0x000000050db00000, 0x000000050dc00000|  0%| F|  |TAMS 0x000000050db00000, 0x000000050db00000| Untracked 
| 124|0x000000050dc00000, 0x000000050dc00000, 0x000000050dd00000|  0%| F|  |TAMS 0x000000050dc00000, 0x000000050dc00000| Untracked 
| 125|0x000000050dd00000, 0x000000050dd00000, 0x000000050de00000|  0%| F|  |TAMS 0x000000050dd00000, 0x000000050dd00000| Untracked 
| 126|0x000000050de00000, 0x000000050de00000, 0x000000050df00000|  0%| F|  |TAMS 0x000000050de00000, 0x000000050de00000| Untracked 
| 127|0x000000050df00000, 0x000000050df00000, 0x000000050e000000|  0%| F|  |TAMS 0x000000050df00000, 0x000000050df00000| Untracked 
| 128|0x000000050e000000, 0x000000050e000000, 0x000000050e100000|  0%| F|  |TAMS 0x000000050e000000, 0x000000050e000000| Untracked 
| 129|0x000000050e100000, 0x000000050e100000, 0x000000050e200000|  0%| F|  |TAMS 0x000000050e100000, 0x000000050e100000| Untracked 
| 130|0x000000050e200000, 0x000000050e200000, 0x000000050e300000|  0%| F|  |TAMS 0x000000050e200000, 0x000000050e200000| Untracked 
| 131|0x000000050e300000, 0x000000050e300000, 0x000000050e400000|  0%| F|  |TAMS 0x000000050e300000, 0x000000050e300000| Untracked 
| 132|0x000000050e400000, 0x000000050e400000, 0x000000050e500000|  0%| F|  |TAMS 0x000000050e400000, 0x000000050e400000| Untracked 
| 133|0x000000050e500000, 0x000000050e500000, 0x000000050e600000|  0%| F|  |TAMS 0x000000050e500000, 0x000000050e500000| Untracked 
| 134|0x000000050e600000, 0x000000050e600000, 0x000000050e700000|  0%| F|  |TAMS 0x000000050e600000, 0x000000050e600000| Untracked 
| 135|0x000000050e700000, 0x000000050e700000, 0x000000050e800000|  0%| F|  |TAMS 0x000000050e700000, 0x000000050e700000| Untracked 
| 136|0x000000050e800000, 0x000000050e800000, 0x000000050e900000|  0%| F|  |TAMS 0x000000050e800000, 0x000000050e800000| Untracked 
| 137|0x000000050e900000, 0x000000050e900000, 0x000000050ea00000|  0%| F|  |TAMS 0x000000050e900000, 0x000000050e900000| Untracked 
| 138|0x000000050ea00000, 0x000000050ea00000, 0x000000050eb00000|  0%| F|  |TAMS 0x000000050ea00000, 0x000000050ea00000| Untracked 
| 139|0x000000050eb00000, 0x000000050eb00000, 0x000000050ec00000|  0%| F|  |TAMS 0x000000050eb00000, 0x000000050eb00000| Untracked 
| 140|0x000000050ec00000, 0x000000050ec00000, 0x000000050ed00000|  0%| F|  |TAMS 0x000000050ec00000, 0x000000050ec00000| Untracked 
| 141|0x000000050ed00000, 0x000000050ed00000, 0x000000050ee00000|  0%| F|  |TAMS 0x000000050ed00000, 0x000000050ed00000| Untracked 
| 142|0x000000050ee00000, 0x000000050ee00000, 0x000000050ef00000|  0%| F|  |TAMS 0x000000050ee00000, 0x000000050ee00000| Untracked 
| 143|0x000000050ef00000, 0x000000050ef00000, 0x000000050f000000|  0%| F|  |TAMS 0x000000050ef00000, 0x000000050ef00000| Untracked 
| 144|0x000000050f000000, 0x000000050f000000, 0x000000050f100000|  0%| F|  |TAMS 0x000000050f000000, 0x000000050f000000| Untracked 
| 145|0x000000050f100000, 0x000000050f100000, 0x000000050f200000|  0%| F|  |TAMS 0x000000050f100000, 0x000000050f100000| Untracked 
| 146|0x000000050f200000, 0x000000050f200000, 0x000000050f300000|  0%| F|  |TAMS 0x000000050f200000, 0x000000050f200000| Untracked 
| 147|0x000000050f300000, 0x000000050f300000, 0x000000050f400000|  0%| F|  |TAMS 0x000000050f300000, 0x000000050f300000| Untracked 
| 148|0x000000050f400000, 0x000000050f400000, 0x000000050f500000|  0%| F|  |TAMS 0x000000050f400000, 0x000000050f400000| Untracked 
| 149|0x000000050f500000, 0x000000050f500000, 0x000000050f600000|  0%| F|  |TAMS 0x000000050f500000, 0x000000050f500000| Untracked 
| 150|0x000000050f600000, 0x000000050f600000, 0x000000050f700000|  0%| F|  |TAMS 0x000000050f600000, 0x000000050f600000| Untracked 
| 151|0x000000050f700000, 0x000000050f700000, 0x000000050f800000|  0%| F|  |TAMS 0x000000050f700000, 0x000000050f700000| Untracked 
| 152|0x000000050f800000, 0x000000050f800000, 0x000000050f900000|  0%| F|  |TAMS 0x000000050f800000, 0x000000050f800000| Untracked 
| 153|0x000000050f900000, 0x000000050f900000, 0x000000050fa00000|  0%| F|  |TAMS 0x000000050f900000, 0x000000050f900000| Untracked 
| 154|0x000000050fa00000, 0x000000050fa00000, 0x000000050fb00000|  0%| F|  |TAMS 0x000000050fa00000, 0x000000050fa00000| Untracked 
| 155|0x000000050fb00000, 0x000000050fb00000, 0x000000050fc00000|  0%| F|  |TAMS 0x000000050fb00000, 0x000000050fb00000| Untracked 
| 156|0x000000050fc00000, 0x000000050fc00000, 0x000000050fd00000|  0%| F|  |TAMS 0x000000050fc00000, 0x000000050fc00000| Untracked 
| 157|0x000000050fd00000, 0x000000050fd00000, 0x000000050fe00000|  0%| F|  |TAMS 0x000000050fd00000, 0x000000050fd00000| Untracked 
| 158|0x000000050fe00000, 0x000000050fe00000, 0x000000050ff00000|  0%| F|  |TAMS 0x000000050fe00000, 0x000000050fe00000| Untracked 
| 159|0x000000050ff00000, 0x000000050ff00000, 0x0000000510000000|  0%| F|  |TAMS 0x000000050ff00000, 0x000000050ff00000| Untracked 
| 160|0x0000000510000000, 0x0000000510000000, 0x0000000510100000|  0%| F|  |TAMS 0x0000000510000000, 0x0000000510000000| Untracked 
| 161|0x0000000510100000, 0x0000000510100000, 0x0000000510200000|  0%| F|  |TAMS 0x0000000510100000, 0x0000000510100000| Untracked 
| 162|0x0000000510200000, 0x0000000510200000, 0x0000000510300000|  0%| F|  |TAMS 0x0000000510200000, 0x0000000510200000| Untracked 
| 163|0x0000000510300000, 0x0000000510300000, 0x0000000510400000|  0%| F|  |TAMS 0x0000000510300000, 0x0000000510300000| Untracked 
| 164|0x0000000510400000, 0x0000000510400000, 0x0000000510500000|  0%| F|  |TAMS 0x0000000510400000, 0x0000000510400000| Untracked 
| 165|0x0000000510500000, 0x0000000510500000, 0x0000000510600000|  0%| F|  |TAMS 0x0000000510500000, 0x0000000510500000| Untracked 
| 166|0x0000000510600000, 0x0000000510600000, 0x0000000510700000|  0%| F|  |TAMS 0x0000000510600000, 0x0000000510600000| Untracked 
| 167|0x0000000510700000, 0x0000000510700000, 0x0000000510800000|  0%| F|  |TAMS 0x0000000510700000, 0x0000000510700000| Untracked 
| 168|0x0000000510800000, 0x0000000510800000, 0x0000000510900000|  0%| F|  |TAMS 0x0000000510800000, 0x0000000510800000| Untracked 
| 169|0x0000000510900000, 0x0000000510900000, 0x0000000510a00000|  0%| F|  |TAMS 0x0000000510900000, 0x0000000510900000| Untracked 
| 170|0x0000000510a00000, 0x0000000510a00000, 0x0000000510b00000|  0%| F|  |TAMS 0x0000000510a00000, 0x0000000510a00000| Untracked 
| 171|0x0000000510b00000, 0x0000000510b00000, 0x0000000510c00000|  0%| F|  |TAMS 0x0000000510b00000, 0x0000000510b00000| Untracked 
| 172|0x0000000510c00000, 0x0000000510c00000, 0x0000000510d00000|  0%| F|  |TAMS 0x0000000510c00000, 0x0000000510c00000| Untracked 
| 173|0x0000000510d00000, 0x0000000510df6468, 0x0000000510e00000| 96%| E|  |TAMS 0x0000000510d00000, 0x0000000510d00000| Complete 
| 174|0x0000000510e00000, 0x0000000510f00000, 0x0000000510f00000|100%| E|CS|TAMS 0x0000000510e00000, 0x0000000510e00000| Complete 
| 175|0x0000000510f00000, 0x0000000511000000, 0x0000000511000000|100%| E|CS|TAMS 0x0000000510f00000, 0x0000000510f00000| Complete 
| 176|0x0000000511000000, 0x0000000511100000, 0x0000000511100000|100%| E|CS|TAMS 0x0000000511000000, 0x0000000511000000| Complete 
| 177|0x0000000511100000, 0x0000000511200000, 0x0000000511200000|100%| E|CS|TAMS 0x0000000511100000, 0x0000000511100000| Complete 
| 178|0x0000000511200000, 0x0000000511300000, 0x0000000511300000|100%| E|CS|TAMS 0x0000000511200000, 0x0000000511200000| Complete 
| 179|0x0000000511300000, 0x0000000511400000, 0x0000000511400000|100%| E|CS|TAMS 0x0000000511300000, 0x0000000511300000| Complete 
| 180|0x0000000511400000, 0x0000000511500000, 0x0000000511500000|100%| E|CS|TAMS 0x0000000511400000, 0x0000000511400000| Complete 
| 181|0x0000000511500000, 0x0000000511600000, 0x0000000511600000|100%| E|CS|TAMS 0x0000000511500000, 0x0000000511500000| Complete 
| 182|0x0000000511600000, 0x0000000511700000, 0x0000000511700000|100%| E|CS|TAMS 0x0000000511600000, 0x0000000511600000| Complete 
| 183|0x0000000511700000, 0x0000000511800000, 0x0000000511800000|100%| E|CS|TAMS 0x0000000511700000, 0x0000000511700000| Complete 

Card table byte_map: [0x0000015f63c30000,0x0000015f641f0000] _byte_map_base: 0x0000015f61400000

Marking Bits (Prev, Next): (CMBitMap*) 0x0000015f4bc84818, (CMBitMap*) 0x0000015f4bc84850
 Prev Bits: [0x0000015f647b0000, 0x0000015f67568000)
 Next Bits: [0x0000015f67570000, 0x0000015f6a328000)

Polling page: 0x0000015f49b90000

Metaspace:

Usage:
  Non-class:     13.70 MB capacity,    13.51 MB ( 99%) used,   147.89 KB (  1%) free+waste,    44.06 KB ( <1%) overhead. 
      Class:      1.94 MB capacity,     1.73 MB ( 89%) used,   187.62 KB (  9%) free+waste,    24.13 KB (  1%) overhead. 
       Both:     15.63 MB capacity,    15.24 MB ( 97%) used,   335.51 KB (  2%) free+waste,    68.19 KB ( <1%) overhead. 

Virtual space:
  Non-class space:       14.00 MB reserved,      13.75 MB ( 98%) committed 
      Class space:        1.00 GB reserved,       2.00 MB ( <1%) committed 
             Both:        1.01 GB reserved,      15.75 MB (  2%) committed 

Chunk freelists:
   Non-Class:  55.00 KB
       Class:  1.00 KB
        Both:  56.00 KB

MaxMetaspaceSize: 17179869184.00 GB
CompressedClassSpaceSize: 1.00 GB

CodeHeap 'non-profiled nmethods': size=120000Kb used=294Kb max_used=294Kb free=119705Kb
 bounds [0x0000015f5be10000, 0x0000015f5c080000, 0x0000015f63340000]
CodeHeap 'profiled nmethods': size=120000Kb used=1529Kb max_used=1529Kb free=118470Kb
 bounds [0x0000015f548e0000, 0x0000015f54b50000, 0x0000015f5be10000]
CodeHeap 'non-nmethods': size=5760Kb used=1192Kb max_used=1204Kb free=4567Kb
 bounds [0x0000015f54340000, 0x0000015f545b0000, 0x0000015f548e0000]
 total_blobs=1423 nmethods=871 adapters=464
 compilation: enabled
              stopped_count=0, restarted_count=0
 full_count=0

Compilation events (20 events):
Event: 0.439 Thread 0x0000015f6d63e800  863       3       java.nio.MappedByteBuffer::position (8 bytes)
Event: 0.439 Thread 0x0000015f6d63e800 nmethod 863 0x0000015f54a5a790 code [0x0000015f54a5a960, 0x0000015f54a5ab08]
Event: 0.439 Thread 0x0000015f6d63e800  861       1       jdk.internal.jimage.ImageHeader::getTableLength (5 bytes)
Event: 0.439 Thread 0x0000015f6d63e800 nmethod 861 0x0000015f5be59190 code [0x0000015f5be59340, 0x0000015f5be593f8]
Event: 0.457 Thread 0x0000015f6d63e800  864       1       java.awt.Component::getParent_NoClientCode (5 bytes)
Event: 0.457 Thread 0x0000015f6d63e800 nmethod 864 0x0000015f5be59490 code [0x0000015f5be59640, 0x0000015f5be596f8]
Event: 0.457 Thread 0x0000015f6d63e800  865       3       java.util.ArrayList::get (15 bytes)
Event: 0.457 Thread 0x0000015f6d63e800 nmethod 865 0x0000015f54a5ac10 code [0x0000015f54a5ae40, 0x0000015f54a5b648]
Event: 0.457 Thread 0x0000015f6d63e800  866       3       java.util.Objects::checkIndex (7 bytes)
Event: 0.457 Thread 0x0000015f6d63e800 nmethod 866 0x0000015f54a5b910 code [0x0000015f54a5bb20, 0x0000015f54a5c188]
Event: 0.457 Thread 0x0000015f6d63e800  867       3       java.util.ArrayList::<init> (61 bytes)
Event: 0.458 Thread 0x0000015f6d63e800 nmethod 867 0x0000015f54a5c390 code [0x0000015f54a5c620, 0x0000015f54a5d198]
Event: 0.461 Thread 0x0000015f6d63e800  868       3       javax.swing.GroupLayout$Spring::constrain (7 bytes)
Event: 0.461 Thread 0x0000015f6d63e800 nmethod 868 0x0000015f54a5d590 code [0x0000015f54a5d740, 0x0000015f54a5d8f8]
Event: 0.461 Thread 0x0000015f6d63e800  869       3       java.awt.Component::getTreeLock (4 bytes)
Event: 0.461 Thread 0x0000015f6d63e800 nmethod 869 0x0000015f54a5d990 code [0x0000015f54a5db40, 0x0000015f54a5dc58]
Event: 0.463 Thread 0x0000015f6d63e800  870       3       java.lang.String::lastIndexOf (12 bytes)
Event: 0.463 Thread 0x0000015f6d63e800 nmethod 870 0x0000015f54a5dd10 code [0x0000015f54a5df00, 0x0000015f54a5e2f8]
Event: 0.464 Thread 0x0000015f6d82e000  871       4       java.lang.String::checkBoundsBeginEnd (60 bytes)
Event: 0.465 Thread 0x0000015f6d82e000 nmethod 871 0x0000015f5be59790 code [0x0000015f5be59920, 0x0000015f5be599b8]

GC Heap History (0 events):
No events

Deoptimization events (20 events):
Event: 0.139 Thread 0x0000015f4bc34000 Uncommon trap: trap_request=0xffffffc6 fr.pc=0x0000015f5be1dc94 relative=0x0000000000000074
Event: 0.139 Thread 0x0000015f4bc34000 Uncommon trap: reason=bimorphic_or_optimized_type_check action=maybe_recompile pc=0x0000015f5be1dc94 method=java.util.AbstractCollection.isEmpty()Z @ 1 c2
Event: 0.139 Thread 0x0000015f4bc34000 DEOPT PACKING pc=0x0000015f5be1dc94 sp=0x00000007d17fadf0
Event: 0.139 Thread 0x0000015f4bc34000 DEOPT UNPACKING pc=0x0000015f5436662f sp=0x00000007d17fad80 mode 2
Event: 0.140 Thread 0x0000015f4bc34000 Uncommon trap: trap_request=0xffffffc6 fr.pc=0x0000015f5be1dc94 relative=0x0000000000000074
Event: 0.140 Thread 0x0000015f4bc34000 Uncommon trap: reason=bimorphic_or_optimized_type_check action=maybe_recompile pc=0x0000015f5be1dc94 method=java.util.AbstractCollection.isEmpty()Z @ 1 c2
Event: 0.140 Thread 0x0000015f4bc34000 DEOPT PACKING pc=0x0000015f5be1dc94 sp=0x00000007d17fac20
Event: 0.140 Thread 0x0000015f4bc34000 DEOPT UNPACKING pc=0x0000015f5436662f sp=0x00000007d17fabb0 mode 2
Event: 0.140 Thread 0x0000015f4bc34000 Uncommon trap: trap_request=0xffffffc6 fr.pc=0x0000015f5be1dc94 relative=0x0000000000000074
Event: 0.140 Thread 0x0000015f4bc34000 Uncommon trap: reason=bimorphic_or_optimized_type_check action=maybe_recompile pc=0x0000015f5be1dc94 method=java.util.AbstractCollection.isEmpty()Z @ 1 c2
Event: 0.140 Thread 0x0000015f4bc34000 DEOPT PACKING pc=0x0000015f5be1dc94 sp=0x00000007d17fadf0
Event: 0.140 Thread 0x0000015f4bc34000 DEOPT UNPACKING pc=0x0000015f5436662f sp=0x00000007d17fad80 mode 2
Event: 0.229 Thread 0x0000015f4bc34000 Uncommon trap: trap_request=0xffffff4d fr.pc=0x0000015f5be1f554 relative=0x0000000000000b54
Event: 0.229 Thread 0x0000015f4bc34000 Uncommon trap: reason=unstable_if action=reinterpret pc=0x0000015f5be1f554 method=java.util.HashMap.putVal(ILjava/lang/Object;Ljava/lang/Object;ZZ)Ljava/lang/Object; @ 236 c2
Event: 0.229 Thread 0x0000015f4bc34000 DEOPT PACKING pc=0x0000015f5be1f554 sp=0x00000007d17fe0c0
Event: 0.229 Thread 0x0000015f4bc34000 DEOPT UNPACKING pc=0x0000015f5436662f sp=0x00000007d17fe068 mode 2
Event: 0.412 Thread 0x0000015f6dfc8000 Uncommon trap: trap_request=0xffffff4d fr.pc=0x0000015f5be50e90 relative=0x00000000000001d0
Event: 0.412 Thread 0x0000015f6dfc8000 Uncommon trap: reason=unstable_if action=reinterpret pc=0x0000015f5be50e90 method=java.util.HashMap.getNode(ILjava/lang/Object;)Ljava/util/HashMap$Node; @ 84 c2
Event: 0.412 Thread 0x0000015f6dfc8000 DEOPT PACKING pc=0x0000015f5be50e90 sp=0x00000007d2cfbf50
Event: 0.413 Thread 0x0000015f6dfc8000 DEOPT UNPACKING pc=0x0000015f5436662f sp=0x00000007d2cfbec0 mode 2

Classes redefined (0 events):
No events

Internal exceptions (20 events):
Event: 0.308 Thread 0x0000015f4bc34000 Exception <a 'java/lang/ClassNotFoundException'{0x00000005110fcba0}: Button> (0x00000005110fcba0) thrown at [./src/hotspot/share/classfile/systemDictionary.cpp, line 231]
Event: 0.308 Thread 0x0000015f4bc34000 Exception <a 'java/lang/ClassNotFoundException'{0x00000005110fd068}: ToolBar> (0x00000005110fd068) thrown at [./src/hotspot/share/classfile/systemDictionary.cpp, line 231]
Event: 0.308 Thread 0x0000015f4bc34000 Exception <a 'java/lang/ClassNotFoundException'{0x00000005110fd3d8}: ToggleButton> (0x00000005110fd3d8) thrown at [./src/hotspot/share/classfile/systemDictionary.cpp, line 231]
Event: 0.308 Thread 0x0000015f4bc34000 Exception <a 'java/lang/ClassNotFoundException'{0x00000005110fd818}: javax/swing/JToolBarSeparator> (0x00000005110fd818) thrown at [./src/hotspot/share/classfile/systemDictionary.cpp, line 231]
Event: 0.308 Thread 0x0000015f4bc34000 Exception <a 'java/lang/ClassNotFoundException'{0x00000005110fdb20}: ToolBarSeparator> (0x00000005110fdb20) thrown at [./src/hotspot/share/classfile/systemDictionary.cpp, line 231]
Event: 0.308 Thread 0x0000015f4bc34000 Exception <a 'java/lang/ClassNotFoundException'{0x00000005110fe038}: ToolTip> (0x00000005110fe038) thrown at [./src/hotspot/share/classfile/systemDictionary.cpp, line 231]
Event: 0.309 Thread 0x0000015f4bc34000 Exception <a 'java/lang/ClassNotFoundException'{0x00000005110fe990}: Tree> (0x00000005110fe990) thrown at [./src/hotspot/share/classfile/systemDictionary.cpp, line 231]
Event: 0.309 Thread 0x0000015f4bc34000 Exception <a 'java/lang/ClassNotFoundException'{0x00000005110fee88}: Tree> (0x00000005110fee88) thrown at [./src/hotspot/share/classfile/systemDictionary.cpp, line 231]
Event: 0.309 Thread 0x0000015f4bc34000 Exception <a 'java/lang/ClassNotFoundException'{0x00000005110ff1f8}: javax/swing/JTreeCell> (0x00000005110ff1f8) thrown at [./src/hotspot/share/classfile/systemDictionary.cpp, line 231]
Event: 0.309 Thread 0x0000015f4bc34000 Exception <a 'java/lang/ClassNotFoundException'{0x00000005110ff4f8}: TreeCell> (0x00000005110ff4f8) thrown at [./src/hotspot/share/classfile/systemDictionary.cpp, line 231]
Event: 0.309 Thread 0x0000015f4bc34000 Exception <a 'java/lang/ClassNotFoundException'{0x00000005110ffcc8}: RootPane> (0x00000005110ffcc8) thrown at [./src/hotspot/share/classfile/systemDictionary.cpp, line 231]
Event: 0.311 Thread 0x0000015f4bc34000 Exception <a 'java/lang/ClassNotFoundException'{0x0000000510f03080}: com/sun/swing/internal/plaf/metal/resources/spi/metalProvider> (0x0000000510f03080) thrown at [./src/hotspot/share/classfile/systemDictionary.cpp, line 231]
Event: 0.311 Thread 0x0000015f4bc34000 Exception <a 'java/lang/ClassNotFoundException'{0x0000000510f07900}: com/sun/swing/internal/plaf/basic/resources/spi/basicProvider> (0x0000000510f07900) thrown at [./src/hotspot/share/classfile/systemDictionary.cpp, line 231]
Event: 0.314 Thread 0x0000015f4bc34000 Exception <a 'java/lang/NoSuchMethodError'{0x0000000510f467e0}: 'java.lang.Object java.lang.invoke.DirectMethodHandle$Holder.invokeStatic(java.lang.Object, java.lang.Object, java.lang.Object, java.lang.Object, java.lang.Object, java.lang.Object, java.lang.Object, java.lang.Object, java.lang.Object, java.lang.Object, java.lang.Object, int)'> (0x0000000510f467e0) thrown at [./src/hotspot/share/interpreter/linkResolver.cpp, line 773]
Event: 0.315 Thread 0x0000015f4bc34000 Exception <a 'java/lang/NoSuchMethodError'{0x0000000510f646e0}: 'java.lang.Object java.lang.invoke.DirectMethodHandle$Holder.invokeStatic(java.lang.Object, java.lang.Object, java.lang.Object, java.lang.Object, java.lang.Object, java.lang.Object, java.lang.Object, java.lang.Object, java.lang.Object, java.lang.Object, java.lang.Object, int, int)'> (0x0000000510f646e0) thrown at [./src/hotspot/share/interpreter/linkResolver.cpp, line 773]
Event: 0.316 Thread 0x0000015f4bc34000 Exception <a 'java/lang/NoSuchMethodError'{0x0000000510f83708}: 'java.lang.Object java.lang.invoke.DirectMethodHandle$Holder.invokeStatic(java.lang.Object, java.lang.Object, java.lang.Object, java.lang.Object, java.lang.Object, java.lang.Object, java.lang.Object, java.lang.Object, java.lang.Object, java.lang.Object, java.lang.Object, int, int, java.lang.Object)'> (0x0000000510f83708) thrown at [./src/hotspot/share/interpreter/linkResolver.cpp, line 773]
Event: 0.318 Thread 0x0000015f4bc34000 Exception <a 'java/lang/NoSuchMethodError'{0x0000000510fa3b20}: 'java.lang.Object java.lang.invoke.DirectMethodHandle$Holder.invokeStatic(java.lang.Object, java.lang.Object, java.lang.Object, java.lang.Object, java.lang.Object, java.lang.Object, java.lang.Object, java.lang.Object, java.lang.Object, java.lang.Object, java.lang.Object, int, int, java.lang.Object, java.lang.Object)'> (0x0000000510fa3b20) thrown at [./src/hotspot/share/interpreter/linkResolver.cpp, line 773]
Event: 0.375 Thread 0x0000015f6dfc8000 Exception <a 'java/lang/ClassNotFoundException'{0x0000000510e06ec8}: com/sun/swing/internal/plaf/synth/resources/spi/synthProvider> (0x0000000510e06ec8) thrown at [./src/hotspot/share/classfile/systemDictionary.cpp, line 231]
Event: 0.431 Thread 0x0000015f6dfc8000 Exception <a 'java/lang/NoSuchMethodError'{0x0000000510d3de70}: 'void java.lang.invoke.DirectMethodHandle$Holder.invokeStaticInit(java.lang.Object)'> (0x0000000510d3de70) thrown at [./src/hotspot/share/interpreter/linkResolver.cpp, line 773]
Event: 0.436 Thread 0x0000015f6dfc8000 Exception <a 'java/lang/NoSuchMethodError'{0x0000000510d8ca80}: 'java.lang.Object java.lang.invoke.Invokers$Holder.linkToTargetMethod(java.lang.Object, int, java.lang.Object)'> (0x0000000510d8ca80) thrown at [./src/hotspot/share/interpreter/linkResolver.cpp, line 773]

Events (20 events):
Event: 0.463 Executing VM operation: RevokeBias done
Event: 0.463 Executing VM operation: RevokeBias
Event: 0.463 Executing VM operation: RevokeBias done
Event: 0.463 loading class java/lang/InterruptedException
Event: 0.463 loading class java/lang/InterruptedException done
Event: 0.463 loading class jssc/SerialPortTimeoutException
Event: 0.463 loading class jssc/SerialPortTimeoutException done
Event: 0.463 loading class jssc/SerialPort$EventThread
Event: 0.463 loading class jssc/SerialPort$EventThread done
Event: 0.463 Executing VM operation: RevokeBias
Event: 0.463 Executing VM operation: RevokeBias done
Event: 0.463 loading class jssc/SerialPort$LinuxEventThread
Event: 0.463 loading class jssc/SerialPort$LinuxEventThread done
Event: 0.464 loading class jssc/SerialNativeInterface
Event: 0.464 loading class jssc/SerialNativeInterface done
Event: 0.464 loading class java/io/Reader
Event: 0.464 loading class java/io/Reader done
Event: 0.464 loading class java/io/InputStreamReader
Event: 0.464 loading class java/io/InputStreamReader done
Event: 0.465 Loaded shared library C:\Users\Usuario\.jssc\windows\jSSC-2.8_x86_64.dll


Dynamic libraries:
0x00007ff7e5f40000 - 0x00007ff7e5f4d000 	C:\Program Files\AdoptOpenJDK\jdk-11.0.11.9-hotspot\bin\java.exe
0x00007ffb7dd90000 - 0x00007ffb7df88000 	C:\Windows\SYSTEM32\ntdll.dll
0x00007ffb47a60000 - 0x00007ffb47a79000 	C:\Program Files\Avast Software\Avast\aswhook.dll
0x00007ffb7dae0000 - 0x00007ffb7db9f000 	C:\Windows\System32\KERNEL32.DLL
0x00007ffb7ba00000 - 0x00007ffb7bcd2000 	C:\Windows\System32\KERNELBASE.dll
0x00007ffb7b520000 - 0x00007ffb7b620000 	C:\Windows\System32\ucrtbase.dll
0x00007ffb68e10000 - 0x00007ffb68e25000 	C:\Program Files\AdoptOpenJDK\jdk-11.0.11.9-hotspot\bin\VCRUNTIME140.dll
0x00007ffb49bc0000 - 0x00007ffb49bd7000 	C:\Program Files\AdoptOpenJDK\jdk-11.0.11.9-hotspot\bin\jli.dll
0x00007ffb7ccd0000 - 0x00007ffb7ce71000 	C:\Windows\System32\USER32.dll
0x00007ffb7b9d0000 - 0x00007ffb7b9f2000 	C:\Windows\System32\win32u.dll
0x00007ffb6b2f0000 - 0x00007ffb6b58a000 	C:\Windows\WinSxS\amd64_microsoft.windows.common-controls_6595b64144ccf1df_6.0.19041.1110_none_60b5254171f9507e\COMCTL32.dll
0x00007ffb7dc00000 - 0x00007ffb7dc2b000 	C:\Windows\System32\GDI32.dll
0x00007ffb7d700000 - 0x00007ffb7d79e000 	C:\Windows\System32\msvcrt.dll
0x00007ffb7b850000 - 0x00007ffb7b95f000 	C:\Windows\System32\gdi32full.dll
0x00007ffb7b650000 - 0x00007ffb7b6ed000 	C:\Windows\System32\msvcp_win.dll
0x00007ffb7dc30000 - 0x00007ffb7dc60000 	C:\Windows\System32\IMM32.DLL
0x00007ffb40910000 - 0x00007ffb409ab000 	C:\Program Files\AdoptOpenJDK\jdk-11.0.11.9-hotspot\bin\msvcp140.dll
0x00007ffb01820000 - 0x00007ffb0236b000 	C:\Program Files\AdoptOpenJDK\jdk-11.0.11.9-hotspot\bin\server\jvm.dll
0x00007ffb7d840000 - 0x00007ffb7d8ee000 	C:\Windows\System32\ADVAPI32.dll
0x00007ffb7cfb0000 - 0x00007ffb7d04c000 	C:\Windows\System32\sechost.dll
0x00007ffb7bf30000 - 0x00007ffb7c054000 	C:\Windows\System32\RPCRT4.dll
0x00007ffb7dad0000 - 0x00007ffb7dad8000 	C:\Windows\System32\PSAPI.DLL
0x00007ffb75ec0000 - 0x00007ffb75ee7000 	C:\Windows\SYSTEM32\WINMM.dll
0x00007ffb76560000 - 0x00007ffb7656a000 	C:\Windows\SYSTEM32\VERSION.dll
0x00007ffb751a0000 - 0x00007ffb751a9000 	C:\Windows\SYSTEM32\WSOCK32.dll
0x00007ffb7bec0000 - 0x00007ffb7bf2b000 	C:\Windows\System32\WS2_32.dll
0x00007ffb79310000 - 0x00007ffb79322000 	C:\Windows\SYSTEM32\kernel.appcore.dll
0x00007ffb74e10000 - 0x00007ffb74e20000 	C:\Program Files\AdoptOpenJDK\jdk-11.0.11.9-hotspot\bin\verify.dll
0x00007ffb753b0000 - 0x00007ffb75594000 	C:\Windows\SYSTEM32\DBGHELP.DLL
0x00007ffb72890000 - 0x00007ffb728c5000 	C:\Windows\SYSTEM32\dbgcore.DLL
0x00007ffb7b490000 - 0x00007ffb7b512000 	C:\Windows\System32\bcryptPrimitives.dll
0x00007ffb4b270000 - 0x00007ffb4b298000 	C:\Program Files\AdoptOpenJDK\jdk-11.0.11.9-hotspot\bin\java.dll
0x00007ffb6ccf0000 - 0x00007ffb6ccfa000 	C:\Program Files\AdoptOpenJDK\jdk-11.0.11.9-hotspot\bin\jimage.dll
0x00007ffb67380000 - 0x00007ffb67397000 	C:\Program Files\AdoptOpenJDK\jdk-11.0.11.9-hotspot\bin\zip.dll
0x00007ffb7c580000 - 0x00007ffb7ccc5000 	C:\Windows\System32\SHELL32.dll
0x00007ffb79510000 - 0x00007ffb79ca2000 	C:\Windows\SYSTEM32\windows.storage.dll
0x00007ffb7c0c0000 - 0x00007ffb7c415000 	C:\Windows\System32\combase.dll
0x00007ffb7aef0000 - 0x00007ffb7af20000 	C:\Windows\SYSTEM32\Wldp.dll
0x00007ffb7c420000 - 0x00007ffb7c4cd000 	C:\Windows\System32\SHCORE.dll
0x00007ffb7dba0000 - 0x00007ffb7dbf5000 	C:\Windows\System32\shlwapi.dll
0x00007ffb7b3d0000 - 0x00007ffb7b3ef000 	C:\Windows\SYSTEM32\profapi.dll
0x00007ffb67140000 - 0x00007ffb67159000 	C:\Program Files\AdoptOpenJDK\jdk-11.0.11.9-hotspot\bin\net.dll
0x00007ffb73850000 - 0x00007ffb7395a000 	C:\Windows\SYSTEM32\WINHTTP.dll
0x00007ffb7ac10000 - 0x00007ffb7ac7a000 	C:\Windows\system32\mswsock.dll
0x00007ffb67100000 - 0x00007ffb67112000 	C:\Program Files\AdoptOpenJDK\jdk-11.0.11.9-hotspot\bin\nio.dll
0x00007ffb35520000 - 0x00007ffb356b9000 	C:\Program Files\AdoptOpenJDK\jdk-11.0.11.9-hotspot\bin\awt.dll
0x00007ffb7dc80000 - 0x00007ffb7dd4d000 	C:\Windows\System32\OLEAUT32.dll
0x00007ffb78c60000 - 0x00007ffb78cf0000 	C:\Windows\SYSTEM32\apphelp.dll
0x00007ffb78da0000 - 0x00007ffb78e3e000 	C:\Windows\system32\uxtheme.dll
0x00007ffb7d8f0000 - 0x00007ffb7da04000 	C:\Windows\System32\MSCTF.dll
0x00007ffb7ce80000 - 0x00007ffb7cfaa000 	C:\Windows\System32\ole32.dll
0x00007ffb79020000 - 0x00007ffb7904f000 	C:\Windows\system32\DWMAPI.DLL
0x00007ffb40880000 - 0x00007ffb40905000 	C:\Program Files\AdoptOpenJDK\jdk-11.0.11.9-hotspot\bin\freetype.dll
0x00007ffb628f0000 - 0x00007ffb62902000 	C:\Program Files\AdoptOpenJDK\jdk-11.0.11.9-hotspot\bin\fontmanager.dll
0x00007ffb3e570000 - 0x00007ffb3e62c000 	C:\Program Files\AdoptOpenJDK\jdk-11.0.11.9-hotspot\bin\harfbuzz.dll
0x00007ffb37940000 - 0x00007ffb37a65000 	C:\Windows\system32\opengl32.dll
0x00007ffb6ccc0000 - 0x00007ffb6ccec000 	C:\Windows\SYSTEM32\GLU32.dll
0x00007ffb3b510000 - 0x00007ffb3b6de000 	C:\Windows\system32\d3d9.dll
0x00007ffb65790000 - 0x00007ffb65948000 	C:\Windows\System32\DriverStore\FileRepository\u0375185.inf_amd64_73f65969b9079bf6\B375122\aticfx64.dll
0x00007ffb48760000 - 0x00007ffb48794000 	C:\Windows\System32\DriverStore\FileRepository\u0375185.inf_amd64_73f65969b9079bf6\B375122\atiu9p64.dll
0x00007ffae6760000 - 0x00007ffae74b4000 	C:\Windows\System32\DriverStore\FileRepository\u0375185.inf_amd64_73f65969b9079bf6\B375122\atiumd64.dll
0x000000005a950000 - 0x000000005b7c3000 	C:\Windows\System32\DriverStore\FileRepository\u0375185.inf_amd64_73f65969b9079bf6\B375122\atiumd6a.dll
0x00007ffb7d290000 - 0x00007ffb7d6f8000 	C:\Windows\System32\SETUPAPI.dll
0x00007ffb7bce0000 - 0x00007ffb7bd2e000 	C:\Windows\System32\cfgmgr32.dll
0x00007ffb7b620000 - 0x00007ffb7b647000 	C:\Windows\System32\bcrypt.dll
0x00007ffb7aa30000 - 0x00007ffb7aa7b000 	C:\Windows\SYSTEM32\POWRPROF.dll
0x00007ffb7a8a0000 - 0x00007ffb7a8b2000 	C:\Windows\SYSTEM32\UMPDC.dll
0x00007ffb635f0000 - 0x00007ffb63620000 	C:\Windows\SYSTEM32\amdihk64.dll
0x00007ffb65cf0000 - 0x00007ffb65d2b000 	C:\Windows\SYSTEM32\dxcore.dll
0x00007ffb7c4d0000 - 0x00007ffb7c579000 	C:\Windows\System32\clbcatq.dll
0x00007ffb694e0000 - 0x00007ffb69694000 	C:\Windows\SYSTEM32\WindowsCodecs.dll
0x00007ffb62630000 - 0x00007ffb6266e000 	C:\Windows\system32\dataexchange.dll
0x00007ffb774d0000 - 0x00007ffb77733000 	C:\Windows\system32\d3d11.dll
0x00007ffb78160000 - 0x00007ffb78343000 	C:\Windows\system32\dcomp.dll
0x00007ffb79d10000 - 0x00007ffb79e03000 	C:\Windows\system32\dxgi.dll
0x00007ffb77030000 - 0x00007ffb77230000 	C:\Windows\system32\twinapi.appcore.dll
0x0000000071100000 - 0x0000000071125000 	C:\Users\Usuario\.jssc\windows\jSSC-2.8_x86_64.dll

dbghelp: loaded successfully - version: 4.0.5 - missing functions: none
symbol engine: initialized successfully - sym options: 0x614 - pdb path: .;C:\Program Files\AdoptOpenJDK\jdk-11.0.11.9-hotspot\bin;C:\Windows\SYSTEM32;C:\Program Files\Avast Software\Avast;C:\Windows\WinSxS\amd64_microsoft.windows.common-controls_6595b64144ccf1df_6.0.19041.1110_none_60b5254171f9507e;C:\Program Files\AdoptOpenJDK\jdk-11.0.11.9-hotspot\bin\server;C:\Windows\System32\DriverStore\FileRepository\u0375185.inf_amd64_73f65969b9079bf6\B375122;C:\Users\Usuario\.jssc\windows

VM Arguments:
jvm_args: -Dfile.encoding=UTF-8 --module-path=E:\arduino\cajeroAutomatico\cajeroAutomatico\build\classes 
java_command: cajeroautomatico.Inicio
java_class_path (initial): D:\cursos\java\Librerias\PanamaHitek_Arduino-3.0.0.jar;E:\arduino\cajeroAutomatico\cajeroAutomatico\build\classes
Launcher Type: SUN_STANDARD

[Global flags]
     intx CICompilerCount                          = 4                                         {product} {ergonomic}
     uint ConcGCThreads                            = 2                                         {product} {ergonomic}
     uint G1ConcRefinementThreads                  = 8                                         {product} {ergonomic}
   size_t G1HeapRegionSize                         = 1048576                                   {product} {ergonomic}
    uintx GCDrainStackTargetSize                   = 64                                        {product} {ergonomic}
   size_t InitialHeapSize                          = 192937984                                 {product} {ergonomic}
   size_t MarkStackSize                            = 4194304                                   {product} {ergonomic}
   size_t MaxHeapSize                              = 3068133376                                {product} {ergonomic}
   size_t MaxNewSize                               = 1840250880                                {product} {ergonomic}
   size_t MinHeapDeltaBytes                        = 1048576                                   {product} {ergonomic}
    uintx NonNMethodCodeHeapSize                   = 5836300                                {pd product} {ergonomic}
    uintx NonProfiledCodeHeapSize                  = 122910970                              {pd product} {ergonomic}
    uintx ProfiledCodeHeapSize                     = 122910970                              {pd product} {ergonomic}
    uintx ReservedCodeCacheSize                    = 251658240                              {pd product} {ergonomic}
     bool SegmentedCodeCache                       = true                                      {product} {ergonomic}
     bool UseCompressedClassPointers               = true                                 {lp64_product} {ergonomic}
     bool UseCompressedOops                        = true                                 {lp64_product} {ergonomic}
     bool UseG1GC                                  = true                                      {product} {ergonomic}
     bool UseLargePagesIndividualAllocation        = false                                  {pd product} {ergonomic}

Logging:
Log output configuration:
 #0: stdout all=warning uptime,level,tags
 #1: stderr all=off uptime,level,tags

Environment Variables:
JAVA_HOME=C:\Program Files\AdoptOpenJDK\jdk-11.0.11.9-hotspot
PATH=E:\descargas\Scripts\;E:\descargas\;C:\Program Files\Common Files\Oracle\Java\javapath;C:\Program Files (x86)\Common Files\Oracle\Java\javapath;C:\Program Files (x86)\VMware\VMware Workstation\bin\;C:\Program Files\AdoptOpenJDK\jdk-11.0.11.9-hotspot\bin;C:\Windows\system32;C:\Windows;C:\Windows\System32\Wbem;C:\Windows\System32\WindowsPowerShell\v1.0\;C:\Windows\System32\OpenSSH\;C:\Program Files\AdoptOpenJDK\jdk-11.0.11.9-hotspot\bin;C:\Program Files\Git\cmd;C:\Program Files\Microsoft SQL Server\Client SDK\ODBC\170\Tools\Binn\;C:\Program Files (x86)\Microsoft SQL Server\150\Tools\Binn\;C:\Program Files\Microsoft SQL Server\150\Tools\Binn\;C:\Program Files\Microsoft SQL Server\150\DTS\Binn\;C:\Program Files (x86)\Microsoft SQL Server\150\DTS\Binn\;C:\Program Files\Azure Data Studio\bin;D:\;D:\descargas\;C:\Program Files\Docker\Docker\resources\bin;C:\Users\Usuario\AppData\Local\Microsoft\WindowsApps;;C:\Program Files\Azure Data Studio\bin;D:\descargas\Microsoft VS Code\bin;C:\Users\Usuario\AppData\Roaming\npm
USERNAME=Usuario
OS=Windows_NT
PROCESSOR_IDENTIFIER=AMD64 Family 23 Model 96 Stepping 1, AuthenticAMD



---------------  S Y S T E M  ---------------

OS: Windows 10 , 64 bit Build 19041 (10.0.19041.2546)
OS uptime: 17 days 18:12 hours
Hyper-V role detected

CPU:total 8 (initial active 8) (8 cores per cpu, 1 threads per core) family 23 model 96 stepping 1 microcode 0x0, cmov, cx8, fxsr, mmx, sse, sse2, sse3, ssse3, sse4.1, sse4.2, popcnt, avx, avx2, aes, clmul, mmxext, 3dnowpref, lzcnt, sse4a, tsc, tscinvbit, tscinv, bmi1, bmi2, adx, sha, 

Memory: 4k page, system-wide physical 11696M (3924M free)
TotalPageFile size 15024M (AvailPageFile size 1890M)
current process WorkingSet (physical memory assigned to process): 88M, peak: 88M
current process commit charge ("private bytes"): 306M, peak: 306M

vm_info: OpenJDK 64-Bit Server VM (11.0.11+9) for windows-amd64 JRE (11.0.11+9), built on Apr 20 2021 21:22:09 by "" with MS VC++ 15.9 (VS2017)

END.
