#
# A fatal error has been detected by the Java Runtime Environment:
#
#  EXCEPTION_ACCESS_VIOLATION (0xc0000005) at pc=0x000000007110b5db, pid=14844, tid=20776
#
# JRE version: OpenJDK Runtime Environment AdoptOpenJDK-11.0.11+9 (11.0.11+9) (build 11.0.11+9)
# Java VM: OpenJDK 64-Bit Server VM AdoptOpenJDK-11.0.11+9 (11.0.11+9, mixed mode, tiered, compressed oops, g1 gc, windows-amd64)
# Problematic frame:
# C  [jSSC-2.8_x86_64.dll+0xb5db]
#
# No core dump will be written. Minidumps are not enabled by default on client versions of Windows
#
# If you would like to submit a bug report, please visit:
#   https://github.com/AdoptOpenJDK/openjdk-support/issues
# The crash happened outside the Java Virtual Machine in native code.
# See problematic frame for where to report the bug.
#

---------------  S U M M A R Y ------------

Command Line: -Dfile.encoding=UTF-8 --module-path=E:\arduino\cajeroAutomatico\cajeroAutomatico\build\classes cajeroautomatico.Inicio

Host: AMD Ryzen 7 4700U with Radeon Graphics         , 8 cores, 11G,  Windows 10 , 64 bit Build 19041 (10.0.19041.2546)
Time: Tue Apr  4 08:45:12 2023 Hora estándar central (México) elapsed time: 0.480625 seconds (0d 0h 0m 0s)

---------------  T H R E A D  ---------------

Current thread (0x000001e07c7dc800):  JavaThread "AWT-EventQueue-0" [_thread_in_native, id=20776, stack(0x000000b475e00000,0x000000b475f00000)]

Stack: [0x000000b475e00000,0x000000b475f00000],  sp=0x000000b475efd160,  free space=1012k
Native frames: (J=compiled Java code, j=interpreted, Vv=VM code, C=native code)
C  [jSSC-2.8_x86_64.dll+0xb5db]

Java frames: (J=compiled Java code, j=interpreted, Vv=VM code)
j  jssc.SerialNativeInterface.openPort(Ljava/lang/String;Z)J+0
j  jssc.SerialPort.openPort()Z+65
j  com.panamahitek.PanamaHitek_Arduino.arduinoRXTX(Ljava/lang/String;ILjssc/SerialPortEventListener;)V+58
j  cajeroautomatico.Inicio.<init>()V+44
j  cajeroautomatico.Inicio$3.run()V+4
j  java.awt.event.InvocationEvent.dispatch()V+47 java.desktop@11.0.11
j  java.awt.EventQueue.dispatchEventImpl(Ljava/awt/AWTEvent;Ljava/lang/Object;)V+21 java.desktop@11.0.11
j  java.awt.EventQueue$4.run()Ljava/lang/Void;+32 java.desktop@11.0.11
j  java.awt.EventQueue$4.run()Ljava/lang/Object;+1 java.desktop@11.0.11
v  ~StubRoutines::call_stub
j  java.security.AccessController.doPrivileged(Ljava/security/PrivilegedAction;Ljava/security/AccessControlContext;)Ljava/lang/Object;+0 java.base@11.0.11
j  java.security.ProtectionDomain$JavaSecurityAccessImpl.doIntersectionPrivilege(Ljava/security/PrivilegedAction;Ljava/security/AccessControlContext;Ljava/security/AccessControlContext;)Ljava/lang/Object;+18 java.base@11.0.11
j  java.awt.EventQueue.dispatchEvent(Ljava/awt/AWTEvent;)V+46 java.desktop@11.0.11
j  java.awt.EventDispatchThread.pumpOneEventForFilters(I)V+78 java.desktop@11.0.11
j  java.awt.EventDispatchThread.pumpEventsForFilter(ILjava/awt/Conditional;Ljava/awt/EventFilter;)V+35 java.desktop@11.0.11
j  java.awt.EventDispatchThread.pumpEventsForHierarchy(ILjava/awt/Conditional;Ljava/awt/Component;)V+11 java.desktop@11.0.11
j  java.awt.EventDispatchThread.pumpEvents(ILjava/awt/Conditional;)V+4 java.desktop@11.0.11
j  java.awt.EventDispatchThread.pumpEvents(Ljava/awt/Conditional;)V+3 java.desktop@11.0.11
j  java.awt.EventDispatchThread.run()V+9 java.desktop@11.0.11
v  ~StubRoutines::call_stub

siginfo: EXCEPTION_ACCESS_VIOLATION (0xc0000005), reading address 0x000000005865edf0


Register to memory mapping:

RIP=0x000000007110b5db jSSC-2.8_x86_64.dll
RAX=0x000000005865edf0 is an unknown value
RBX=0x000000b475efd1d0 is pointing into the stack for thread: 0x000001e07c7dc800
RCX=0x00007ffb7de2d2a4 ntdll.dll
RDX=0x0 is NULL
RSP=0x000000b475efd160 is pointing into the stack for thread: 0x000001e07c7dc800
RBP=0x000000b475efd2e0 is pointing into the stack for thread: 0x000001e07c7dc800
RSI=0x000001e07c7dcb48 points into unknown readable memory: 0x00007ffb0222ed40 | 40 ed 22 02 fb 7f 00 00
RDI=0x0000000000000ad0 is an unknown value
R8 =0x000000b475efd058 is pointing into the stack for thread: 0x000001e07c7dc800
R9 =0x000000b475efd150 is pointing into the stack for thread: 0x000001e07c7dc800
R10=0x0 is NULL
R11=0x0000000000000246 is an unknown value
R12=0x000000b475efd398 is pointing into the stack for thread: 0x000001e07c7dc800
R13=0x000001e07dcfd3c0 points into unknown readable memory: 0x00000000005a0025 | 25 00 5a 00 00 00 00 00
R14=0x000000b475efd290 is pointing into the stack for thread: 0x000001e07c7dc800
R15=0x000001e07c7dc800 is a thread


Registers:
RAX=0x000000005865edf0, RBX=0x000000b475efd1d0, RCX=0x00007ffb7de2d2a4, RDX=0x0000000000000000
RSP=0x000000b475efd160, RBP=0x000000b475efd2e0, RSI=0x000001e07c7dcb48, RDI=0x0000000000000ad0
R8 =0x000000b475efd058, R9 =0x000000b475efd150, R10=0x0000000000000000, R11=0x0000000000000246
R12=0x000000b475efd398, R13=0x000001e07dcfd3c0, R14=0x000000b475efd290, R15=0x000001e07c7dc800
RIP=0x000000007110b5db, EFLAGS=0x0000000000010202

Top of Stack: (sp=0x000000b475efd160)
0x000000b475efd160:   000001e07de89c20 000001e07dcfd2b0
0x000000b475efd170:   000000007110b230 000001e0582f0000
0x000000b475efd180:   000001e058290000 0000000000000004
0x000000b475efd190:   000001e07c7dcb48 0000000000000ad0
0x000000b475efd1a0:   000000b475efd2e0 0000000071112590
0x000000b475efd1b0:   000001e07c7dc800 000000b475efd290
0x000000b475efd1c0:   000001e07dcfd3c0 000000b475efd398
0x000000b475efd1d0:   000001e07dcfd3c0 00007ffb7ddb47b1
0x000000b475efd1e0:   000000b475efd210 000001e0582f0000
0x000000b475efd1f0:   000000b475efd2e0 0000000000000000
0x000000b475efd200:   0000000071113500 0000000071113be8
0x000000b475efd210:   000000b475efd240 0000000071112641
0x000000b475efd220:   000000b475efd1b0 000001e07c7dcb48
0x000000b475efd230:   0000000000000000 0000000000000000
0x000000b475efd240:   000000b475efd2e0 0000000071101595
0x000000b475efd250:   000000000000001c 000001e000000000 

Instructions: (pc=0x000000007110b5db)
0x000000007110b4db:   48 85 c0 74 bf 44 8b 03 45 85 c0 0f 84 77 ff ff
0x000000007110b4eb:   ff eb 9f 66 90 e8 8b fe ff ff 48 89 05 0c 34 01
0x000000007110b4fb:   00 eb ad 66 90 e8 7b fe ff ff 48 89 05 fc 33 01
0x000000007110b50b:   00 eb 8b e8 8d fe ff ff c7 03 01 00 00 00 e9 6f
0x000000007110b51b:   ff ff ff 66 90 55 48 89 e5 56 53 48 83 ec 20 48
0x000000007110b52b:   8b 05 d7 33 01 00 48 8b 31 48 89 cb 48 85 c0 74
0x000000007110b53b:   56 44 8b 18 45 85 db 78 42 48 8b 05 bd 33 01 00
0x000000007110b54b:   48 85 c0 74 50 44 8b 10 45 85 d2 74 1d 48 89 f1
0x000000007110b55b:   e8 d0 fd ff ff 48 8b 13 48 8d 42 40 48 8b 48 08
0x000000007110b56b:   48 8b 6a 40 48 8b 60 10 ff e1 48 8b 05 9c 33 01
0x000000007110b57b:   00 48 85 c0 74 2d 48 89 30 eb da e8 b5 fe ff ff
0x000000007110b58b:   0f 1f 44 00 00 eb b2 e8 e9 fd ff ff 48 89 05 6a
0x000000007110b59b:   33 01 00 eb 9c e8 db fd ff ff 48 89 05 5c 33 01
0x000000007110b5ab:   00 eb a2 e8 3d fd ff ff 48 89 05 5e 33 01 00 eb
0x000000007110b5bb:   c5 0f 1f 40 00 55 57 56 53 48 83 ec 28 48 8b 05
0x000000007110b5cb:   39 33 01 00 48 89 cb 48 85 c0 0f 84 c5 00 00 00
0x000000007110b5db:   8b 38 85 ff 0f 88 ab 00 00 00 48 8b 05 1c 33 01
0x000000007110b5eb:   00 48 85 c0 0f 84 bc 00 00 00 8b 30 85 f6 74 57
0x000000007110b5fb:   48 8b 05 0e 33 01 00 48 85 c0 0f 84 e5 00 00 00
0x000000007110b60b:   8b 28 48 8b 35 10 5e 01 00 ff d6 89 c7 89 e9 ff
0x000000007110b61b:   15 f4 5e 01 00 89 f9 48 89 c5 ff 15 b9 5e 01 00
0x000000007110b62b:   48 8b 05 de 32 01 00 48 89 2b 48 85 c0 74 46 48
0x000000007110b63b:   89 da 8b 08 ff 15 d7 5e 01 00 85 c0 74 27 48 83
0x000000007110b64b:   c4 28 5b 5e 5f 5d c3 48 8b 05 bf 32 01 00 48 85
0x000000007110b65b:   c0 74 64 48 8b 10 48 89 13 48 89 18 48 83 c4 28
0x000000007110b66b:   5b 5e 5f 5d c3 48 89 f2 48 83 c4 28 5b 5e 5f 5d
0x000000007110b67b:   48 ff e2 66 90 e8 8b fc ff ff 48 89 05 84 32 01
0x000000007110b68b:   00 eb ac 66 90 e8 ab fd ff ff e9 4b ff ff ff 66
0x000000007110b69b:   0f 1f 44 00 00 e8 db fc ff ff 48 89 05 5c 32 01
0x000000007110b6ab:   00 e9 2a ff ff ff e8 ca fc ff ff 48 89 05 4b 32
0x000000007110b6bb:   01 00 e9 33 ff ff ff e8 29 fc ff ff 48 89 05 4a
0x000000007110b6cb:   32 01 00 48 8b 10 48 85 c0 48 89 13 75 8b e8 12 


Stack slot to memory mapping:
stack at sp + 0 slots: 0x000001e07de89c20 points into unknown readable memory: 0x0000000000000000 | 00 00 00 00 00 00 00 00
stack at sp + 1 slots: 0x000001e07dcfd2b0 points into unknown readable memory: 0x000001e07c5ece50 | 50 ce 5e 7c e0 01 00 00
stack at sp + 2 slots: 0x000000007110b230 jSSC-2.8_x86_64.dll
stack at sp + 3 slots: 0x000001e0582f0000 points into unknown readable memory: 0x0000000000000000 | 00 00 00 00 00 00 00 00
stack at sp + 4 slots: 0x000001e058290000 points into unknown readable memory: 0x0000000000000000 | 00 00 00 00 00 00 00 00
stack at sp + 5 slots: 0x0000000000000004 is an unknown value
stack at sp + 6 slots: 0x000001e07c7dcb48 points into unknown readable memory: 0x00007ffb0222ed40 | 40 ed 22 02 fb 7f 00 00
stack at sp + 7 slots: 0x0000000000000ad0 is an unknown value


---------------  P R O C E S S  ---------------

Threads class SMR info:
_java_thread_list=0x000001e07c5f8d90, length=15, elements={
0x000001e07b6a0800, 0x000001e07bed1000, 0x000001e07bf23800, 0x000001e07bf24800,
0x000001e07bf26800, 0x000001e07bf2b000, 0x000001e07bf30000, 0x000001e07bf32000,
0x000001e07b659800, 0x000001e07c10b800, 0x000001e07c782800, 0x000001e07c783800,
0x000001e07c76a800, 0x000001e07c7dc800, 0x000001e058531000
}

Java Threads: ( => current thread )
  0x000001e07b6a0800 JavaThread "Reference Handler" daemon [_thread_blocked, id=13236, stack(0x000000b475000000,0x000000b475100000)]
  0x000001e07bed1000 JavaThread "Finalizer" daemon [_thread_blocked, id=6500, stack(0x000000b475100000,0x000000b475200000)]
  0x000001e07bf23800 JavaThread "Signal Dispatcher" daemon [_thread_blocked, id=15308, stack(0x000000b475200000,0x000000b475300000)]
  0x000001e07bf24800 JavaThread "Attach Listener" daemon [_thread_blocked, id=15068, stack(0x000000b475300000,0x000000b475400000)]
  0x000001e07bf26800 JavaThread "Service Thread" daemon [_thread_blocked, id=23252, stack(0x000000b475400000,0x000000b475500000)]
  0x000001e07bf2b000 JavaThread "C2 CompilerThread0" daemon [_thread_blocked, id=20948, stack(0x000000b475500000,0x000000b475600000)]
  0x000001e07bf30000 JavaThread "C1 CompilerThread0" daemon [_thread_blocked, id=19820, stack(0x000000b475600000,0x000000b475700000)]
  0x000001e07bf32000 JavaThread "Sweeper thread" daemon [_thread_blocked, id=13584, stack(0x000000b475700000,0x000000b475800000)]
  0x000001e07b659800 JavaThread "Common-Cleaner" daemon [_thread_blocked, id=20984, stack(0x000000b475800000,0x000000b475900000)]
  0x000001e07c10b800 JavaThread "C2 CompilerThread1" daemon [_thread_blocked, id=5560, stack(0x000000b475900000,0x000000b475a00000)]
  0x000001e07c782800 JavaThread "Java2D Disposer" daemon [_thread_blocked, id=7424, stack(0x000000b475b00000,0x000000b475c00000)]
  0x000001e07c783800 JavaThread "AWT-Shutdown" [_thread_blocked, id=8484, stack(0x000000b475c00000,0x000000b475d00000)]
  0x000001e07c76a800 JavaThread "AWT-Windows" daemon [_thread_in_native, id=21328, stack(0x000000b475d00000,0x000000b475e00000)]
=>0x000001e07c7dc800 JavaThread "AWT-EventQueue-0" [_thread_in_native, id=20776, stack(0x000000b475e00000,0x000000b475f00000)]
  0x000001e058531000 JavaThread "DestroyJavaVM" [_thread_blocked, id=21800, stack(0x000000b474900000,0x000000b474a00000)]

Other Threads:
  0x000001e07b69e000 VMThread "VM Thread" [stack: 0x000000b474f00000,0x000000b475000000] [id=12912]
  0x000001e07c1ab000 WatcherThread [stack: 0x000000b475a00000,0x000000b475b00000] [id=2308]
  0x000001e058549000 GCTaskThread "GC Thread#0" [stack: 0x000000b474a00000,0x000000b474b00000] [id=18612]
  0x000001e05858e800 ConcurrentGCThread "G1 Main Marker" [stack: 0x000000b474b00000,0x000000b474c00000] [id=8464]
  0x000001e058591800 ConcurrentGCThread "G1 Conc#0" [stack: 0x000000b474c00000,0x000000b474d00000] [id=14420]
  0x000001e05860e800 ConcurrentGCThread "G1 Refine#0" [stack: 0x000000b474d00000,0x000000b474e00000] [id=1056]
  0x000001e07b506800 ConcurrentGCThread "G1 Young RemSet Sampling" [stack: 0x000000b474e00000,0x000000b474f00000] [id=4664]

Threads with active compile tasks:

VM state:not at safepoint (normal execution)

VM Mutex/Monitor currently owned by a thread: None

Heap address: 0x0000000749200000, size: 2926 MB, Compressed Oops mode: Zero based, Oop shift amount: 3
Narrow klass base: 0x0000000800000000, Narrow klass shift: 0
Compressed class space size: 1073741824 Address: 0x0000000800000000

Heap:
 garbage-first heap   total 188416K, used 10240K [0x0000000749200000, 0x0000000800000000)
  region size 1024K, 11 young (11264K), 0 survivors (0K)
 Metaspace       used 15601K, capacity 16008K, committed 16128K, reserved 1062912K
  class space    used 1771K, capacity 1983K, committed 2048K, reserved 1048576K
Heap Regions: E=young(eden), S=young(survivor), O=old, HS=humongous(starts), HC=humongous(continues), CS=collection set, F=free, A=archive, TAMS=top-at-mark-start (previous, next)
|   0|0x0000000749200000, 0x0000000749200000, 0x0000000749300000|  0%| F|  |TAMS 0x0000000749200000, 0x0000000749200000| Untracked 
|   1|0x0000000749300000, 0x0000000749300000, 0x0000000749400000|  0%| F|  |TAMS 0x0000000749300000, 0x0000000749300000| Untracked 
|   2|0x0000000749400000, 0x0000000749400000, 0x0000000749500000|  0%| F|  |TAMS 0x0000000749400000, 0x0000000749400000| Untracked 
|   3|0x0000000749500000, 0x0000000749500000, 0x0000000749600000|  0%| F|  |TAMS 0x0000000749500000, 0x0000000749500000| Untracked 
|   4|0x0000000749600000, 0x0000000749600000, 0x0000000749700000|  0%| F|  |TAMS 0x0000000749600000, 0x0000000749600000| Untracked 
|   5|0x0000000749700000, 0x0000000749700000, 0x0000000749800000|  0%| F|  |TAMS 0x0000000749700000, 0x0000000749700000| Untracked 
|   6|0x0000000749800000, 0x0000000749800000, 0x0000000749900000|  0%| F|  |TAMS 0x0000000749800000, 0x0000000749800000| Untracked 
|   7|0x0000000749900000, 0x0000000749900000, 0x0000000749a00000|  0%| F|  |TAMS 0x0000000749900000, 0x0000000749900000| Untracked 
|   8|0x0000000749a00000, 0x0000000749a00000, 0x0000000749b00000|  0%| F|  |TAMS 0x0000000749a00000, 0x0000000749a00000| Untracked 
|   9|0x0000000749b00000, 0x0000000749b00000, 0x0000000749c00000|  0%| F|  |TAMS 0x0000000749b00000, 0x0000000749b00000| Untracked 
|  10|0x0000000749c00000, 0x0000000749c00000, 0x0000000749d00000|  0%| F|  |TAMS 0x0000000749c00000, 0x0000000749c00000| Untracked 
|  11|0x0000000749d00000, 0x0000000749d00000, 0x0000000749e00000|  0%| F|  |TAMS 0x0000000749d00000, 0x0000000749d00000| Untracked 
|  12|0x0000000749e00000, 0x0000000749e00000, 0x0000000749f00000|  0%| F|  |TAMS 0x0000000749e00000, 0x0000000749e00000| Untracked 
|  13|0x0000000749f00000, 0x0000000749f00000, 0x000000074a000000|  0%| F|  |TAMS 0x0000000749f00000, 0x0000000749f00000| Untracked 
|  14|0x000000074a000000, 0x000000074a000000, 0x000000074a100000|  0%| F|  |TAMS 0x000000074a000000, 0x000000074a000000| Untracked 
|  15|0x000000074a100000, 0x000000074a100000, 0x000000074a200000|  0%| F|  |TAMS 0x000000074a100000, 0x000000074a100000| Untracked 
|  16|0x000000074a200000, 0x000000074a200000, 0x000000074a300000|  0%| F|  |TAMS 0x000000074a200000, 0x000000074a200000| Untracked 
|  17|0x000000074a300000, 0x000000074a300000, 0x000000074a400000|  0%| F|  |TAMS 0x000000074a300000, 0x000000074a300000| Untracked 
|  18|0x000000074a400000, 0x000000074a400000, 0x000000074a500000|  0%| F|  |TAMS 0x000000074a400000, 0x000000074a400000| Untracked 
|  19|0x000000074a500000, 0x000000074a500000, 0x000000074a600000|  0%| F|  |TAMS 0x000000074a500000, 0x000000074a500000| Untracked 
|  20|0x000000074a600000, 0x000000074a600000, 0x000000074a700000|  0%| F|  |TAMS 0x000000074a600000, 0x000000074a600000| Untracked 
|  21|0x000000074a700000, 0x000000074a700000, 0x000000074a800000|  0%| F|  |TAMS 0x000000074a700000, 0x000000074a700000| Untracked 
|  22|0x000000074a800000, 0x000000074a800000, 0x000000074a900000|  0%| F|  |TAMS 0x000000074a800000, 0x000000074a800000| Untracked 
|  23|0x000000074a900000, 0x000000074a900000, 0x000000074aa00000|  0%| F|  |TAMS 0x000000074a900000, 0x000000074a900000| Untracked 
|  24|0x000000074aa00000, 0x000000074aa00000, 0x000000074ab00000|  0%| F|  |TAMS 0x000000074aa00000, 0x000000074aa00000| Untracked 
|  25|0x000000074ab00000, 0x000000074ab00000, 0x000000074ac00000|  0%| F|  |TAMS 0x000000074ab00000, 0x000000074ab00000| Untracked 
|  26|0x000000074ac00000, 0x000000074ac00000, 0x000000074ad00000|  0%| F|  |TAMS 0x000000074ac00000, 0x000000074ac00000| Untracked 
|  27|0x000000074ad00000, 0x000000074ad00000, 0x000000074ae00000|  0%| F|  |TAMS 0x000000074ad00000, 0x000000074ad00000| Untracked 
|  28|0x000000074ae00000, 0x000000074ae00000, 0x000000074af00000|  0%| F|  |TAMS 0x000000074ae00000, 0x000000074ae00000| Untracked 
|  29|0x000000074af00000, 0x000000074af00000, 0x000000074b000000|  0%| F|  |TAMS 0x000000074af00000, 0x000000074af00000| Untracked 
|  30|0x000000074b000000, 0x000000074b000000, 0x000000074b100000|  0%| F|  |TAMS 0x000000074b000000, 0x000000074b000000| Untracked 
|  31|0x000000074b100000, 0x000000074b100000, 0x000000074b200000|  0%| F|  |TAMS 0x000000074b100000, 0x000000074b100000| Untracked 
|  32|0x000000074b200000, 0x000000074b200000, 0x000000074b300000|  0%| F|  |TAMS 0x000000074b200000, 0x000000074b200000| Untracked 
|  33|0x000000074b300000, 0x000000074b300000, 0x000000074b400000|  0%| F|  |TAMS 0x000000074b300000, 0x000000074b300000| Untracked 
|  34|0x000000074b400000, 0x000000074b400000, 0x000000074b500000|  0%| F|  |TAMS 0x000000074b400000, 0x000000074b400000| Untracked 
|  35|0x000000074b500000, 0x000000074b500000, 0x000000074b600000|  0%| F|  |TAMS 0x000000074b500000, 0x000000074b500000| Untracked 
|  36|0x000000074b600000, 0x000000074b600000, 0x000000074b700000|  0%| F|  |TAMS 0x000000074b600000, 0x000000074b600000| Untracked 
|  37|0x000000074b700000, 0x000000074b700000, 0x000000074b800000|  0%| F|  |TAMS 0x000000074b700000, 0x000000074b700000| Untracked 
|  38|0x000000074b800000, 0x000000074b800000, 0x000000074b900000|  0%| F|  |TAMS 0x000000074b800000, 0x000000074b800000| Untracked 
|  39|0x000000074b900000, 0x000000074b900000, 0x000000074ba00000|  0%| F|  |TAMS 0x000000074b900000, 0x000000074b900000| Untracked 
|  40|0x000000074ba00000, 0x000000074ba00000, 0x000000074bb00000|  0%| F|  |TAMS 0x000000074ba00000, 0x000000074ba00000| Untracked 
|  41|0x000000074bb00000, 0x000000074bb00000, 0x000000074bc00000|  0%| F|  |TAMS 0x000000074bb00000, 0x000000074bb00000| Untracked 
|  42|0x000000074bc00000, 0x000000074bc00000, 0x000000074bd00000|  0%| F|  |TAMS 0x000000074bc00000, 0x000000074bc00000| Untracked 
|  43|0x000000074bd00000, 0x000000074bd00000, 0x000000074be00000|  0%| F|  |TAMS 0x000000074bd00000, 0x000000074bd00000| Untracked 
|  44|0x000000074be00000, 0x000000074be00000, 0x000000074bf00000|  0%| F|  |TAMS 0x000000074be00000, 0x000000074be00000| Untracked 
|  45|0x000000074bf00000, 0x000000074bf00000, 0x000000074c000000|  0%| F|  |TAMS 0x000000074bf00000, 0x000000074bf00000| Untracked 
|  46|0x000000074c000000, 0x000000074c000000, 0x000000074c100000|  0%| F|  |TAMS 0x000000074c000000, 0x000000074c000000| Untracked 
|  47|0x000000074c100000, 0x000000074c100000, 0x000000074c200000|  0%| F|  |TAMS 0x000000074c100000, 0x000000074c100000| Untracked 
|  48|0x000000074c200000, 0x000000074c200000, 0x000000074c300000|  0%| F|  |TAMS 0x000000074c200000, 0x000000074c200000| Untracked 
|  49|0x000000074c300000, 0x000000074c300000, 0x000000074c400000|  0%| F|  |TAMS 0x000000074c300000, 0x000000074c300000| Untracked 
|  50|0x000000074c400000, 0x000000074c400000, 0x000000074c500000|  0%| F|  |TAMS 0x000000074c400000, 0x000000074c400000| Untracked 
|  51|0x000000074c500000, 0x000000074c500000, 0x000000074c600000|  0%| F|  |TAMS 0x000000074c500000, 0x000000074c500000| Untracked 
|  52|0x000000074c600000, 0x000000074c600000, 0x000000074c700000|  0%| F|  |TAMS 0x000000074c600000, 0x000000074c600000| Untracked 
|  53|0x000000074c700000, 0x000000074c700000, 0x000000074c800000|  0%| F|  |TAMS 0x000000074c700000, 0x000000074c700000| Untracked 
|  54|0x000000074c800000, 0x000000074c800000, 0x000000074c900000|  0%| F|  |TAMS 0x000000074c800000, 0x000000074c800000| Untracked 
|  55|0x000000074c900000, 0x000000074c900000, 0x000000074ca00000|  0%| F|  |TAMS 0x000000074c900000, 0x000000074c900000| Untracked 
|  56|0x000000074ca00000, 0x000000074ca00000, 0x000000074cb00000|  0%| F|  |TAMS 0x000000074ca00000, 0x000000074ca00000| Untracked 
|  57|0x000000074cb00000, 0x000000074cb00000, 0x000000074cc00000|  0%| F|  |TAMS 0x000000074cb00000, 0x000000074cb00000| Untracked 
|  58|0x000000074cc00000, 0x000000074cc00000, 0x000000074cd00000|  0%| F|  |TAMS 0x000000074cc00000, 0x000000074cc00000| Untracked 
|  59|0x000000074cd00000, 0x000000074cd00000, 0x000000074ce00000|  0%| F|  |TAMS 0x000000074cd00000, 0x000000074cd00000| Untracked 
|  60|0x000000074ce00000, 0x000000074ce00000, 0x000000074cf00000|  0%| F|  |TAMS 0x000000074ce00000, 0x000000074ce00000| Untracked 
|  61|0x000000074cf00000, 0x000000074cf00000, 0x000000074d000000|  0%| F|  |TAMS 0x000000074cf00000, 0x000000074cf00000| Untracked 
|  62|0x000000074d000000, 0x000000074d000000, 0x000000074d100000|  0%| F|  |TAMS 0x000000074d000000, 0x000000074d000000| Untracked 
|  63|0x000000074d100000, 0x000000074d100000, 0x000000074d200000|  0%| F|  |TAMS 0x000000074d100000, 0x000000074d100000| Untracked 
|  64|0x000000074d200000, 0x000000074d200000, 0x000000074d300000|  0%| F|  |TAMS 0x000000074d200000, 0x000000074d200000| Untracked 
|  65|0x000000074d300000, 0x000000074d300000, 0x000000074d400000|  0%| F|  |TAMS 0x000000074d300000, 0x000000074d300000| Untracked 
|  66|0x000000074d400000, 0x000000074d400000, 0x000000074d500000|  0%| F|  |TAMS 0x000000074d400000, 0x000000074d400000| Untracked 
|  67|0x000000074d500000, 0x000000074d500000, 0x000000074d600000|  0%| F|  |TAMS 0x000000074d500000, 0x000000074d500000| Untracked 
|  68|0x000000074d600000, 0x000000074d600000, 0x000000074d700000|  0%| F|  |TAMS 0x000000074d600000, 0x000000074d600000| Untracked 
|  69|0x000000074d700000, 0x000000074d700000, 0x000000074d800000|  0%| F|  |TAMS 0x000000074d700000, 0x000000074d700000| Untracked 
|  70|0x000000074d800000, 0x000000074d800000, 0x000000074d900000|  0%| F|  |TAMS 0x000000074d800000, 0x000000074d800000| Untracked 
|  71|0x000000074d900000, 0x000000074d900000, 0x000000074da00000|  0%| F|  |TAMS 0x000000074d900000, 0x000000074d900000| Untracked 
|  72|0x000000074da00000, 0x000000074da00000, 0x000000074db00000|  0%| F|  |TAMS 0x000000074da00000, 0x000000074da00000| Untracked 
|  73|0x000000074db00000, 0x000000074db00000, 0x000000074dc00000|  0%| F|  |TAMS 0x000000074db00000, 0x000000074db00000| Untracked 
|  74|0x000000074dc00000, 0x000000074dc00000, 0x000000074dd00000|  0%| F|  |TAMS 0x000000074dc00000, 0x000000074dc00000| Untracked 
|  75|0x000000074dd00000, 0x000000074dd00000, 0x000000074de00000|  0%| F|  |TAMS 0x000000074dd00000, 0x000000074dd00000| Untracked 
|  76|0x000000074de00000, 0x000000074de00000, 0x000000074df00000|  0%| F|  |TAMS 0x000000074de00000, 0x000000074de00000| Untracked 
|  77|0x000000074df00000, 0x000000074df00000, 0x000000074e000000|  0%| F|  |TAMS 0x000000074df00000, 0x000000074df00000| Untracked 
|  78|0x000000074e000000, 0x000000074e000000, 0x000000074e100000|  0%| F|  |TAMS 0x000000074e000000, 0x000000074e000000| Untracked 
|  79|0x000000074e100000, 0x000000074e100000, 0x000000074e200000|  0%| F|  |TAMS 0x000000074e100000, 0x000000074e100000| Untracked 
|  80|0x000000074e200000, 0x000000074e200000, 0x000000074e300000|  0%| F|  |TAMS 0x000000074e200000, 0x000000074e200000| Untracked 
|  81|0x000000074e300000, 0x000000074e300000, 0x000000074e400000|  0%| F|  |TAMS 0x000000074e300000, 0x000000074e300000| Untracked 
|  82|0x000000074e400000, 0x000000074e400000, 0x000000074e500000|  0%| F|  |TAMS 0x000000074e400000, 0x000000074e400000| Untracked 
|  83|0x000000074e500000, 0x000000074e500000, 0x000000074e600000|  0%| F|  |TAMS 0x000000074e500000, 0x000000074e500000| Untracked 
|  84|0x000000074e600000, 0x000000074e600000, 0x000000074e700000|  0%| F|  |TAMS 0x000000074e600000, 0x000000074e600000| Untracked 
|  85|0x000000074e700000, 0x000000074e700000, 0x000000074e800000|  0%| F|  |TAMS 0x000000074e700000, 0x000000074e700000| Untracked 
|  86|0x000000074e800000, 0x000000074e800000, 0x000000074e900000|  0%| F|  |TAMS 0x000000074e800000, 0x000000074e800000| Untracked 
|  87|0x000000074e900000, 0x000000074e900000, 0x000000074ea00000|  0%| F|  |TAMS 0x000000074e900000, 0x000000074e900000| Untracked 
|  88|0x000000074ea00000, 0x000000074ea00000, 0x000000074eb00000|  0%| F|  |TAMS 0x000000074ea00000, 0x000000074ea00000| Untracked 
|  89|0x000000074eb00000, 0x000000074eb00000, 0x000000074ec00000|  0%| F|  |TAMS 0x000000074eb00000, 0x000000074eb00000| Untracked 
|  90|0x000000074ec00000, 0x000000074ec00000, 0x000000074ed00000|  0%| F|  |TAMS 0x000000074ec00000, 0x000000074ec00000| Untracked 
|  91|0x000000074ed00000, 0x000000074ed00000, 0x000000074ee00000|  0%| F|  |TAMS 0x000000074ed00000, 0x000000074ed00000| Untracked 
|  92|0x000000074ee00000, 0x000000074ee00000, 0x000000074ef00000|  0%| F|  |TAMS 0x000000074ee00000, 0x000000074ee00000| Untracked 
|  93|0x000000074ef00000, 0x000000074ef00000, 0x000000074f000000|  0%| F|  |TAMS 0x000000074ef00000, 0x000000074ef00000| Untracked 
|  94|0x000000074f000000, 0x000000074f000000, 0x000000074f100000|  0%| F|  |TAMS 0x000000074f000000, 0x000000074f000000| Untracked 
|  95|0x000000074f100000, 0x000000074f100000, 0x000000074f200000|  0%| F|  |TAMS 0x000000074f100000, 0x000000074f100000| Untracked 
|  96|0x000000074f200000, 0x000000074f200000, 0x000000074f300000|  0%| F|  |TAMS 0x000000074f200000, 0x000000074f200000| Untracked 
|  97|0x000000074f300000, 0x000000074f300000, 0x000000074f400000|  0%| F|  |TAMS 0x000000074f300000, 0x000000074f300000| Untracked 
|  98|0x000000074f400000, 0x000000074f400000, 0x000000074f500000|  0%| F|  |TAMS 0x000000074f400000, 0x000000074f400000| Untracked 
|  99|0x000000074f500000, 0x000000074f500000, 0x000000074f600000|  0%| F|  |TAMS 0x000000074f500000, 0x000000074f500000| Untracked 
| 100|0x000000074f600000, 0x000000074f600000, 0x000000074f700000|  0%| F|  |TAMS 0x000000074f600000, 0x000000074f600000| Untracked 
| 101|0x000000074f700000, 0x000000074f700000, 0x000000074f800000|  0%| F|  |TAMS 0x000000074f700000, 0x000000074f700000| Untracked 
| 102|0x000000074f800000, 0x000000074f800000, 0x000000074f900000|  0%| F|  |TAMS 0x000000074f800000, 0x000000074f800000| Untracked 
| 103|0x000000074f900000, 0x000000074f900000, 0x000000074fa00000|  0%| F|  |TAMS 0x000000074f900000, 0x000000074f900000| Untracked 
| 104|0x000000074fa00000, 0x000000074fa00000, 0x000000074fb00000|  0%| F|  |TAMS 0x000000074fa00000, 0x000000074fa00000| Untracked 
| 105|0x000000074fb00000, 0x000000074fb00000, 0x000000074fc00000|  0%| F|  |TAMS 0x000000074fb00000, 0x000000074fb00000| Untracked 
| 106|0x000000074fc00000, 0x000000074fc00000, 0x000000074fd00000|  0%| F|  |TAMS 0x000000074fc00000, 0x000000074fc00000| Untracked 
| 107|0x000000074fd00000, 0x000000074fd00000, 0x000000074fe00000|  0%| F|  |TAMS 0x000000074fd00000, 0x000000074fd00000| Untracked 
| 108|0x000000074fe00000, 0x000000074fe00000, 0x000000074ff00000|  0%| F|  |TAMS 0x000000074fe00000, 0x000000074fe00000| Untracked 
| 109|0x000000074ff00000, 0x000000074ff00000, 0x0000000750000000|  0%| F|  |TAMS 0x000000074ff00000, 0x000000074ff00000| Untracked 
| 110|0x0000000750000000, 0x0000000750000000, 0x0000000750100000|  0%| F|  |TAMS 0x0000000750000000, 0x0000000750000000| Untracked 
| 111|0x0000000750100000, 0x0000000750100000, 0x0000000750200000|  0%| F|  |TAMS 0x0000000750100000, 0x0000000750100000| Untracked 
| 112|0x0000000750200000, 0x0000000750200000, 0x0000000750300000|  0%| F|  |TAMS 0x0000000750200000, 0x0000000750200000| Untracked 
| 113|0x0000000750300000, 0x0000000750300000, 0x0000000750400000|  0%| F|  |TAMS 0x0000000750300000, 0x0000000750300000| Untracked 
| 114|0x0000000750400000, 0x0000000750400000, 0x0000000750500000|  0%| F|  |TAMS 0x0000000750400000, 0x0000000750400000| Untracked 
| 115|0x0000000750500000, 0x0000000750500000, 0x0000000750600000|  0%| F|  |TAMS 0x0000000750500000, 0x0000000750500000| Untracked 
| 116|0x0000000750600000, 0x0000000750600000, 0x0000000750700000|  0%| F|  |TAMS 0x0000000750600000, 0x0000000750600000| Untracked 
| 117|0x0000000750700000, 0x0000000750700000, 0x0000000750800000|  0%| F|  |TAMS 0x0000000750700000, 0x0000000750700000| Untracked 
| 118|0x0000000750800000, 0x0000000750800000, 0x0000000750900000|  0%| F|  |TAMS 0x0000000750800000, 0x0000000750800000| Untracked 
| 119|0x0000000750900000, 0x0000000750900000, 0x0000000750a00000|  0%| F|  |TAMS 0x0000000750900000, 0x0000000750900000| Untracked 
| 120|0x0000000750a00000, 0x0000000750a00000, 0x0000000750b00000|  0%| F|  |TAMS 0x0000000750a00000, 0x0000000750a00000| Untracked 
| 121|0x0000000750b00000, 0x0000000750b00000, 0x0000000750c00000|  0%| F|  |TAMS 0x0000000750b00000, 0x0000000750b00000| Untracked 
| 122|0x0000000750c00000, 0x0000000750c00000, 0x0000000750d00000|  0%| F|  |TAMS 0x0000000750c00000, 0x0000000750c00000| Untracked 
| 123|0x0000000750d00000, 0x0000000750d00000, 0x0000000750e00000|  0%| F|  |TAMS 0x0000000750d00000, 0x0000000750d00000| Untracked 
| 124|0x0000000750e00000, 0x0000000750e00000, 0x0000000750f00000|  0%| F|  |TAMS 0x0000000750e00000, 0x0000000750e00000| Untracked 
| 125|0x0000000750f00000, 0x0000000750f00000, 0x0000000751000000|  0%| F|  |TAMS 0x0000000750f00000, 0x0000000750f00000| Untracked 
| 126|0x0000000751000000, 0x0000000751000000, 0x0000000751100000|  0%| F|  |TAMS 0x0000000751000000, 0x0000000751000000| Untracked 
| 127|0x0000000751100000, 0x0000000751100000, 0x0000000751200000|  0%| F|  |TAMS 0x0000000751100000, 0x0000000751100000| Untracked 
| 128|0x0000000751200000, 0x0000000751200000, 0x0000000751300000|  0%| F|  |TAMS 0x0000000751200000, 0x0000000751200000| Untracked 
| 129|0x0000000751300000, 0x0000000751300000, 0x0000000751400000|  0%| F|  |TAMS 0x0000000751300000, 0x0000000751300000| Untracked 
| 130|0x0000000751400000, 0x0000000751400000, 0x0000000751500000|  0%| F|  |TAMS 0x0000000751400000, 0x0000000751400000| Untracked 
| 131|0x0000000751500000, 0x0000000751500000, 0x0000000751600000|  0%| F|  |TAMS 0x0000000751500000, 0x0000000751500000| Untracked 
| 132|0x0000000751600000, 0x0000000751600000, 0x0000000751700000|  0%| F|  |TAMS 0x0000000751600000, 0x0000000751600000| Untracked 
| 133|0x0000000751700000, 0x0000000751700000, 0x0000000751800000|  0%| F|  |TAMS 0x0000000751700000, 0x0000000751700000| Untracked 
| 134|0x0000000751800000, 0x0000000751800000, 0x0000000751900000|  0%| F|  |TAMS 0x0000000751800000, 0x0000000751800000| Untracked 
| 135|0x0000000751900000, 0x0000000751900000, 0x0000000751a00000|  0%| F|  |TAMS 0x0000000751900000, 0x0000000751900000| Untracked 
| 136|0x0000000751a00000, 0x0000000751a00000, 0x0000000751b00000|  0%| F|  |TAMS 0x0000000751a00000, 0x0000000751a00000| Untracked 
| 137|0x0000000751b00000, 0x0000000751b00000, 0x0000000751c00000|  0%| F|  |TAMS 0x0000000751b00000, 0x0000000751b00000| Untracked 
| 138|0x0000000751c00000, 0x0000000751c00000, 0x0000000751d00000|  0%| F|  |TAMS 0x0000000751c00000, 0x0000000751c00000| Untracked 
| 139|0x0000000751d00000, 0x0000000751d00000, 0x0000000751e00000|  0%| F|  |TAMS 0x0000000751d00000, 0x0000000751d00000| Untracked 
| 140|0x0000000751e00000, 0x0000000751e00000, 0x0000000751f00000|  0%| F|  |TAMS 0x0000000751e00000, 0x0000000751e00000| Untracked 
| 141|0x0000000751f00000, 0x0000000751f00000, 0x0000000752000000|  0%| F|  |TAMS 0x0000000751f00000, 0x0000000751f00000| Untracked 
| 142|0x0000000752000000, 0x0000000752000000, 0x0000000752100000|  0%| F|  |TAMS 0x0000000752000000, 0x0000000752000000| Untracked 
| 143|0x0000000752100000, 0x0000000752100000, 0x0000000752200000|  0%| F|  |TAMS 0x0000000752100000, 0x0000000752100000| Untracked 
| 144|0x0000000752200000, 0x0000000752200000, 0x0000000752300000|  0%| F|  |TAMS 0x0000000752200000, 0x0000000752200000| Untracked 
| 145|0x0000000752300000, 0x0000000752300000, 0x0000000752400000|  0%| F|  |TAMS 0x0000000752300000, 0x0000000752300000| Untracked 
| 146|0x0000000752400000, 0x0000000752400000, 0x0000000752500000|  0%| F|  |TAMS 0x0000000752400000, 0x0000000752400000| Untracked 
| 147|0x0000000752500000, 0x0000000752500000, 0x0000000752600000|  0%| F|  |TAMS 0x0000000752500000, 0x0000000752500000| Untracked 
| 148|0x0000000752600000, 0x0000000752600000, 0x0000000752700000|  0%| F|  |TAMS 0x0000000752600000, 0x0000000752600000| Untracked 
| 149|0x0000000752700000, 0x0000000752700000, 0x0000000752800000|  0%| F|  |TAMS 0x0000000752700000, 0x0000000752700000| Untracked 
| 150|0x0000000752800000, 0x0000000752800000, 0x0000000752900000|  0%| F|  |TAMS 0x0000000752800000, 0x0000000752800000| Untracked 
| 151|0x0000000752900000, 0x0000000752900000, 0x0000000752a00000|  0%| F|  |TAMS 0x0000000752900000, 0x0000000752900000| Untracked 
| 152|0x0000000752a00000, 0x0000000752a00000, 0x0000000752b00000|  0%| F|  |TAMS 0x0000000752a00000, 0x0000000752a00000| Untracked 
| 153|0x0000000752b00000, 0x0000000752b00000, 0x0000000752c00000|  0%| F|  |TAMS 0x0000000752b00000, 0x0000000752b00000| Untracked 
| 154|0x0000000752c00000, 0x0000000752c00000, 0x0000000752d00000|  0%| F|  |TAMS 0x0000000752c00000, 0x0000000752c00000| Untracked 
| 155|0x0000000752d00000, 0x0000000752d00000, 0x0000000752e00000|  0%| F|  |TAMS 0x0000000752d00000, 0x0000000752d00000| Untracked 
| 156|0x0000000752e00000, 0x0000000752e00000, 0x0000000752f00000|  0%| F|  |TAMS 0x0000000752e00000, 0x0000000752e00000| Untracked 
| 157|0x0000000752f00000, 0x0000000752f00000, 0x0000000753000000|  0%| F|  |TAMS 0x0000000752f00000, 0x0000000752f00000| Untracked 
| 158|0x0000000753000000, 0x0000000753000000, 0x0000000753100000|  0%| F|  |TAMS 0x0000000753000000, 0x0000000753000000| Untracked 
| 159|0x0000000753100000, 0x0000000753100000, 0x0000000753200000|  0%| F|  |TAMS 0x0000000753100000, 0x0000000753100000| Untracked 
| 160|0x0000000753200000, 0x0000000753200000, 0x0000000753300000|  0%| F|  |TAMS 0x0000000753200000, 0x0000000753200000| Untracked 
| 161|0x0000000753300000, 0x0000000753300000, 0x0000000753400000|  0%| F|  |TAMS 0x0000000753300000, 0x0000000753300000| Untracked 
| 162|0x0000000753400000, 0x0000000753400000, 0x0000000753500000|  0%| F|  |TAMS 0x0000000753400000, 0x0000000753400000| Untracked 
| 163|0x0000000753500000, 0x0000000753500000, 0x0000000753600000|  0%| F|  |TAMS 0x0000000753500000, 0x0000000753500000| Untracked 
| 164|0x0000000753600000, 0x0000000753600000, 0x0000000753700000|  0%| F|  |TAMS 0x0000000753600000, 0x0000000753600000| Untracked 
| 165|0x0000000753700000, 0x0000000753700000, 0x0000000753800000|  0%| F|  |TAMS 0x0000000753700000, 0x0000000753700000| Untracked 
| 166|0x0000000753800000, 0x0000000753800000, 0x0000000753900000|  0%| F|  |TAMS 0x0000000753800000, 0x0000000753800000| Untracked 
| 167|0x0000000753900000, 0x0000000753900000, 0x0000000753a00000|  0%| F|  |TAMS 0x0000000753900000, 0x0000000753900000| Untracked 
| 168|0x0000000753a00000, 0x0000000753a00000, 0x0000000753b00000|  0%| F|  |TAMS 0x0000000753a00000, 0x0000000753a00000| Untracked 
| 169|0x0000000753b00000, 0x0000000753b00000, 0x0000000753c00000|  0%| F|  |TAMS 0x0000000753b00000, 0x0000000753b00000| Untracked 
| 170|0x0000000753c00000, 0x0000000753c00000, 0x0000000753d00000|  0%| F|  |TAMS 0x0000000753c00000, 0x0000000753c00000| Untracked 
| 171|0x0000000753d00000, 0x0000000753d00000, 0x0000000753e00000|  0%| F|  |TAMS 0x0000000753d00000, 0x0000000753d00000| Untracked 
| 172|0x0000000753e00000, 0x0000000753e00000, 0x0000000753f00000|  0%| F|  |TAMS 0x0000000753e00000, 0x0000000753e00000| Untracked 
| 173|0x0000000753f00000, 0x0000000753ff6468, 0x0000000754000000| 96%| E|  |TAMS 0x0000000753f00000, 0x0000000753f00000| Complete 
| 174|0x0000000754000000, 0x0000000754100000, 0x0000000754100000|100%| E|CS|TAMS 0x0000000754000000, 0x0000000754000000| Complete 
| 175|0x0000000754100000, 0x0000000754200000, 0x0000000754200000|100%| E|CS|TAMS 0x0000000754100000, 0x0000000754100000| Complete 
| 176|0x0000000754200000, 0x0000000754300000, 0x0000000754300000|100%| E|CS|TAMS 0x0000000754200000, 0x0000000754200000| Complete 
| 177|0x0000000754300000, 0x0000000754400000, 0x0000000754400000|100%| E|CS|TAMS 0x0000000754300000, 0x0000000754300000| Complete 
| 178|0x0000000754400000, 0x0000000754500000, 0x0000000754500000|100%| E|CS|TAMS 0x0000000754400000, 0x0000000754400000| Complete 
| 179|0x0000000754500000, 0x0000000754600000, 0x0000000754600000|100%| E|CS|TAMS 0x0000000754500000, 0x0000000754500000| Complete 
| 180|0x0000000754600000, 0x0000000754700000, 0x0000000754700000|100%| E|CS|TAMS 0x0000000754600000, 0x0000000754600000| Complete 
| 181|0x0000000754700000, 0x0000000754800000, 0x0000000754800000|100%| E|CS|TAMS 0x0000000754700000, 0x0000000754700000| Complete 
| 182|0x0000000754800000, 0x0000000754900000, 0x0000000754900000|100%| E|CS|TAMS 0x0000000754800000, 0x0000000754800000| Complete 
| 183|0x0000000754900000, 0x0000000754a00000, 0x0000000754a00000|100%| E|CS|TAMS 0x0000000754900000, 0x0000000754900000| Complete 

Card table byte_map: [0x000001e072460000,0x000001e072a20000] _byte_map_base: 0x000001e06ea17000

Marking Bits (Prev, Next): (CMBitMap*) 0x000001e058582388, (CMBitMap*) 0x000001e0585823c0
 Prev Bits: [0x000001e072fe0000, 0x000001e075d98000)
 Next Bits: [0x000001e075da0000, 0x000001e078b58000)

Polling page: 0x000001e058610000

Metaspace:

Usage:
  Non-class:     13.70 MB capacity,    13.51 MB ( 99%) used,   150.94 KB (  1%) free+waste,    44.06 KB ( <1%) overhead. 
      Class:      1.94 MB capacity,     1.73 MB ( 89%) used,   187.62 KB (  9%) free+waste,    24.13 KB (  1%) overhead. 
       Both:     15.63 MB capacity,    15.24 MB ( 97%) used,   338.55 KB (  2%) free+waste,    68.19 KB ( <1%) overhead. 

Virtual space:
  Non-class space:       14.00 MB reserved,      13.75 MB ( 98%) committed 
      Class space:        1.00 GB reserved,       2.00 MB ( <1%) committed 
             Both:        1.01 GB reserved,      15.75 MB (  2%) committed 

Chunk freelists:
   Non-Class:  55.00 KB
       Class:  1.00 KB
        Both:  56.00 KB

MaxMetaspaceSize: 17179869184.00 GB
CompressedClassSpaceSize: 1.00 GB

CodeHeap 'non-profiled nmethods': size=120000Kb used=294Kb max_used=294Kb free=119705Kb
 bounds [0x000001e069f00000, 0x000001e06a170000, 0x000001e071430000]
CodeHeap 'profiled nmethods': size=120000Kb used=1550Kb max_used=1550Kb free=118449Kb
 bounds [0x000001e0629d0000, 0x000001e062c40000, 0x000001e069f00000]
CodeHeap 'non-nmethods': size=5760Kb used=1199Kb max_used=1211Kb free=4560Kb
 bounds [0x000001e062430000, 0x000001e0626a0000, 0x000001e0629d0000]
 total_blobs=1423 nmethods=871 adapters=464
 compilation: enabled
              stopped_count=0, restarted_count=0
 full_count=0

Compilation events (20 events):
Event: 0.437 Thread 0x000001e07bf30000  859       1       jdk.internal.jimage.ImageHeader::getTableLength (5 bytes)
Event: 0.437 Thread 0x000001e07bf30000 nmethod 859 0x000001e069f49190 code [0x000001e069f49340, 0x000001e069f493f8]
Event: 0.455 Thread 0x000001e07bf30000  863       1       java.awt.Component::getParent_NoClientCode (5 bytes)
Event: 0.455 Thread 0x000001e07bf30000 nmethod 863 0x000001e069f49490 code [0x000001e069f49640, 0x000001e069f496f8]
Event: 0.455 Thread 0x000001e07bf30000  864       3       java.util.ArrayList::get (15 bytes)
Event: 0.456 Thread 0x000001e07bf30000 nmethod 864 0x000001e062b50890 code [0x000001e062b50ac0, 0x000001e062b51328]
Event: 0.456 Thread 0x000001e07bf30000  865       3       java.util.Objects::checkIndex (7 bytes)
Event: 0.456 Thread 0x000001e07bf30000 nmethod 865 0x000001e062b51610 code [0x000001e062b51820, 0x000001e062b51ec8]
Event: 0.456 Thread 0x000001e07bf30000  866       3       java.util.ArrayList::toArray (12 bytes)
Event: 0.456 Thread 0x000001e07bf30000 nmethod 866 0x000001e062b52110 code [0x000001e062b522e0, 0x000001e062b524a8]
Event: 0.459 Thread 0x000001e07bf30000  867       3       javax.swing.GroupLayout$Spring::constrain (7 bytes)
Event: 0.459 Thread 0x000001e07bf30000 nmethod 867 0x000001e062b52590 code [0x000001e062b52740, 0x000001e062b528f8]
Event: 0.459 Thread 0x000001e07bf30000  868       3       java.awt.Component::getTreeLock (4 bytes)
Event: 0.459 Thread 0x000001e07bf30000 nmethod 868 0x000001e062b52990 code [0x000001e062b52b40, 0x000001e062b52c58]
Event: 0.461 Thread 0x000001e07bf30000  869       3       java.lang.String::lastIndexOf (29 bytes)
Event: 0.461 Thread 0x000001e07bf30000 nmethod 869 0x000001e062b52d10 code [0x000001e062b52ee0, 0x000001e062b53178]
Event: 0.462 Thread 0x000001e07bf30000  870       3       java.lang.String::lastIndexOf (12 bytes)
Event: 0.462 Thread 0x000001e07bf30000 nmethod 870 0x000001e062b53290 code [0x000001e062b53480, 0x000001e062b53878]
Event: 0.463 Thread 0x000001e07bf2b000  871       4       java.lang.String::checkBoundsBeginEnd (60 bytes)
Event: 0.464 Thread 0x000001e07bf2b000 nmethod 871 0x000001e069f49790 code [0x000001e069f49920, 0x000001e069f499b8]

GC Heap History (0 events):
No events

Deoptimization events (16 events):
Event: 0.100 Thread 0x000001e058531000 Uncommon trap: trap_request=0xffffff4d fr.pc=0x000001e069f05314 relative=0x0000000000000074
Event: 0.100 Thread 0x000001e058531000 Uncommon trap: reason=unstable_if action=reinterpret pc=0x000001e069f05314 method=java.lang.String.isLatin1()Z @ 10 c2
Event: 0.100 Thread 0x000001e058531000 DEOPT PACKING pc=0x000001e069f05314 sp=0x000000b4749fedb0
Event: 0.100 Thread 0x000001e058531000 DEOPT UNPACKING pc=0x000001e0624568af sp=0x000000b4749fecf0 mode 2
Event: 0.235 Thread 0x000001e058531000 Uncommon trap: trap_request=0xffffff4d fr.pc=0x000001e069f101b4 relative=0x0000000000000d34
Event: 0.235 Thread 0x000001e058531000 Uncommon trap: reason=unstable_if action=reinterpret pc=0x000001e069f101b4 method=java.util.HashMap.putVal(ILjava/lang/Object;Ljava/lang/Object;ZZ)Ljava/lang/Object; @ 81 c2
Event: 0.235 Thread 0x000001e058531000 DEOPT PACKING pc=0x000001e069f101b4 sp=0x000000b4749fe6b0
Event: 0.235 Thread 0x000001e058531000 DEOPT UNPACKING pc=0x000001e0624568af sp=0x000000b4749fe650 mode 2
Event: 0.409 Thread 0x000001e07c7dc800 Uncommon trap: trap_request=0xffffff4d fr.pc=0x000001e069f40a10 relative=0x00000000000001d0
Event: 0.409 Thread 0x000001e07c7dc800 Uncommon trap: reason=unstable_if action=reinterpret pc=0x000001e069f40a10 method=java.util.HashMap.getNode(ILjava/lang/Object;)Ljava/util/HashMap$Node; @ 84 c2
Event: 0.409 Thread 0x000001e07c7dc800 DEOPT PACKING pc=0x000001e069f40a10 sp=0x000000b475efbf70
Event: 0.409 Thread 0x000001e07c7dc800 DEOPT UNPACKING pc=0x000001e0624568af sp=0x000000b475efbee0 mode 2
Event: 0.412 Thread 0x000001e07c7dc800 Uncommon trap: trap_request=0xffffff4d fr.pc=0x000001e069f29238 relative=0x0000000000000098
Event: 0.412 Thread 0x000001e07c7dc800 Uncommon trap: reason=unstable_if action=reinterpret pc=0x000001e069f29238 method=java.util.HashMap.hash(Ljava/lang/Object;)I @ 1 c2
Event: 0.412 Thread 0x000001e07c7dc800 DEOPT PACKING pc=0x000001e069f29238 sp=0x000000b475efd0c0
Event: 0.412 Thread 0x000001e07c7dc800 DEOPT UNPACKING pc=0x000001e0624568af sp=0x000000b475efd058 mode 2

Classes redefined (0 events):
No events

Internal exceptions (20 events):
Event: 0.310 Thread 0x000001e058531000 Exception <a 'java/lang/ClassNotFoundException'{0x00000007542fd070}: ToolBar> (0x00000007542fd070) thrown at [./src/hotspot/share/classfile/systemDictionary.cpp, line 231]
Event: 0.310 Thread 0x000001e058531000 Exception <a 'java/lang/ClassNotFoundException'{0x00000007542fd3e0}: ToggleButton> (0x00000007542fd3e0) thrown at [./src/hotspot/share/classfile/systemDictionary.cpp, line 231]
Event: 0.310 Thread 0x000001e058531000 Exception <a 'java/lang/ClassNotFoundException'{0x00000007542fd820}: javax/swing/JToolBarSeparator> (0x00000007542fd820) thrown at [./src/hotspot/share/classfile/systemDictionary.cpp, line 231]
Event: 0.310 Thread 0x000001e058531000 Exception <a 'java/lang/ClassNotFoundException'{0x00000007542fdb28}: ToolBarSeparator> (0x00000007542fdb28) thrown at [./src/hotspot/share/classfile/systemDictionary.cpp, line 231]
Event: 0.311 Thread 0x000001e058531000 Exception <a 'java/lang/ClassNotFoundException'{0x00000007542fe040}: ToolTip> (0x00000007542fe040) thrown at [./src/hotspot/share/classfile/systemDictionary.cpp, line 231]
Event: 0.311 Thread 0x000001e058531000 Exception <a 'java/lang/ClassNotFoundException'{0x00000007542fe998}: Tree> (0x00000007542fe998) thrown at [./src/hotspot/share/classfile/systemDictionary.cpp, line 231]
Event: 0.311 Thread 0x000001e058531000 Exception <a 'java/lang/ClassNotFoundException'{0x00000007542fee90}: Tree> (0x00000007542fee90) thrown at [./src/hotspot/share/classfile/systemDictionary.cpp, line 231]
Event: 0.311 Thread 0x000001e058531000 Exception <a 'java/lang/ClassNotFoundException'{0x00000007542ff200}: javax/swing/JTreeCell> (0x00000007542ff200) thrown at [./src/hotspot/share/classfile/systemDictionary.cpp, line 231]
Event: 0.311 Thread 0x000001e058531000 Exception <a 'java/lang/ClassNotFoundException'{0x00000007542ff500}: TreeCell> (0x00000007542ff500) thrown at [./src/hotspot/share/classfile/systemDictionary.cpp, line 231]
Event: 0.312 Thread 0x000001e058531000 Exception <a 'java/lang/ClassNotFoundException'{0x00000007542ffcd0}: RootPane> (0x00000007542ffcd0) thrown at [./src/hotspot/share/classfile/systemDictionary.cpp, line 231]
Event: 0.313 Thread 0x000001e058531000 Exception <a 'java/lang/ClassNotFoundException'{0x0000000754103080}: com/sun/swing/internal/plaf/metal/resources/spi/metalProvider> (0x0000000754103080) thrown at [./src/hotspot/share/classfile/systemDictionary.cpp, line 231]
Event: 0.313 Thread 0x000001e058531000 Exception <a 'java/lang/ClassNotFoundException'{0x0000000754107900}: com/sun/swing/internal/plaf/basic/resources/spi/basicProvider> (0x0000000754107900) thrown at [./src/hotspot/share/classfile/systemDictionary.cpp, line 231]
Event: 0.316 Thread 0x000001e058531000 Exception <a 'java/lang/NoSuchMethodError'{0x00000007541467e0}: 'java.lang.Object java.lang.invoke.DirectMethodHandle$Holder.invokeStatic(java.lang.Object, java.lang.Object, java.lang.Object, java.lang.Object, java.lang.Object, java.lang.Object, java.lang.Object, java.lang.Object, java.lang.Object, java.lang.Object, java.lang.Object, int)'> (0x00000007541467e0) thrown at [./src/hotspot/share/interpreter/linkResolver.cpp, line 773]
Event: 0.317 Thread 0x000001e058531000 Exception <a 'java/lang/NoSuchMethodError'{0x00000007541646e0}: 'java.lang.Object java.lang.invoke.DirectMethodHandle$Holder.invokeStatic(java.lang.Object, java.lang.Object, java.lang.Object, java.lang.Object, java.lang.Object, java.lang.Object, java.lang.Object, java.lang.Object, java.lang.Object, java.lang.Object, java.lang.Object, int, int)'> (0x00000007541646e0) thrown at [./src/hotspot/share/interpreter/linkResolver.cpp, line 773]
Event: 0.318 Thread 0x000001e058531000 Exception <a 'java/lang/NoSuchMethodError'{0x0000000754183708}: 'java.lang.Object java.lang.invoke.DirectMethodHandle$Holder.invokeStatic(java.lang.Object, java.lang.Object, java.lang.Object, java.lang.Object, java.lang.Object, java.lang.Object, java.lang.Object, java.lang.Object, java.lang.Object, java.lang.Object, java.lang.Object, int, int, java.lang.Object)'> (0x0000000754183708) thrown at [./src/hotspot/share/interpreter/linkResolver.cpp, line 773]
Event: 0.319 Thread 0x000001e058531000 Exception <a 'java/lang/NoSuchMethodError'{0x00000007541a3b20}: 'java.lang.Object java.lang.invoke.DirectMethodHandle$Holder.invokeStatic(java.lang.Object, java.lang.Object, java.lang.Object, java.lang.Object, java.lang.Object, java.lang.Object, java.lang.Object, java.lang.Object, java.lang.Object, java.lang.Object, java.lang.Object, int, int, java.lang.Object, java.lang.Object)'> (0x00000007541a3b20) thrown at [./src/hotspot/share/interpreter/linkResolver.cpp, line 773]
Event: 0.373 Thread 0x000001e07c7dc800 Exception <a 'java/lang/ClassNotFoundException'{0x0000000754006ec8}: com/sun/swing/internal/plaf/synth/resources/spi/synthProvider> (0x0000000754006ec8) thrown at [./src/hotspot/share/classfile/systemDictionary.cpp, line 231]
Event: 0.412 Thread 0x000001e07c7dc800 Implicit null exception at 0x000001e069f291af to 0x000001e069f29229
Event: 0.427 Thread 0x000001e07c7dc800 Exception <a 'java/lang/NoSuchMethodError'{0x0000000753f3de70}: 'void java.lang.invoke.DirectMethodHandle$Holder.invokeStaticInit(java.lang.Object)'> (0x0000000753f3de70) thrown at [./src/hotspot/share/interpreter/linkResolver.cpp, line 773]
Event: 0.433 Thread 0x000001e07c7dc800 Exception <a 'java/lang/NoSuchMethodError'{0x0000000753f8ca80}: 'java.lang.Object java.lang.invoke.Invokers$Holder.linkToTargetMethod(java.lang.Object, int, java.lang.Object)'> (0x0000000753f8ca80) thrown at [./src/hotspot/share/interpreter/linkResolver.cpp, line 773]

Events (20 events):
Event: 0.461 Executing VM operation: RevokeBias done
Event: 0.461 Executing VM operation: RevokeBias
Event: 0.461 Executing VM operation: RevokeBias done
Event: 0.462 loading class jssc/SerialPort$EventThread
Event: 0.462 loading class jssc/SerialPort$EventThread done
Event: 0.462 loading class jssc/SerialPort$LinuxEventThread
Event: 0.462 loading class jssc/SerialPort$LinuxEventThread done
Event: 0.462 loading class java/lang/InterruptedException
Event: 0.462 loading class java/lang/InterruptedException done
Event: 0.462 Executing VM operation: RevokeBias
Event: 0.462 Executing VM operation: RevokeBias done
Event: 0.462 loading class jssc/SerialPortTimeoutException
Event: 0.462 loading class jssc/SerialPortTimeoutException done
Event: 0.462 loading class jssc/SerialNativeInterface
Event: 0.462 loading class jssc/SerialNativeInterface done
Event: 0.463 loading class java/io/Reader
Event: 0.463 loading class java/io/Reader done
Event: 0.463 loading class java/io/InputStreamReader
Event: 0.463 loading class java/io/InputStreamReader done
Event: 0.464 Loaded shared library C:\Users\Usuario\.jssc\windows\jSSC-2.8_x86_64.dll


Dynamic libraries:
0x00007ff7e5f40000 - 0x00007ff7e5f4d000 	C:\Program Files\AdoptOpenJDK\jdk-11.0.11.9-hotspot\bin\java.exe
0x00007ffb7dd90000 - 0x00007ffb7df88000 	C:\Windows\SYSTEM32\ntdll.dll
0x00007ffb47a60000 - 0x00007ffb47a79000 	C:\Program Files\Avast Software\Avast\aswhook.dll
0x00007ffb7dae0000 - 0x00007ffb7db9f000 	C:\Windows\System32\KERNEL32.DLL
0x00007ffb7ba00000 - 0x00007ffb7bcd2000 	C:\Windows\System32\KERNELBASE.dll
0x00007ffb7b520000 - 0x00007ffb7b620000 	C:\Windows\System32\ucrtbase.dll
0x00007ffb68e10000 - 0x00007ffb68e25000 	C:\Program Files\AdoptOpenJDK\jdk-11.0.11.9-hotspot\bin\VCRUNTIME140.dll
0x00007ffb4b2f0000 - 0x00007ffb4b307000 	C:\Program Files\AdoptOpenJDK\jdk-11.0.11.9-hotspot\bin\jli.dll
0x00007ffb7ccd0000 - 0x00007ffb7ce71000 	C:\Windows\System32\USER32.dll
0x00007ffb6b2f0000 - 0x00007ffb6b58a000 	C:\Windows\WinSxS\amd64_microsoft.windows.common-controls_6595b64144ccf1df_6.0.19041.1110_none_60b5254171f9507e\COMCTL32.dll
0x00007ffb7b9d0000 - 0x00007ffb7b9f2000 	C:\Windows\System32\win32u.dll
0x00007ffb7d700000 - 0x00007ffb7d79e000 	C:\Windows\System32\msvcrt.dll
0x00007ffb7dc00000 - 0x00007ffb7dc2b000 	C:\Windows\System32\GDI32.dll
0x00007ffb7b850000 - 0x00007ffb7b95f000 	C:\Windows\System32\gdi32full.dll
0x00007ffb7b650000 - 0x00007ffb7b6ed000 	C:\Windows\System32\msvcp_win.dll
0x00007ffb7dc30000 - 0x00007ffb7dc60000 	C:\Windows\System32\IMM32.DLL
0x00007ffb40910000 - 0x00007ffb409ab000 	C:\Program Files\AdoptOpenJDK\jdk-11.0.11.9-hotspot\bin\msvcp140.dll
0x00007ffb01820000 - 0x00007ffb0236b000 	C:\Program Files\AdoptOpenJDK\jdk-11.0.11.9-hotspot\bin\server\jvm.dll
0x00007ffb7d840000 - 0x00007ffb7d8ee000 	C:\Windows\System32\ADVAPI32.dll
0x00007ffb7cfb0000 - 0x00007ffb7d04c000 	C:\Windows\System32\sechost.dll
0x00007ffb7bf30000 - 0x00007ffb7c054000 	C:\Windows\System32\RPCRT4.dll
0x00007ffb7dad0000 - 0x00007ffb7dad8000 	C:\Windows\System32\PSAPI.DLL
0x00007ffb751a0000 - 0x00007ffb751a9000 	C:\Windows\SYSTEM32\WSOCK32.dll
0x00007ffb75ec0000 - 0x00007ffb75ee7000 	C:\Windows\SYSTEM32\WINMM.dll
0x00007ffb7bec0000 - 0x00007ffb7bf2b000 	C:\Windows\System32\WS2_32.dll
0x00007ffb76560000 - 0x00007ffb7656a000 	C:\Windows\SYSTEM32\VERSION.dll
0x00007ffb79310000 - 0x00007ffb79322000 	C:\Windows\SYSTEM32\kernel.appcore.dll
0x00007ffb74e10000 - 0x00007ffb74e20000 	C:\Program Files\AdoptOpenJDK\jdk-11.0.11.9-hotspot\bin\verify.dll
0x00007ffb753b0000 - 0x00007ffb75594000 	C:\Windows\SYSTEM32\DBGHELP.DLL
0x00007ffb72890000 - 0x00007ffb728c5000 	C:\Windows\SYSTEM32\dbgcore.DLL
0x00007ffb7b490000 - 0x00007ffb7b512000 	C:\Windows\System32\bcryptPrimitives.dll
0x00007ffb4b270000 - 0x00007ffb4b298000 	C:\Program Files\AdoptOpenJDK\jdk-11.0.11.9-hotspot\bin\java.dll
0x00007ffb6ccf0000 - 0x00007ffb6ccfa000 	C:\Program Files\AdoptOpenJDK\jdk-11.0.11.9-hotspot\bin\jimage.dll
0x00007ffb67380000 - 0x00007ffb67397000 	C:\Program Files\AdoptOpenJDK\jdk-11.0.11.9-hotspot\bin\zip.dll
0x00007ffb7c580000 - 0x00007ffb7ccc5000 	C:\Windows\System32\SHELL32.dll
0x00007ffb79510000 - 0x00007ffb79ca2000 	C:\Windows\SYSTEM32\windows.storage.dll
0x00007ffb7c0c0000 - 0x00007ffb7c415000 	C:\Windows\System32\combase.dll
0x00007ffb7aef0000 - 0x00007ffb7af20000 	C:\Windows\SYSTEM32\Wldp.dll
0x00007ffb7c420000 - 0x00007ffb7c4cd000 	C:\Windows\System32\SHCORE.dll
0x00007ffb7dba0000 - 0x00007ffb7dbf5000 	C:\Windows\System32\shlwapi.dll
0x00007ffb7b3d0000 - 0x00007ffb7b3ef000 	C:\Windows\SYSTEM32\profapi.dll
0x00007ffb67140000 - 0x00007ffb67159000 	C:\Program Files\AdoptOpenJDK\jdk-11.0.11.9-hotspot\bin\net.dll
0x00007ffb73850000 - 0x00007ffb7395a000 	C:\Windows\SYSTEM32\WINHTTP.dll
0x00007ffb7ac10000 - 0x00007ffb7ac7a000 	C:\Windows\system32\mswsock.dll
0x00007ffb67100000 - 0x00007ffb67112000 	C:\Program Files\AdoptOpenJDK\jdk-11.0.11.9-hotspot\bin\nio.dll
0x00007ffb35520000 - 0x00007ffb356b9000 	C:\Program Files\AdoptOpenJDK\jdk-11.0.11.9-hotspot\bin\awt.dll
0x00007ffb7dc80000 - 0x00007ffb7dd4d000 	C:\Windows\System32\OLEAUT32.dll
0x00007ffb78c60000 - 0x00007ffb78cf0000 	C:\Windows\SYSTEM32\apphelp.dll
0x00007ffb78da0000 - 0x00007ffb78e3e000 	C:\Windows\system32\uxtheme.dll
0x00007ffb7d8f0000 - 0x00007ffb7da04000 	C:\Windows\System32\MSCTF.dll
0x00007ffb7ce80000 - 0x00007ffb7cfaa000 	C:\Windows\System32\ole32.dll
0x00007ffb79020000 - 0x00007ffb7904f000 	C:\Windows\system32\DWMAPI.DLL
0x00007ffb40880000 - 0x00007ffb40905000 	C:\Program Files\AdoptOpenJDK\jdk-11.0.11.9-hotspot\bin\freetype.dll
0x00007ffb628f0000 - 0x00007ffb62902000 	C:\Program Files\AdoptOpenJDK\jdk-11.0.11.9-hotspot\bin\fontmanager.dll
0x00007ffb3e570000 - 0x00007ffb3e62c000 	C:\Program Files\AdoptOpenJDK\jdk-11.0.11.9-hotspot\bin\harfbuzz.dll
0x00007ffb37940000 - 0x00007ffb37a65000 	C:\Windows\system32\opengl32.dll
0x00007ffb6ccc0000 - 0x00007ffb6ccec000 	C:\Windows\SYSTEM32\GLU32.dll
0x00007ffb3b510000 - 0x00007ffb3b6de000 	C:\Windows\system32\d3d9.dll
0x00007ffb65790000 - 0x00007ffb65948000 	C:\Windows\System32\DriverStore\FileRepository\u0375185.inf_amd64_73f65969b9079bf6\B375122\aticfx64.dll
0x00007ffb49bc0000 - 0x00007ffb49bf4000 	C:\Windows\System32\DriverStore\FileRepository\u0375185.inf_amd64_73f65969b9079bf6\B375122\atiu9p64.dll
0x00007ffb00840000 - 0x00007ffb01594000 	C:\Windows\System32\DriverStore\FileRepository\u0375185.inf_amd64_73f65969b9079bf6\B375122\atiumd64.dll
0x000000005a950000 - 0x000000005b7c3000 	C:\Windows\System32\DriverStore\FileRepository\u0375185.inf_amd64_73f65969b9079bf6\B375122\atiumd6a.dll
0x00007ffb7d290000 - 0x00007ffb7d6f8000 	C:\Windows\System32\SETUPAPI.dll
0x00007ffb7bce0000 - 0x00007ffb7bd2e000 	C:\Windows\System32\cfgmgr32.dll
0x00007ffb7b620000 - 0x00007ffb7b647000 	C:\Windows\System32\bcrypt.dll
0x00007ffb7aa30000 - 0x00007ffb7aa7b000 	C:\Windows\SYSTEM32\POWRPROF.dll
0x00007ffb7a8a0000 - 0x00007ffb7a8b2000 	C:\Windows\SYSTEM32\UMPDC.dll
0x00007ffb635f0000 - 0x00007ffb63620000 	C:\Windows\SYSTEM32\amdihk64.dll
0x00007ffb65cf0000 - 0x00007ffb65d2b000 	C:\Windows\SYSTEM32\dxcore.dll
0x00007ffb7c4d0000 - 0x00007ffb7c579000 	C:\Windows\System32\clbcatq.dll
0x00007ffb694e0000 - 0x00007ffb69694000 	C:\Windows\SYSTEM32\WindowsCodecs.dll
0x00007ffb62630000 - 0x00007ffb6266e000 	C:\Windows\system32\dataexchange.dll
0x00007ffb774d0000 - 0x00007ffb77733000 	C:\Windows\system32\d3d11.dll
0x00007ffb78160000 - 0x00007ffb78343000 	C:\Windows\system32\dcomp.dll
0x00007ffb79d10000 - 0x00007ffb79e03000 	C:\Windows\system32\dxgi.dll
0x00007ffb77030000 - 0x00007ffb77230000 	C:\Windows\system32\twinapi.appcore.dll
0x0000000071100000 - 0x0000000071125000 	C:\Users\Usuario\.jssc\windows\jSSC-2.8_x86_64.dll

dbghelp: loaded successfully - version: 4.0.5 - missing functions: none
symbol engine: initialized successfully - sym options: 0x614 - pdb path: .;C:\Program Files\AdoptOpenJDK\jdk-11.0.11.9-hotspot\bin;C:\Windows\SYSTEM32;C:\Program Files\Avast Software\Avast;C:\Windows\WinSxS\amd64_microsoft.windows.common-controls_6595b64144ccf1df_6.0.19041.1110_none_60b5254171f9507e;C:\Program Files\AdoptOpenJDK\jdk-11.0.11.9-hotspot\bin\server;C:\Windows\System32\DriverStore\FileRepository\u0375185.inf_amd64_73f65969b9079bf6\B375122;C:\Users\Usuario\.jssc\windows

VM Arguments:
jvm_args: -Dfile.encoding=UTF-8 --module-path=E:\arduino\cajeroAutomatico\cajeroAutomatico\build\classes 
java_command: cajeroautomatico.Inicio
java_class_path (initial): D:\cursos\java\Librerias\PanamaHitek_Arduino-3.0.0.jar;E:\arduino\cajeroAutomatico\cajeroAutomatico\build\classes
Launcher Type: SUN_STANDARD

[Global flags]
     intx CICompilerCount                          = 4                                         {product} {ergonomic}
     uint ConcGCThreads                            = 2                                         {product} {ergonomic}
     uint G1ConcRefinementThreads                  = 8                                         {product} {ergonomic}
   size_t G1HeapRegionSize                         = 1048576                                   {product} {ergonomic}
    uintx GCDrainStackTargetSize                   = 64                                        {product} {ergonomic}
   size_t InitialHeapSize                          = 192937984                                 {product} {ergonomic}
   size_t MarkStackSize                            = 4194304                                   {product} {ergonomic}
   size_t MaxHeapSize                              = 3068133376                                {product} {ergonomic}
   size_t MaxNewSize                               = 1840250880                                {product} {ergonomic}
   size_t MinHeapDeltaBytes                        = 1048576                                   {product} {ergonomic}
    uintx NonNMethodCodeHeapSize                   = 5836300                                {pd product} {ergonomic}
    uintx NonProfiledCodeHeapSize                  = 122910970                              {pd product} {ergonomic}
    uintx ProfiledCodeHeapSize                     = 122910970                              {pd product} {ergonomic}
    uintx ReservedCodeCacheSize                    = 251658240                              {pd product} {ergonomic}
     bool SegmentedCodeCache                       = true                                      {product} {ergonomic}
     bool UseCompressedClassPointers               = true                                 {lp64_product} {ergonomic}
     bool UseCompressedOops                        = true                                 {lp64_product} {ergonomic}
     bool UseG1GC                                  = true                                      {product} {ergonomic}
     bool UseLargePagesIndividualAllocation        = false                                  {pd product} {ergonomic}

Logging:
Log output configuration:
 #0: stdout all=warning uptime,level,tags
 #1: stderr all=off uptime,level,tags

Environment Variables:
JAVA_HOME=C:\Program Files\AdoptOpenJDK\jdk-11.0.11.9-hotspot
PATH=E:\descargas\Scripts\;E:\descargas\;C:\Program Files\Common Files\Oracle\Java\javapath;C:\Program Files (x86)\Common Files\Oracle\Java\javapath;C:\Program Files (x86)\VMware\VMware Workstation\bin\;C:\Program Files\AdoptOpenJDK\jdk-11.0.11.9-hotspot\bin;C:\Windows\system32;C:\Windows;C:\Windows\System32\Wbem;C:\Windows\System32\WindowsPowerShell\v1.0\;C:\Windows\System32\OpenSSH\;C:\Program Files\AdoptOpenJDK\jdk-11.0.11.9-hotspot\bin;C:\Program Files\Git\cmd;C:\Program Files\Microsoft SQL Server\Client SDK\ODBC\170\Tools\Binn\;C:\Program Files (x86)\Microsoft SQL Server\150\Tools\Binn\;C:\Program Files\Microsoft SQL Server\150\Tools\Binn\;C:\Program Files\Microsoft SQL Server\150\DTS\Binn\;C:\Program Files (x86)\Microsoft SQL Server\150\DTS\Binn\;C:\Program Files\Azure Data Studio\bin;D:\;D:\descargas\;C:\Program Files\Docker\Docker\resources\bin;C:\Users\Usuario\AppData\Local\Microsoft\WindowsApps;;C:\Program Files\Azure Data Studio\bin;D:\descargas\Microsoft VS Code\bin;C:\Users\Usuario\AppData\Roaming\npm
USERNAME=Usuario
OS=Windows_NT
PROCESSOR_IDENTIFIER=AMD64 Family 23 Model 96 Stepping 1, AuthenticAMD



---------------  S Y S T E M  ---------------

OS: Windows 10 , 64 bit Build 19041 (10.0.19041.2546)
OS uptime: 17 days 18:15 hours
Hyper-V role detected

CPU:total 8 (initial active 8) (8 cores per cpu, 1 threads per core) family 23 model 96 stepping 1 microcode 0x0, cmov, cx8, fxsr, mmx, sse, sse2, sse3, ssse3, sse4.1, sse4.2, popcnt, avx, avx2, aes, clmul, mmxext, 3dnowpref, lzcnt, sse4a, tsc, tscinvbit, tscinv, bmi1, bmi2, adx, sha, 

Memory: 4k page, system-wide physical 11696M (3937M free)
TotalPageFile size 15024M (AvailPageFile size 1930M)
current process WorkingSet (physical memory assigned to process): 88M, peak: 88M
current process commit charge ("private bytes"): 306M, peak: 306M

vm_info: OpenJDK 64-Bit Server VM (11.0.11+9) for windows-amd64 JRE (11.0.11+9), built on Apr 20 2021 21:22:09 by "" with MS VC++ 15.9 (VS2017)

END.
