#
# A fatal error has been detected by the Java Runtime Environment:
#
#  EXCEPTION_ACCESS_VIOLATION (0xc0000005) at pc=0x000000006ec4b5bb, pid=600, tid=22468
#
# JRE version: OpenJDK Runtime Environment AdoptOpenJDK-11.0.11+9 (11.0.11+9) (build 11.0.11+9)
# Java VM: OpenJDK 64-Bit Server VM AdoptOpenJDK-11.0.11+9 (11.0.11+9, mixed mode, tiered, compressed oops, g1 gc, windows-amd64)
# Problematic frame:
# C  [jSSC-2.7_x86_64.dll+0xb5bb]
#
# No core dump will be written. Minidumps are not enabled by default on client versions of Windows
#
# If you would like to submit a bug report, please visit:
#   https://github.com/AdoptOpenJDK/openjdk-support/issues
# The crash happened outside the Java Virtual Machine in native code.
# See problematic frame for where to report the bug.
#

---------------  S U M M A R Y ------------

Command Line: -Dfile.encoding=UTF-8 cajeroautomatico.Inicio

Host: AMD Ryzen 7 4700U with Radeon Graphics         , 8 cores, 11G,  Windows 10 , 64 bit Build 19041 (10.0.19041.2546)
Time: Tue Apr  4 08:54:05 2023 Hora estándar central (México) elapsed time: 0.461833 seconds (0d 0h 0m 0s)

---------------  T H R E A D  ---------------

Current thread (0x0000025235eef000):  JavaThread "AWT-EventQueue-0" [_thread_in_native, id=22468, stack(0x000000a1cf400000,0x000000a1cf500000)]

Stack: [0x000000a1cf400000,0x000000a1cf500000],  sp=0x000000a1cf4fcf70,  free space=1011k
Native frames: (J=compiled Java code, j=interpreted, Vv=VM code, C=native code)
C  [jSSC-2.7_x86_64.dll+0xb5bb]

Java frames: (J=compiled Java code, j=interpreted, Vv=VM code)
j  jssc.SerialNativeInterface.openPort(Ljava/lang/String;Z)J+0
j  jssc.SerialPort.openPort()Z+65
j  comunicacionserial.ComunicacionSerial_Arduino.arduinoRXTX(Ljava/lang/String;ILjssc/SerialPortEventListener;)V+58
j  cajeroautomatico.Inicio.<init>()V+44
j  cajeroautomatico.Inicio$3.run()V+4
j  java.awt.event.InvocationEvent.dispatch()V+47 java.desktop@11.0.11
j  java.awt.EventQueue.dispatchEventImpl(Ljava/awt/AWTEvent;Ljava/lang/Object;)V+21 java.desktop@11.0.11
j  java.awt.EventQueue$4.run()Ljava/lang/Void;+32 java.desktop@11.0.11
j  java.awt.EventQueue$4.run()Ljava/lang/Object;+1 java.desktop@11.0.11
v  ~StubRoutines::call_stub
j  java.security.AccessController.doPrivileged(Ljava/security/PrivilegedAction;Ljava/security/AccessControlContext;)Ljava/lang/Object;+0 java.base@11.0.11
j  java.security.ProtectionDomain$JavaSecurityAccessImpl.doIntersectionPrivilege(Ljava/security/PrivilegedAction;Ljava/security/AccessControlContext;Ljava/security/AccessControlContext;)Ljava/lang/Object;+18 java.base@11.0.11
j  java.awt.EventQueue.dispatchEvent(Ljava/awt/AWTEvent;)V+46 java.desktop@11.0.11
j  java.awt.EventDispatchThread.pumpOneEventForFilters(I)V+78 java.desktop@11.0.11
j  java.awt.EventDispatchThread.pumpEventsForFilter(ILjava/awt/Conditional;Ljava/awt/EventFilter;)V+35 java.desktop@11.0.11
j  java.awt.EventDispatchThread.pumpEventsForHierarchy(ILjava/awt/Conditional;Ljava/awt/Component;)V+11 java.desktop@11.0.11
j  java.awt.EventDispatchThread.pumpEvents(ILjava/awt/Conditional;)V+4 java.desktop@11.0.11
j  java.awt.EventDispatchThread.pumpEvents(Ljava/awt/Conditional;)V+3 java.desktop@11.0.11
j  java.awt.EventDispatchThread.run()V+9 java.desktop@11.0.11
v  ~StubRoutines::call_stub

siginfo: EXCEPTION_ACCESS_VIOLATION (0xc0000005), reading address 0x0000000011faee72


Register to memory mapping:

RIP=0x000000006ec4b5bb jSSC-2.7_x86_64.dll
RAX=0x0000000011faee72 is an unknown value
RBX=0x000000a1cf4fcfe0 is pointing into the stack for thread: 0x0000025235eef000
RCX=0x00007ffb7de2d2a4 ntdll.dll
RDX=0x0 is NULL
RSP=0x000000a1cf4fcf70 is pointing into the stack for thread: 0x0000025235eef000
RBP=0x000000a1cf4fd0f0 is pointing into the stack for thread: 0x0000025235eef000
RSI=0x0000025235eef348 points into unknown readable memory: 0x00007ffb0222ed40 | 40 ed 22 02 fb 7f 00 00
RDI=0x0000000000000ae0 is an unknown value
R8 =0x000000a1cf4fce68 is pointing into the stack for thread: 0x0000025235eef000
R9 =0x000000a1cf4fcf60 is pointing into the stack for thread: 0x0000025235eef000
R10=0x0 is NULL
R11=0x0000000000000246 is an unknown value
R12=0x000000a1cf4fd1a8 is pointing into the stack for thread: 0x0000025235eef000
R13=0x00000252360c0200 points into unknown readable memory: 0x00000000344d4f43 | 43 4f 4d 34 00 00 00 00
R14=0x000000a1cf4fd0a0 is pointing into the stack for thread: 0x0000025235eef000
R15=0x0000025235eef000 is a thread


Registers:
RAX=0x0000000011faee72, RBX=0x000000a1cf4fcfe0, RCX=0x00007ffb7de2d2a4, RDX=0x0000000000000000
RSP=0x000000a1cf4fcf70, RBP=0x000000a1cf4fd0f0, RSI=0x0000025235eef348, RDI=0x0000000000000ae0
R8 =0x000000a1cf4fce68, R9 =0x000000a1cf4fcf60, R10=0x0000000000000000, R11=0x0000000000000246
R12=0x000000a1cf4fd1a8, R13=0x00000252360c0200, R14=0x000000a1cf4fd0a0, R15=0x0000025235eef000
RIP=0x000000006ec4b5bb, EFLAGS=0x0000000000010206

Top of Stack: (sp=0x000000a1cf4fcf70)
0x000000a1cf4fcf70:   000002523722c870 00000252360bff20
0x000000a1cf4fcf80:   000000006ec4b210 0000025211cb0000
0x000000a1cf4fcf90:   0000025211bd0000 0000000000000004
0x000000a1cf4fcfa0:   0000025235eef348 0000000000000ae0
0x000000a1cf4fcfb0:   000000a1cf4fd0f0 000000006ec52570
0x000000a1cf4fcfc0:   0000025235eef000 000000a1cf4fd0a0
0x000000a1cf4fcfd0:   00000252360c0200 000000a1cf4fd1a8
0x000000a1cf4fcfe0:   00000252360c0200 00007ffb7ddb47b1
0x000000a1cf4fcff0:   000000a1cf4fd020 0000025211cb0000
0x000000a1cf4fd000:   000000a1cf4fd0f0 0000000000000000
0x000000a1cf4fd010:   000000006ec534e0 000000006ec53bc8
0x000000a1cf4fd020:   000000a1cf4fd050 000000006ec52621
0x000000a1cf4fd030:   000000a1cf4fcfc0 0000025235eef348
0x000000a1cf4fd040:   0000000000000000 0000000000000000
0x000000a1cf4fd050:   000000a1cf4fd0f0 000000006ec41575
0x000000a1cf4fd060:   000000000000001c 0000025200000000 

Instructions: (pc=0x000000006ec4b5bb)
0x000000006ec4b4bb:   48 85 c0 74 bf 44 8b 03 45 85 c0 0f 84 77 ff ff
0x000000006ec4b4cb:   ff eb 9f 66 90 e8 8b fe ff ff 48 89 05 2c 34 01
0x000000006ec4b4db:   00 eb ad 66 90 e8 7b fe ff ff 48 89 05 1c 34 01
0x000000006ec4b4eb:   00 eb 8b e8 8d fe ff ff c7 03 01 00 00 00 e9 6f
0x000000006ec4b4fb:   ff ff ff 66 90 55 48 89 e5 56 53 48 83 ec 20 48
0x000000006ec4b50b:   8b 05 f7 33 01 00 48 8b 31 48 89 cb 48 85 c0 74
0x000000006ec4b51b:   56 44 8b 18 45 85 db 78 42 48 8b 05 dd 33 01 00
0x000000006ec4b52b:   48 85 c0 74 50 44 8b 10 45 85 d2 74 1d 48 89 f1
0x000000006ec4b53b:   e8 d0 fd ff ff 48 8b 13 48 8d 42 40 48 8b 48 08
0x000000006ec4b54b:   48 8b 6a 40 48 8b 60 10 ff e1 48 8b 05 bc 33 01
0x000000006ec4b55b:   00 48 85 c0 74 2d 48 89 30 eb da e8 b5 fe ff ff
0x000000006ec4b56b:   0f 1f 44 00 00 eb b2 e8 e9 fd ff ff 48 89 05 8a
0x000000006ec4b57b:   33 01 00 eb 9c e8 db fd ff ff 48 89 05 7c 33 01
0x000000006ec4b58b:   00 eb a2 e8 3d fd ff ff 48 89 05 7e 33 01 00 eb
0x000000006ec4b59b:   c5 0f 1f 40 00 55 57 56 53 48 83 ec 28 48 8b 05
0x000000006ec4b5ab:   59 33 01 00 48 89 cb 48 85 c0 0f 84 c5 00 00 00
0x000000006ec4b5bb:   8b 38 85 ff 0f 88 ab 00 00 00 48 8b 05 3c 33 01
0x000000006ec4b5cb:   00 48 85 c0 0f 84 bc 00 00 00 8b 30 85 f6 74 57
0x000000006ec4b5db:   48 8b 05 2e 33 01 00 48 85 c0 0f 84 e5 00 00 00
0x000000006ec4b5eb:   8b 28 48 8b 35 30 5e 01 00 ff d6 89 c7 89 e9 ff
0x000000006ec4b5fb:   15 14 5f 01 00 89 f9 48 89 c5 ff 15 d9 5e 01 00
0x000000006ec4b60b:   48 8b 05 fe 32 01 00 48 89 2b 48 85 c0 74 46 48
0x000000006ec4b61b:   89 da 8b 08 ff 15 f7 5e 01 00 85 c0 74 27 48 83
0x000000006ec4b62b:   c4 28 5b 5e 5f 5d c3 48 8b 05 df 32 01 00 48 85
0x000000006ec4b63b:   c0 74 64 48 8b 10 48 89 13 48 89 18 48 83 c4 28
0x000000006ec4b64b:   5b 5e 5f 5d c3 48 89 f2 48 83 c4 28 5b 5e 5f 5d
0x000000006ec4b65b:   48 ff e2 66 90 e8 8b fc ff ff 48 89 05 a4 32 01
0x000000006ec4b66b:   00 eb ac 66 90 e8 ab fd ff ff e9 4b ff ff ff 66
0x000000006ec4b67b:   0f 1f 44 00 00 e8 db fc ff ff 48 89 05 7c 32 01
0x000000006ec4b68b:   00 e9 2a ff ff ff e8 ca fc ff ff 48 89 05 6b 32
0x000000006ec4b69b:   01 00 e9 33 ff ff ff e8 29 fc ff ff 48 89 05 6a
0x000000006ec4b6ab:   32 01 00 48 8b 10 48 85 c0 48 89 13 75 8b e8 12 


Stack slot to memory mapping:
stack at sp + 0 slots: 0x000002523722c870 points into unknown readable memory: 0x005c002e005c005c | 5c 00 5c 00 2e 00 5c 00
stack at sp + 1 slots: 0x00000252360bff20 points into unknown readable memory: 0x00000252360bfaa0 | a0 fa 0b 36 52 02 00 00
stack at sp + 2 slots: 0x000000006ec4b210 jSSC-2.7_x86_64.dll
stack at sp + 3 slots: 0x0000025211cb0000 points into unknown readable memory: 0x0000000000000000 | 00 00 00 00 00 00 00 00
stack at sp + 4 slots: 0x0000025211bd0000 points into unknown readable memory: 0x0000000000000000 | 00 00 00 00 00 00 00 00
stack at sp + 5 slots: 0x0000000000000004 is an unknown value
stack at sp + 6 slots: 0x0000025235eef348 points into unknown readable memory: 0x00007ffb0222ed40 | 40 ed 22 02 fb 7f 00 00
stack at sp + 7 slots: 0x0000000000000ae0 is an unknown value


---------------  P R O C E S S  ---------------

Threads class SMR info:
_java_thread_list=0x0000025237543ec0, length=15, elements={
0x0000025234f5c000, 0x0000025234f5e000, 0x00000252357cb800, 0x00000252357cc800,
0x00000252357ce800, 0x00000252357d1800, 0x00000252357d7000, 0x00000252357e5000,
0x000002523596d800, 0x0000025235e7d000, 0x0000025235e7e000, 0x0000025235e7f800,
0x0000025235e6c800, 0x0000025235eef000, 0x0000025213de3000
}

Java Threads: ( => current thread )
  0x0000025234f5c000 JavaThread "Reference Handler" daemon [_thread_blocked, id=20032, stack(0x000000a1ce600000,0x000000a1ce700000)]
  0x0000025234f5e000 JavaThread "Finalizer" daemon [_thread_blocked, id=20600, stack(0x000000a1ce700000,0x000000a1ce800000)]
  0x00000252357cb800 JavaThread "Signal Dispatcher" daemon [_thread_blocked, id=14612, stack(0x000000a1ce800000,0x000000a1ce900000)]
  0x00000252357cc800 JavaThread "Attach Listener" daemon [_thread_blocked, id=5164, stack(0x000000a1ce900000,0x000000a1cea00000)]
  0x00000252357ce800 JavaThread "Service Thread" daemon [_thread_blocked, id=11852, stack(0x000000a1cea00000,0x000000a1ceb00000)]
  0x00000252357d1800 JavaThread "C2 CompilerThread0" daemon [_thread_blocked, id=3492, stack(0x000000a1ceb00000,0x000000a1cec00000)]
  0x00000252357d7000 JavaThread "C1 CompilerThread0" daemon [_thread_blocked, id=1632, stack(0x000000a1cec00000,0x000000a1ced00000)]
  0x00000252357e5000 JavaThread "Sweeper thread" daemon [_thread_blocked, id=19408, stack(0x000000a1ced00000,0x000000a1cee00000)]
  0x000002523596d800 JavaThread "Common-Cleaner" daemon [_thread_blocked, id=20604, stack(0x000000a1cef00000,0x000000a1cf000000)]
  0x0000025235e7d000 JavaThread "Java2D Disposer" daemon [_thread_blocked, id=14000, stack(0x000000a1cf000000,0x000000a1cf100000)]
  0x0000025235e7e000 JavaThread "AWT-Shutdown" [_thread_blocked, id=512, stack(0x000000a1cf100000,0x000000a1cf200000)]
  0x0000025235e7f800 JavaThread "AWT-Windows" daemon [_thread_in_native, id=21184, stack(0x000000a1cf200000,0x000000a1cf300000)]
  0x0000025235e6c800 JavaThread "C2 CompilerThread1" daemon [_thread_blocked, id=12892, stack(0x000000a1cf300000,0x000000a1cf400000)]
=>0x0000025235eef000 JavaThread "AWT-EventQueue-0" [_thread_in_native, id=22468, stack(0x000000a1cf400000,0x000000a1cf500000)]
  0x0000025213de3000 JavaThread "DestroyJavaVM" [_thread_blocked, id=13608, stack(0x000000a1cdf00000,0x000000a1ce000000)]

Other Threads:
  0x0000025234f46000 VMThread "VM Thread" [stack: 0x000000a1ce500000,0x000000a1ce600000] [id=3768]
  0x0000025235961000 WatcherThread [stack: 0x000000a1cee00000,0x000000a1cef00000] [id=16880]
  0x0000025213df9000 GCTaskThread "GC Thread#0" [stack: 0x000000a1ce000000,0x000000a1ce100000] [id=11260]
  0x0000025213e41000 ConcurrentGCThread "G1 Main Marker" [stack: 0x000000a1ce100000,0x000000a1ce200000] [id=5524]
  0x0000025213e44000 ConcurrentGCThread "G1 Conc#0" [stack: 0x000000a1ce200000,0x000000a1ce300000] [id=16960]
  0x0000025234db2800 ConcurrentGCThread "G1 Refine#0" [stack: 0x000000a1ce300000,0x000000a1ce400000] [id=12012]
  0x0000025234db3800 ConcurrentGCThread "G1 Young RemSet Sampling" [stack: 0x000000a1ce400000,0x000000a1ce500000] [id=20132]

Threads with active compile tasks:

VM state:not at safepoint (normal execution)

VM Mutex/Monitor currently owned by a thread: None

Heap address: 0x0000000749200000, size: 2926 MB, Compressed Oops mode: Zero based, Oop shift amount: 3
Narrow klass base: 0x0000000800000000, Narrow klass shift: 0
Compressed class space size: 1073741824 Address: 0x0000000800000000

Heap:
 garbage-first heap   total 188416K, used 9216K [0x0000000749200000, 0x0000000800000000)
  region size 1024K, 10 young (10240K), 0 survivors (0K)
 Metaspace       used 15260K, capacity 15636K, committed 15744K, reserved 1062912K
  class space    used 1718K, capacity 1899K, committed 1920K, reserved 1048576K
Heap Regions: E=young(eden), S=young(survivor), O=old, HS=humongous(starts), HC=humongous(continues), CS=collection set, F=free, A=archive, TAMS=top-at-mark-start (previous, next)
|   0|0x0000000749200000, 0x0000000749200000, 0x0000000749300000|  0%| F|  |TAMS 0x0000000749200000, 0x0000000749200000| Untracked 
|   1|0x0000000749300000, 0x0000000749300000, 0x0000000749400000|  0%| F|  |TAMS 0x0000000749300000, 0x0000000749300000| Untracked 
|   2|0x0000000749400000, 0x0000000749400000, 0x0000000749500000|  0%| F|  |TAMS 0x0000000749400000, 0x0000000749400000| Untracked 
|   3|0x0000000749500000, 0x0000000749500000, 0x0000000749600000|  0%| F|  |TAMS 0x0000000749500000, 0x0000000749500000| Untracked 
|   4|0x0000000749600000, 0x0000000749600000, 0x0000000749700000|  0%| F|  |TAMS 0x0000000749600000, 0x0000000749600000| Untracked 
|   5|0x0000000749700000, 0x0000000749700000, 0x0000000749800000|  0%| F|  |TAMS 0x0000000749700000, 0x0000000749700000| Untracked 
|   6|0x0000000749800000, 0x0000000749800000, 0x0000000749900000|  0%| F|  |TAMS 0x0000000749800000, 0x0000000749800000| Untracked 
|   7|0x0000000749900000, 0x0000000749900000, 0x0000000749a00000|  0%| F|  |TAMS 0x0000000749900000, 0x0000000749900000| Untracked 
|   8|0x0000000749a00000, 0x0000000749a00000, 0x0000000749b00000|  0%| F|  |TAMS 0x0000000749a00000, 0x0000000749a00000| Untracked 
|   9|0x0000000749b00000, 0x0000000749b00000, 0x0000000749c00000|  0%| F|  |TAMS 0x0000000749b00000, 0x0000000749b00000| Untracked 
|  10|0x0000000749c00000, 0x0000000749c00000, 0x0000000749d00000|  0%| F|  |TAMS 0x0000000749c00000, 0x0000000749c00000| Untracked 
|  11|0x0000000749d00000, 0x0000000749d00000, 0x0000000749e00000|  0%| F|  |TAMS 0x0000000749d00000, 0x0000000749d00000| Untracked 
|  12|0x0000000749e00000, 0x0000000749e00000, 0x0000000749f00000|  0%| F|  |TAMS 0x0000000749e00000, 0x0000000749e00000| Untracked 
|  13|0x0000000749f00000, 0x0000000749f00000, 0x000000074a000000|  0%| F|  |TAMS 0x0000000749f00000, 0x0000000749f00000| Untracked 
|  14|0x000000074a000000, 0x000000074a000000, 0x000000074a100000|  0%| F|  |TAMS 0x000000074a000000, 0x000000074a000000| Untracked 
|  15|0x000000074a100000, 0x000000074a100000, 0x000000074a200000|  0%| F|  |TAMS 0x000000074a100000, 0x000000074a100000| Untracked 
|  16|0x000000074a200000, 0x000000074a200000, 0x000000074a300000|  0%| F|  |TAMS 0x000000074a200000, 0x000000074a200000| Untracked 
|  17|0x000000074a300000, 0x000000074a300000, 0x000000074a400000|  0%| F|  |TAMS 0x000000074a300000, 0x000000074a300000| Untracked 
|  18|0x000000074a400000, 0x000000074a400000, 0x000000074a500000|  0%| F|  |TAMS 0x000000074a400000, 0x000000074a400000| Untracked 
|  19|0x000000074a500000, 0x000000074a500000, 0x000000074a600000|  0%| F|  |TAMS 0x000000074a500000, 0x000000074a500000| Untracked 
|  20|0x000000074a600000, 0x000000074a600000, 0x000000074a700000|  0%| F|  |TAMS 0x000000074a600000, 0x000000074a600000| Untracked 
|  21|0x000000074a700000, 0x000000074a700000, 0x000000074a800000|  0%| F|  |TAMS 0x000000074a700000, 0x000000074a700000| Untracked 
|  22|0x000000074a800000, 0x000000074a800000, 0x000000074a900000|  0%| F|  |TAMS 0x000000074a800000, 0x000000074a800000| Untracked 
|  23|0x000000074a900000, 0x000000074a900000, 0x000000074aa00000|  0%| F|  |TAMS 0x000000074a900000, 0x000000074a900000| Untracked 
|  24|0x000000074aa00000, 0x000000074aa00000, 0x000000074ab00000|  0%| F|  |TAMS 0x000000074aa00000, 0x000000074aa00000| Untracked 
|  25|0x000000074ab00000, 0x000000074ab00000, 0x000000074ac00000|  0%| F|  |TAMS 0x000000074ab00000, 0x000000074ab00000| Untracked 
|  26|0x000000074ac00000, 0x000000074ac00000, 0x000000074ad00000|  0%| F|  |TAMS 0x000000074ac00000, 0x000000074ac00000| Untracked 
|  27|0x000000074ad00000, 0x000000074ad00000, 0x000000074ae00000|  0%| F|  |TAMS 0x000000074ad00000, 0x000000074ad00000| Untracked 
|  28|0x000000074ae00000, 0x000000074ae00000, 0x000000074af00000|  0%| F|  |TAMS 0x000000074ae00000, 0x000000074ae00000| Untracked 
|  29|0x000000074af00000, 0x000000074af00000, 0x000000074b000000|  0%| F|  |TAMS 0x000000074af00000, 0x000000074af00000| Untracked 
|  30|0x000000074b000000, 0x000000074b000000, 0x000000074b100000|  0%| F|  |TAMS 0x000000074b000000, 0x000000074b000000| Untracked 
|  31|0x000000074b100000, 0x000000074b100000, 0x000000074b200000|  0%| F|  |TAMS 0x000000074b100000, 0x000000074b100000| Untracked 
|  32|0x000000074b200000, 0x000000074b200000, 0x000000074b300000|  0%| F|  |TAMS 0x000000074b200000, 0x000000074b200000| Untracked 
|  33|0x000000074b300000, 0x000000074b300000, 0x000000074b400000|  0%| F|  |TAMS 0x000000074b300000, 0x000000074b300000| Untracked 
|  34|0x000000074b400000, 0x000000074b400000, 0x000000074b500000|  0%| F|  |TAMS 0x000000074b400000, 0x000000074b400000| Untracked 
|  35|0x000000074b500000, 0x000000074b500000, 0x000000074b600000|  0%| F|  |TAMS 0x000000074b500000, 0x000000074b500000| Untracked 
|  36|0x000000074b600000, 0x000000074b600000, 0x000000074b700000|  0%| F|  |TAMS 0x000000074b600000, 0x000000074b600000| Untracked 
|  37|0x000000074b700000, 0x000000074b700000, 0x000000074b800000|  0%| F|  |TAMS 0x000000074b700000, 0x000000074b700000| Untracked 
|  38|0x000000074b800000, 0x000000074b800000, 0x000000074b900000|  0%| F|  |TAMS 0x000000074b800000, 0x000000074b800000| Untracked 
|  39|0x000000074b900000, 0x000000074b900000, 0x000000074ba00000|  0%| F|  |TAMS 0x000000074b900000, 0x000000074b900000| Untracked 
|  40|0x000000074ba00000, 0x000000074ba00000, 0x000000074bb00000|  0%| F|  |TAMS 0x000000074ba00000, 0x000000074ba00000| Untracked 
|  41|0x000000074bb00000, 0x000000074bb00000, 0x000000074bc00000|  0%| F|  |TAMS 0x000000074bb00000, 0x000000074bb00000| Untracked 
|  42|0x000000074bc00000, 0x000000074bc00000, 0x000000074bd00000|  0%| F|  |TAMS 0x000000074bc00000, 0x000000074bc00000| Untracked 
|  43|0x000000074bd00000, 0x000000074bd00000, 0x000000074be00000|  0%| F|  |TAMS 0x000000074bd00000, 0x000000074bd00000| Untracked 
|  44|0x000000074be00000, 0x000000074be00000, 0x000000074bf00000|  0%| F|  |TAMS 0x000000074be00000, 0x000000074be00000| Untracked 
|  45|0x000000074bf00000, 0x000000074bf00000, 0x000000074c000000|  0%| F|  |TAMS 0x000000074bf00000, 0x000000074bf00000| Untracked 
|  46|0x000000074c000000, 0x000000074c000000, 0x000000074c100000|  0%| F|  |TAMS 0x000000074c000000, 0x000000074c000000| Untracked 
|  47|0x000000074c100000, 0x000000074c100000, 0x000000074c200000|  0%| F|  |TAMS 0x000000074c100000, 0x000000074c100000| Untracked 
|  48|0x000000074c200000, 0x000000074c200000, 0x000000074c300000|  0%| F|  |TAMS 0x000000074c200000, 0x000000074c200000| Untracked 
|  49|0x000000074c300000, 0x000000074c300000, 0x000000074c400000|  0%| F|  |TAMS 0x000000074c300000, 0x000000074c300000| Untracked 
|  50|0x000000074c400000, 0x000000074c400000, 0x000000074c500000|  0%| F|  |TAMS 0x000000074c400000, 0x000000074c400000| Untracked 
|  51|0x000000074c500000, 0x000000074c500000, 0x000000074c600000|  0%| F|  |TAMS 0x000000074c500000, 0x000000074c500000| Untracked 
|  52|0x000000074c600000, 0x000000074c600000, 0x000000074c700000|  0%| F|  |TAMS 0x000000074c600000, 0x000000074c600000| Untracked 
|  53|0x000000074c700000, 0x000000074c700000, 0x000000074c800000|  0%| F|  |TAMS 0x000000074c700000, 0x000000074c700000| Untracked 
|  54|0x000000074c800000, 0x000000074c800000, 0x000000074c900000|  0%| F|  |TAMS 0x000000074c800000, 0x000000074c800000| Untracked 
|  55|0x000000074c900000, 0x000000074c900000, 0x000000074ca00000|  0%| F|  |TAMS 0x000000074c900000, 0x000000074c900000| Untracked 
|  56|0x000000074ca00000, 0x000000074ca00000, 0x000000074cb00000|  0%| F|  |TAMS 0x000000074ca00000, 0x000000074ca00000| Untracked 
|  57|0x000000074cb00000, 0x000000074cb00000, 0x000000074cc00000|  0%| F|  |TAMS 0x000000074cb00000, 0x000000074cb00000| Untracked 
|  58|0x000000074cc00000, 0x000000074cc00000, 0x000000074cd00000|  0%| F|  |TAMS 0x000000074cc00000, 0x000000074cc00000| Untracked 
|  59|0x000000074cd00000, 0x000000074cd00000, 0x000000074ce00000|  0%| F|  |TAMS 0x000000074cd00000, 0x000000074cd00000| Untracked 
|  60|0x000000074ce00000, 0x000000074ce00000, 0x000000074cf00000|  0%| F|  |TAMS 0x000000074ce00000, 0x000000074ce00000| Untracked 
|  61|0x000000074cf00000, 0x000000074cf00000, 0x000000074d000000|  0%| F|  |TAMS 0x000000074cf00000, 0x000000074cf00000| Untracked 
|  62|0x000000074d000000, 0x000000074d000000, 0x000000074d100000|  0%| F|  |TAMS 0x000000074d000000, 0x000000074d000000| Untracked 
|  63|0x000000074d100000, 0x000000074d100000, 0x000000074d200000|  0%| F|  |TAMS 0x000000074d100000, 0x000000074d100000| Untracked 
|  64|0x000000074d200000, 0x000000074d200000, 0x000000074d300000|  0%| F|  |TAMS 0x000000074d200000, 0x000000074d200000| Untracked 
|  65|0x000000074d300000, 0x000000074d300000, 0x000000074d400000|  0%| F|  |TAMS 0x000000074d300000, 0x000000074d300000| Untracked 
|  66|0x000000074d400000, 0x000000074d400000, 0x000000074d500000|  0%| F|  |TAMS 0x000000074d400000, 0x000000074d400000| Untracked 
|  67|0x000000074d500000, 0x000000074d500000, 0x000000074d600000|  0%| F|  |TAMS 0x000000074d500000, 0x000000074d500000| Untracked 
|  68|0x000000074d600000, 0x000000074d600000, 0x000000074d700000|  0%| F|  |TAMS 0x000000074d600000, 0x000000074d600000| Untracked 
|  69|0x000000074d700000, 0x000000074d700000, 0x000000074d800000|  0%| F|  |TAMS 0x000000074d700000, 0x000000074d700000| Untracked 
|  70|0x000000074d800000, 0x000000074d800000, 0x000000074d900000|  0%| F|  |TAMS 0x000000074d800000, 0x000000074d800000| Untracked 
|  71|0x000000074d900000, 0x000000074d900000, 0x000000074da00000|  0%| F|  |TAMS 0x000000074d900000, 0x000000074d900000| Untracked 
|  72|0x000000074da00000, 0x000000074da00000, 0x000000074db00000|  0%| F|  |TAMS 0x000000074da00000, 0x000000074da00000| Untracked 
|  73|0x000000074db00000, 0x000000074db00000, 0x000000074dc00000|  0%| F|  |TAMS 0x000000074db00000, 0x000000074db00000| Untracked 
|  74|0x000000074dc00000, 0x000000074dc00000, 0x000000074dd00000|  0%| F|  |TAMS 0x000000074dc00000, 0x000000074dc00000| Untracked 
|  75|0x000000074dd00000, 0x000000074dd00000, 0x000000074de00000|  0%| F|  |TAMS 0x000000074dd00000, 0x000000074dd00000| Untracked 
|  76|0x000000074de00000, 0x000000074de00000, 0x000000074df00000|  0%| F|  |TAMS 0x000000074de00000, 0x000000074de00000| Untracked 
|  77|0x000000074df00000, 0x000000074df00000, 0x000000074e000000|  0%| F|  |TAMS 0x000000074df00000, 0x000000074df00000| Untracked 
|  78|0x000000074e000000, 0x000000074e000000, 0x000000074e100000|  0%| F|  |TAMS 0x000000074e000000, 0x000000074e000000| Untracked 
|  79|0x000000074e100000, 0x000000074e100000, 0x000000074e200000|  0%| F|  |TAMS 0x000000074e100000, 0x000000074e100000| Untracked 
|  80|0x000000074e200000, 0x000000074e200000, 0x000000074e300000|  0%| F|  |TAMS 0x000000074e200000, 0x000000074e200000| Untracked 
|  81|0x000000074e300000, 0x000000074e300000, 0x000000074e400000|  0%| F|  |TAMS 0x000000074e300000, 0x000000074e300000| Untracked 
|  82|0x000000074e400000, 0x000000074e400000, 0x000000074e500000|  0%| F|  |TAMS 0x000000074e400000, 0x000000074e400000| Untracked 
|  83|0x000000074e500000, 0x000000074e500000, 0x000000074e600000|  0%| F|  |TAMS 0x000000074e500000, 0x000000074e500000| Untracked 
|  84|0x000000074e600000, 0x000000074e600000, 0x000000074e700000|  0%| F|  |TAMS 0x000000074e600000, 0x000000074e600000| Untracked 
|  85|0x000000074e700000, 0x000000074e700000, 0x000000074e800000|  0%| F|  |TAMS 0x000000074e700000, 0x000000074e700000| Untracked 
|  86|0x000000074e800000, 0x000000074e800000, 0x000000074e900000|  0%| F|  |TAMS 0x000000074e800000, 0x000000074e800000| Untracked 
|  87|0x000000074e900000, 0x000000074e900000, 0x000000074ea00000|  0%| F|  |TAMS 0x000000074e900000, 0x000000074e900000| Untracked 
|  88|0x000000074ea00000, 0x000000074ea00000, 0x000000074eb00000|  0%| F|  |TAMS 0x000000074ea00000, 0x000000074ea00000| Untracked 
|  89|0x000000074eb00000, 0x000000074eb00000, 0x000000074ec00000|  0%| F|  |TAMS 0x000000074eb00000, 0x000000074eb00000| Untracked 
|  90|0x000000074ec00000, 0x000000074ec00000, 0x000000074ed00000|  0%| F|  |TAMS 0x000000074ec00000, 0x000000074ec00000| Untracked 
|  91|0x000000074ed00000, 0x000000074ed00000, 0x000000074ee00000|  0%| F|  |TAMS 0x000000074ed00000, 0x000000074ed00000| Untracked 
|  92|0x000000074ee00000, 0x000000074ee00000, 0x000000074ef00000|  0%| F|  |TAMS 0x000000074ee00000, 0x000000074ee00000| Untracked 
|  93|0x000000074ef00000, 0x000000074ef00000, 0x000000074f000000|  0%| F|  |TAMS 0x000000074ef00000, 0x000000074ef00000| Untracked 
|  94|0x000000074f000000, 0x000000074f000000, 0x000000074f100000|  0%| F|  |TAMS 0x000000074f000000, 0x000000074f000000| Untracked 
|  95|0x000000074f100000, 0x000000074f100000, 0x000000074f200000|  0%| F|  |TAMS 0x000000074f100000, 0x000000074f100000| Untracked 
|  96|0x000000074f200000, 0x000000074f200000, 0x000000074f300000|  0%| F|  |TAMS 0x000000074f200000, 0x000000074f200000| Untracked 
|  97|0x000000074f300000, 0x000000074f300000, 0x000000074f400000|  0%| F|  |TAMS 0x000000074f300000, 0x000000074f300000| Untracked 
|  98|0x000000074f400000, 0x000000074f400000, 0x000000074f500000|  0%| F|  |TAMS 0x000000074f400000, 0x000000074f400000| Untracked 
|  99|0x000000074f500000, 0x000000074f500000, 0x000000074f600000|  0%| F|  |TAMS 0x000000074f500000, 0x000000074f500000| Untracked 
| 100|0x000000074f600000, 0x000000074f600000, 0x000000074f700000|  0%| F|  |TAMS 0x000000074f600000, 0x000000074f600000| Untracked 
| 101|0x000000074f700000, 0x000000074f700000, 0x000000074f800000|  0%| F|  |TAMS 0x000000074f700000, 0x000000074f700000| Untracked 
| 102|0x000000074f800000, 0x000000074f800000, 0x000000074f900000|  0%| F|  |TAMS 0x000000074f800000, 0x000000074f800000| Untracked 
| 103|0x000000074f900000, 0x000000074f900000, 0x000000074fa00000|  0%| F|  |TAMS 0x000000074f900000, 0x000000074f900000| Untracked 
| 104|0x000000074fa00000, 0x000000074fa00000, 0x000000074fb00000|  0%| F|  |TAMS 0x000000074fa00000, 0x000000074fa00000| Untracked 
| 105|0x000000074fb00000, 0x000000074fb00000, 0x000000074fc00000|  0%| F|  |TAMS 0x000000074fb00000, 0x000000074fb00000| Untracked 
| 106|0x000000074fc00000, 0x000000074fc00000, 0x000000074fd00000|  0%| F|  |TAMS 0x000000074fc00000, 0x000000074fc00000| Untracked 
| 107|0x000000074fd00000, 0x000000074fd00000, 0x000000074fe00000|  0%| F|  |TAMS 0x000000074fd00000, 0x000000074fd00000| Untracked 
| 108|0x000000074fe00000, 0x000000074fe00000, 0x000000074ff00000|  0%| F|  |TAMS 0x000000074fe00000, 0x000000074fe00000| Untracked 
| 109|0x000000074ff00000, 0x000000074ff00000, 0x0000000750000000|  0%| F|  |TAMS 0x000000074ff00000, 0x000000074ff00000| Untracked 
| 110|0x0000000750000000, 0x0000000750000000, 0x0000000750100000|  0%| F|  |TAMS 0x0000000750000000, 0x0000000750000000| Untracked 
| 111|0x0000000750100000, 0x0000000750100000, 0x0000000750200000|  0%| F|  |TAMS 0x0000000750100000, 0x0000000750100000| Untracked 
| 112|0x0000000750200000, 0x0000000750200000, 0x0000000750300000|  0%| F|  |TAMS 0x0000000750200000, 0x0000000750200000| Untracked 
| 113|0x0000000750300000, 0x0000000750300000, 0x0000000750400000|  0%| F|  |TAMS 0x0000000750300000, 0x0000000750300000| Untracked 
| 114|0x0000000750400000, 0x0000000750400000, 0x0000000750500000|  0%| F|  |TAMS 0x0000000750400000, 0x0000000750400000| Untracked 
| 115|0x0000000750500000, 0x0000000750500000, 0x0000000750600000|  0%| F|  |TAMS 0x0000000750500000, 0x0000000750500000| Untracked 
| 116|0x0000000750600000, 0x0000000750600000, 0x0000000750700000|  0%| F|  |TAMS 0x0000000750600000, 0x0000000750600000| Untracked 
| 117|0x0000000750700000, 0x0000000750700000, 0x0000000750800000|  0%| F|  |TAMS 0x0000000750700000, 0x0000000750700000| Untracked 
| 118|0x0000000750800000, 0x0000000750800000, 0x0000000750900000|  0%| F|  |TAMS 0x0000000750800000, 0x0000000750800000| Untracked 
| 119|0x0000000750900000, 0x0000000750900000, 0x0000000750a00000|  0%| F|  |TAMS 0x0000000750900000, 0x0000000750900000| Untracked 
| 120|0x0000000750a00000, 0x0000000750a00000, 0x0000000750b00000|  0%| F|  |TAMS 0x0000000750a00000, 0x0000000750a00000| Untracked 
| 121|0x0000000750b00000, 0x0000000750b00000, 0x0000000750c00000|  0%| F|  |TAMS 0x0000000750b00000, 0x0000000750b00000| Untracked 
| 122|0x0000000750c00000, 0x0000000750c00000, 0x0000000750d00000|  0%| F|  |TAMS 0x0000000750c00000, 0x0000000750c00000| Untracked 
| 123|0x0000000750d00000, 0x0000000750d00000, 0x0000000750e00000|  0%| F|  |TAMS 0x0000000750d00000, 0x0000000750d00000| Untracked 
| 124|0x0000000750e00000, 0x0000000750e00000, 0x0000000750f00000|  0%| F|  |TAMS 0x0000000750e00000, 0x0000000750e00000| Untracked 
| 125|0x0000000750f00000, 0x0000000750f00000, 0x0000000751000000|  0%| F|  |TAMS 0x0000000750f00000, 0x0000000750f00000| Untracked 
| 126|0x0000000751000000, 0x0000000751000000, 0x0000000751100000|  0%| F|  |TAMS 0x0000000751000000, 0x0000000751000000| Untracked 
| 127|0x0000000751100000, 0x0000000751100000, 0x0000000751200000|  0%| F|  |TAMS 0x0000000751100000, 0x0000000751100000| Untracked 
| 128|0x0000000751200000, 0x0000000751200000, 0x0000000751300000|  0%| F|  |TAMS 0x0000000751200000, 0x0000000751200000| Untracked 
| 129|0x0000000751300000, 0x0000000751300000, 0x0000000751400000|  0%| F|  |TAMS 0x0000000751300000, 0x0000000751300000| Untracked 
| 130|0x0000000751400000, 0x0000000751400000, 0x0000000751500000|  0%| F|  |TAMS 0x0000000751400000, 0x0000000751400000| Untracked 
| 131|0x0000000751500000, 0x0000000751500000, 0x0000000751600000|  0%| F|  |TAMS 0x0000000751500000, 0x0000000751500000| Untracked 
| 132|0x0000000751600000, 0x0000000751600000, 0x0000000751700000|  0%| F|  |TAMS 0x0000000751600000, 0x0000000751600000| Untracked 
| 133|0x0000000751700000, 0x0000000751700000, 0x0000000751800000|  0%| F|  |TAMS 0x0000000751700000, 0x0000000751700000| Untracked 
| 134|0x0000000751800000, 0x0000000751800000, 0x0000000751900000|  0%| F|  |TAMS 0x0000000751800000, 0x0000000751800000| Untracked 
| 135|0x0000000751900000, 0x0000000751900000, 0x0000000751a00000|  0%| F|  |TAMS 0x0000000751900000, 0x0000000751900000| Untracked 
| 136|0x0000000751a00000, 0x0000000751a00000, 0x0000000751b00000|  0%| F|  |TAMS 0x0000000751a00000, 0x0000000751a00000| Untracked 
| 137|0x0000000751b00000, 0x0000000751b00000, 0x0000000751c00000|  0%| F|  |TAMS 0x0000000751b00000, 0x0000000751b00000| Untracked 
| 138|0x0000000751c00000, 0x0000000751c00000, 0x0000000751d00000|  0%| F|  |TAMS 0x0000000751c00000, 0x0000000751c00000| Untracked 
| 139|0x0000000751d00000, 0x0000000751d00000, 0x0000000751e00000|  0%| F|  |TAMS 0x0000000751d00000, 0x0000000751d00000| Untracked 
| 140|0x0000000751e00000, 0x0000000751e00000, 0x0000000751f00000|  0%| F|  |TAMS 0x0000000751e00000, 0x0000000751e00000| Untracked 
| 141|0x0000000751f00000, 0x0000000751f00000, 0x0000000752000000|  0%| F|  |TAMS 0x0000000751f00000, 0x0000000751f00000| Untracked 
| 142|0x0000000752000000, 0x0000000752000000, 0x0000000752100000|  0%| F|  |TAMS 0x0000000752000000, 0x0000000752000000| Untracked 
| 143|0x0000000752100000, 0x0000000752100000, 0x0000000752200000|  0%| F|  |TAMS 0x0000000752100000, 0x0000000752100000| Untracked 
| 144|0x0000000752200000, 0x0000000752200000, 0x0000000752300000|  0%| F|  |TAMS 0x0000000752200000, 0x0000000752200000| Untracked 
| 145|0x0000000752300000, 0x0000000752300000, 0x0000000752400000|  0%| F|  |TAMS 0x0000000752300000, 0x0000000752300000| Untracked 
| 146|0x0000000752400000, 0x0000000752400000, 0x0000000752500000|  0%| F|  |TAMS 0x0000000752400000, 0x0000000752400000| Untracked 
| 147|0x0000000752500000, 0x0000000752500000, 0x0000000752600000|  0%| F|  |TAMS 0x0000000752500000, 0x0000000752500000| Untracked 
| 148|0x0000000752600000, 0x0000000752600000, 0x0000000752700000|  0%| F|  |TAMS 0x0000000752600000, 0x0000000752600000| Untracked 
| 149|0x0000000752700000, 0x0000000752700000, 0x0000000752800000|  0%| F|  |TAMS 0x0000000752700000, 0x0000000752700000| Untracked 
| 150|0x0000000752800000, 0x0000000752800000, 0x0000000752900000|  0%| F|  |TAMS 0x0000000752800000, 0x0000000752800000| Untracked 
| 151|0x0000000752900000, 0x0000000752900000, 0x0000000752a00000|  0%| F|  |TAMS 0x0000000752900000, 0x0000000752900000| Untracked 
| 152|0x0000000752a00000, 0x0000000752a00000, 0x0000000752b00000|  0%| F|  |TAMS 0x0000000752a00000, 0x0000000752a00000| Untracked 
| 153|0x0000000752b00000, 0x0000000752b00000, 0x0000000752c00000|  0%| F|  |TAMS 0x0000000752b00000, 0x0000000752b00000| Untracked 
| 154|0x0000000752c00000, 0x0000000752c00000, 0x0000000752d00000|  0%| F|  |TAMS 0x0000000752c00000, 0x0000000752c00000| Untracked 
| 155|0x0000000752d00000, 0x0000000752d00000, 0x0000000752e00000|  0%| F|  |TAMS 0x0000000752d00000, 0x0000000752d00000| Untracked 
| 156|0x0000000752e00000, 0x0000000752e00000, 0x0000000752f00000|  0%| F|  |TAMS 0x0000000752e00000, 0x0000000752e00000| Untracked 
| 157|0x0000000752f00000, 0x0000000752f00000, 0x0000000753000000|  0%| F|  |TAMS 0x0000000752f00000, 0x0000000752f00000| Untracked 
| 158|0x0000000753000000, 0x0000000753000000, 0x0000000753100000|  0%| F|  |TAMS 0x0000000753000000, 0x0000000753000000| Untracked 
| 159|0x0000000753100000, 0x0000000753100000, 0x0000000753200000|  0%| F|  |TAMS 0x0000000753100000, 0x0000000753100000| Untracked 
| 160|0x0000000753200000, 0x0000000753200000, 0x0000000753300000|  0%| F|  |TAMS 0x0000000753200000, 0x0000000753200000| Untracked 
| 161|0x0000000753300000, 0x0000000753300000, 0x0000000753400000|  0%| F|  |TAMS 0x0000000753300000, 0x0000000753300000| Untracked 
| 162|0x0000000753400000, 0x0000000753400000, 0x0000000753500000|  0%| F|  |TAMS 0x0000000753400000, 0x0000000753400000| Untracked 
| 163|0x0000000753500000, 0x0000000753500000, 0x0000000753600000|  0%| F|  |TAMS 0x0000000753500000, 0x0000000753500000| Untracked 
| 164|0x0000000753600000, 0x0000000753600000, 0x0000000753700000|  0%| F|  |TAMS 0x0000000753600000, 0x0000000753600000| Untracked 
| 165|0x0000000753700000, 0x0000000753700000, 0x0000000753800000|  0%| F|  |TAMS 0x0000000753700000, 0x0000000753700000| Untracked 
| 166|0x0000000753800000, 0x0000000753800000, 0x0000000753900000|  0%| F|  |TAMS 0x0000000753800000, 0x0000000753800000| Untracked 
| 167|0x0000000753900000, 0x0000000753900000, 0x0000000753a00000|  0%| F|  |TAMS 0x0000000753900000, 0x0000000753900000| Untracked 
| 168|0x0000000753a00000, 0x0000000753a00000, 0x0000000753b00000|  0%| F|  |TAMS 0x0000000753a00000, 0x0000000753a00000| Untracked 
| 169|0x0000000753b00000, 0x0000000753b00000, 0x0000000753c00000|  0%| F|  |TAMS 0x0000000753b00000, 0x0000000753b00000| Untracked 
| 170|0x0000000753c00000, 0x0000000753c00000, 0x0000000753d00000|  0%| F|  |TAMS 0x0000000753c00000, 0x0000000753c00000| Untracked 
| 171|0x0000000753d00000, 0x0000000753d00000, 0x0000000753e00000|  0%| F|  |TAMS 0x0000000753d00000, 0x0000000753d00000| Untracked 
| 172|0x0000000753e00000, 0x0000000753e00000, 0x0000000753f00000|  0%| F|  |TAMS 0x0000000753e00000, 0x0000000753e00000| Untracked 
| 173|0x0000000753f00000, 0x0000000753f00000, 0x0000000754000000|  0%| F|  |TAMS 0x0000000753f00000, 0x0000000753f00000| Untracked 
| 174|0x0000000754000000, 0x00000007540f64d8, 0x0000000754100000| 96%| E|  |TAMS 0x0000000754000000, 0x0000000754000000| Complete 
| 175|0x0000000754100000, 0x0000000754200000, 0x0000000754200000|100%| E|CS|TAMS 0x0000000754100000, 0x0000000754100000| Complete 
| 176|0x0000000754200000, 0x0000000754300000, 0x0000000754300000|100%| E|CS|TAMS 0x0000000754200000, 0x0000000754200000| Complete 
| 177|0x0000000754300000, 0x0000000754400000, 0x0000000754400000|100%| E|CS|TAMS 0x0000000754300000, 0x0000000754300000| Complete 
| 178|0x0000000754400000, 0x0000000754500000, 0x0000000754500000|100%| E|CS|TAMS 0x0000000754400000, 0x0000000754400000| Complete 
| 179|0x0000000754500000, 0x0000000754600000, 0x0000000754600000|100%| E|CS|TAMS 0x0000000754500000, 0x0000000754500000| Complete 
| 180|0x0000000754600000, 0x0000000754700000, 0x0000000754700000|100%| E|CS|TAMS 0x0000000754600000, 0x0000000754600000| Complete 
| 181|0x0000000754700000, 0x0000000754800000, 0x0000000754800000|100%| E|CS|TAMS 0x0000000754700000, 0x0000000754700000| Complete 
| 182|0x0000000754800000, 0x0000000754900000, 0x0000000754900000|100%| E|CS|TAMS 0x0000000754800000, 0x0000000754800000| Complete 
| 183|0x0000000754900000, 0x0000000754a00000, 0x0000000754a00000|100%| E|CS|TAMS 0x0000000754900000, 0x0000000754900000| Complete 

Card table byte_map: [0x000002522bde0000,0x000002522c3a0000] _byte_map_base: 0x0000025228397000

Marking Bits (Prev, Next): (CMBitMap*) 0x0000025213e33de8, (CMBitMap*) 0x0000025213e33e20
 Prev Bits: [0x000002522c960000, 0x000002522f718000)
 Next Bits: [0x000002522f720000, 0x00000252324d8000)

Polling page: 0x0000025211c80000

Metaspace:

Usage:
  Non-class:     13.42 MB capacity,    13.22 MB ( 99%) used,   153.39 KB (  1%) free+waste,    41.81 KB ( <1%) overhead. 
      Class:      1.85 MB capacity,     1.68 MB ( 90%) used,   158.03 KB (  8%) free+waste,    22.75 KB (  1%) overhead. 
       Both:     15.27 MB capacity,    14.90 MB ( 98%) used,   311.42 KB (  2%) free+waste,    64.56 KB ( <1%) overhead. 

Virtual space:
  Non-class space:       14.00 MB reserved,      13.50 MB ( 96%) committed 
      Class space:        1.00 GB reserved,       1.88 MB ( <1%) committed 
             Both:        1.01 GB reserved,      15.38 MB (  1%) committed 

Chunk freelists:
   Non-Class:  23.00 KB
       Class:  21.00 KB
        Both:  44.00 KB

MaxMetaspaceSize: 17179869184.00 GB
CompressedClassSpaceSize: 1.00 GB

CodeHeap 'non-profiled nmethods': size=120000Kb used=272Kb max_used=272Kb free=119727Kb
 bounds [0x0000025223fc0000, 0x0000025224230000, 0x000002522b4f0000]
CodeHeap 'profiled nmethods': size=120000Kb used=1501Kb max_used=1501Kb free=118498Kb
 bounds [0x000002521ca90000, 0x000002521cd00000, 0x0000025223fc0000]
CodeHeap 'non-nmethods': size=5760Kb used=1195Kb max_used=1198Kb free=4564Kb
 bounds [0x000002521c4f0000, 0x000002521c760000, 0x000002521ca90000]
 total_blobs=1372 nmethods=822 adapters=462
 compilation: enabled
              stopped_count=0, restarted_count=0
 full_count=0

Compilation events (20 events):
Event: 0.437 Thread 0x00000252357d7000  813       1       java.awt.Component::getParent_NoClientCode (5 bytes)
Event: 0.437 Thread 0x00000252357d7000 nmethod 813 0x0000025224003e10 code [0x0000025224003fc0, 0x0000025224004078]
Event: 0.437 Thread 0x00000252357d7000  814       3       java.util.ArrayList::get (15 bytes)
Event: 0.438 Thread 0x00000252357d7000 nmethod 814 0x000002521cc02e90 code [0x000002521cc030c0, 0x000002521cc03928]
Event: 0.438 Thread 0x00000252357d7000  815       3       java.util.Objects::checkIndex (7 bytes)
Event: 0.438 Thread 0x00000252357d7000 nmethod 815 0x000002521cc03c10 code [0x000002521cc03e20, 0x000002521cc044c8]
Event: 0.438 Thread 0x00000252357d7000  816       3       java.util.ArrayList::<init> (61 bytes)
Event: 0.438 Thread 0x00000252357d7000 nmethod 816 0x000002521cc04710 code [0x000002521cc049a0, 0x000002521cc05558]
Event: 0.441 Thread 0x00000252357d7000  817       3       javax.swing.GroupLayout$Spring::constrain (7 bytes)
Event: 0.442 Thread 0x00000252357d7000 nmethod 817 0x000002521cc05910 code [0x000002521cc05ac0, 0x000002521cc05c78]
Event: 0.442 Thread 0x00000252357d7000  818       3       java.awt.Component::getTreeLock (4 bytes)
Event: 0.442 Thread 0x00000252357d7000 nmethod 818 0x000002521cc05d10 code [0x000002521cc05ec0, 0x000002521cc05fd8]
Event: 0.442 Thread 0x00000252357d7000  819       3       java.util.zip.ZipFile$Source::hashN (26 bytes)
Event: 0.442 Thread 0x00000252357d7000 nmethod 819 0x000002521cc06090 code [0x000002521cc06240, 0x000002521cc06418]
Event: 0.442 Thread 0x00000252357d7000  820       3       java.lang.String::startsWith (7 bytes)
Event: 0.442 Thread 0x00000252357d7000 nmethod 820 0x000002521cc06510 code [0x000002521cc066c0, 0x000002521cc06808]
Event: 0.443 Thread 0x00000252357d7000  821       3       java.lang.String::lastIndexOf (12 bytes)
Event: 0.443 Thread 0x00000252357d7000 nmethod 821 0x000002521cc06890 code [0x000002521cc06a80, 0x000002521cc06e78]
Event: 0.443 Thread 0x00000252357d7000  822       3       java.util.Arrays::copyOf (19 bytes)
Event: 0.443 Thread 0x00000252357d7000 nmethod 822 0x000002521cc07010 code [0x000002521cc071e0, 0x000002521cc074c8]

GC Heap History (0 events):
No events

Deoptimization events (8 events):
Event: 0.064 Thread 0x0000025213de3000 Uncommon trap: trap_request=0xffffff4d fr.pc=0x0000025223fc451c relative=0x00000000000001fc
Event: 0.064 Thread 0x0000025213de3000 Uncommon trap: reason=unstable_if action=reinterpret pc=0x0000025223fc451c method=java.lang.String.hashCode()I @ 14 c2
Event: 0.064 Thread 0x0000025213de3000 DEOPT PACKING pc=0x0000025223fc451c sp=0x000000a1cdffd3d0
Event: 0.064 Thread 0x0000025213de3000 DEOPT UNPACKING pc=0x000002521c5168af sp=0x000000a1cdffd368 mode 2
Event: 0.300 Thread 0x0000025213de3000 Uncommon trap: trap_request=0xffffff4d fr.pc=0x0000025223fedfc8 relative=0x0000000000000508
Event: 0.300 Thread 0x0000025213de3000 Uncommon trap: reason=unstable_if action=reinterpret pc=0x0000025223fedfc8 method=java.lang.StringLatin1.replace([BCC)Ljava/lang/String; @ 19 c2
Event: 0.300 Thread 0x0000025213de3000 DEOPT PACKING pc=0x0000025223fedfc8 sp=0x000000a1cdffe240
Event: 0.300 Thread 0x0000025213de3000 DEOPT UNPACKING pc=0x000002521c5168af sp=0x000000a1cdffe1b0 mode 2

Classes redefined (0 events):
No events

Internal exceptions (20 events):
Event: 0.282 Thread 0x0000025213de3000 Exception <a 'java/lang/ClassNotFoundException'{0x00000007542578f8}: Button> (0x00000007542578f8) thrown at [./src/hotspot/share/classfile/systemDictionary.cpp, line 231]
Event: 0.282 Thread 0x0000025213de3000 Exception <a 'java/lang/ClassNotFoundException'{0x0000000754257dc0}: ToolBar> (0x0000000754257dc0) thrown at [./src/hotspot/share/classfile/systemDictionary.cpp, line 231]
Event: 0.282 Thread 0x0000025213de3000 Exception <a 'java/lang/ClassNotFoundException'{0x0000000754258130}: ToggleButton> (0x0000000754258130) thrown at [./src/hotspot/share/classfile/systemDictionary.cpp, line 231]
Event: 0.282 Thread 0x0000025213de3000 Exception <a 'java/lang/ClassNotFoundException'{0x0000000754258570}: javax/swing/JToolBarSeparator> (0x0000000754258570) thrown at [./src/hotspot/share/classfile/systemDictionary.cpp, line 231]
Event: 0.282 Thread 0x0000025213de3000 Exception <a 'java/lang/ClassNotFoundException'{0x0000000754258878}: ToolBarSeparator> (0x0000000754258878) thrown at [./src/hotspot/share/classfile/systemDictionary.cpp, line 231]
Event: 0.282 Thread 0x0000025213de3000 Exception <a 'java/lang/ClassNotFoundException'{0x0000000754258d90}: ToolTip> (0x0000000754258d90) thrown at [./src/hotspot/share/classfile/systemDictionary.cpp, line 231]
Event: 0.283 Thread 0x0000025213de3000 Exception <a 'java/lang/ClassNotFoundException'{0x00000007542596e8}: Tree> (0x00000007542596e8) thrown at [./src/hotspot/share/classfile/systemDictionary.cpp, line 231]
Event: 0.283 Thread 0x0000025213de3000 Exception <a 'java/lang/ClassNotFoundException'{0x0000000754259be0}: Tree> (0x0000000754259be0) thrown at [./src/hotspot/share/classfile/systemDictionary.cpp, line 231]
Event: 0.283 Thread 0x0000025213de3000 Exception <a 'java/lang/ClassNotFoundException'{0x0000000754259f50}: javax/swing/JTreeCell> (0x0000000754259f50) thrown at [./src/hotspot/share/classfile/systemDictionary.cpp, line 231]
Event: 0.283 Thread 0x0000025213de3000 Exception <a 'java/lang/ClassNotFoundException'{0x000000075425a250}: TreeCell> (0x000000075425a250) thrown at [./src/hotspot/share/classfile/systemDictionary.cpp, line 231]
Event: 0.283 Thread 0x0000025213de3000 Exception <a 'java/lang/ClassNotFoundException'{0x000000075425aa20}: RootPane> (0x000000075425aa20) thrown at [./src/hotspot/share/classfile/systemDictionary.cpp, line 231]
Event: 0.285 Thread 0x0000025213de3000 Exception <a 'java/lang/ClassNotFoundException'{0x000000075425d998}: com/sun/swing/internal/plaf/metal/resources/spi/metalProvider> (0x000000075425d998) thrown at [./src/hotspot/share/classfile/systemDictionary.cpp, line 231]
Event: 0.285 Thread 0x0000025213de3000 Exception <a 'java/lang/ClassNotFoundException'{0x0000000754262518}: com/sun/swing/internal/plaf/basic/resources/spi/basicProvider> (0x0000000754262518) thrown at [./src/hotspot/share/classfile/systemDictionary.cpp, line 231]
Event: 0.289 Thread 0x0000025213de3000 Exception <a 'java/lang/NoSuchMethodError'{0x00000007542a1648}: 'java.lang.Object java.lang.invoke.DirectMethodHandle$Holder.invokeStatic(java.lang.Object, java.lang.Object, java.lang.Object, java.lang.Object, java.lang.Object, java.lang.Object, java.lang.Object, java.lang.Object, java.lang.Object, java.lang.Object, java.lang.Object, int)'> (0x00000007542a1648) thrown at [./src/hotspot/share/interpreter/linkResolver.cpp, line 773]
Event: 0.290 Thread 0x0000025213de3000 Exception <a 'java/lang/NoSuchMethodError'{0x00000007542bf548}: 'java.lang.Object java.lang.invoke.DirectMethodHandle$Holder.invokeStatic(java.lang.Object, java.lang.Object, java.lang.Object, java.lang.Object, java.lang.Object, java.lang.Object, java.lang.Object, java.lang.Object, java.lang.Object, java.lang.Object, java.lang.Object, int, int)'> (0x00000007542bf548) thrown at [./src/hotspot/share/interpreter/linkResolver.cpp, line 773]
Event: 0.292 Thread 0x0000025213de3000 Exception <a 'java/lang/NoSuchMethodError'{0x00000007542de2d8}: 'java.lang.Object java.lang.invoke.DirectMethodHandle$Holder.invokeStatic(java.lang.Object, java.lang.Object, java.lang.Object, java.lang.Object, java.lang.Object, java.lang.Object, java.lang.Object, java.lang.Object, java.lang.Object, java.lang.Object, java.lang.Object, int, int, java.lang.Object)'> (0x00000007542de2d8) thrown at [./src/hotspot/share/interpreter/linkResolver.cpp, line 773]
Event: 0.293 Thread 0x0000025213de3000 Exception <a 'java/lang/NoSuchMethodError'{0x00000007542ff040}: 'java.lang.Object java.lang.invoke.DirectMethodHandle$Holder.invokeStatic(java.lang.Object, java.lang.Object, java.lang.Object, java.lang.Object, java.lang.Object, java.lang.Object, java.lang.Object, java.lang.Object, java.lang.Object, java.lang.Object, java.lang.Object, int, int, java.lang.Object, java.lang.Object)'> (0x00000007542ff040) thrown at [./src/hotspot/share/interpreter/linkResolver.cpp, line 773]
Event: 0.352 Thread 0x0000025235eef000 Exception <a 'java/lang/ClassNotFoundException'{0x000000075418b7b0}: com/sun/swing/internal/plaf/synth/resources/spi/synthProvider> (0x000000075418b7b0) thrown at [./src/hotspot/share/classfile/systemDictionary.cpp, line 231]
Event: 0.409 Thread 0x0000025235eef000 Exception <a 'java/lang/NoSuchMethodError'{0x000000075404fad8}: 'void java.lang.invoke.DirectMethodHandle$Holder.invokeStaticInit(java.lang.Object)'> (0x000000075404fad8) thrown at [./src/hotspot/share/interpreter/linkResolver.cpp, line 773]
Event: 0.414 Thread 0x0000025235eef000 Exception <a 'java/lang/NoSuchMethodError'{0x000000075409e690}: 'java.lang.Object java.lang.invoke.Invokers$Holder.linkToTargetMethod(java.lang.Object, int, java.lang.Object)'> (0x000000075409e690) thrown at [./src/hotspot/share/interpreter/linkResolver.cpp, line 773]

Events (20 events):
Event: 0.443 Executing VM operation: RevokeBias done
Event: 0.443 Executing VM operation: RevokeBias
Event: 0.443 Executing VM operation: RevokeBias done
Event: 0.443 Executing VM operation: RevokeBias
Event: 0.443 Executing VM operation: RevokeBias done
Event: 0.443 loading class jssc/SerialPort$LinuxEventThread
Event: 0.443 loading class jssc/SerialPort$LinuxEventThread done
Event: 0.444 loading class java/lang/SecurityException
Event: 0.444 loading class java/lang/SecurityException done
Event: 0.444 loading class java/lang/InterruptedException
Event: 0.444 loading class java/lang/InterruptedException done
Event: 0.444 loading class jssc/SerialPortTimeoutException
Event: 0.444 loading class jssc/SerialPortTimeoutException done
Event: 0.444 loading class jssc/SerialNativeInterface
Event: 0.444 loading class jssc/SerialNativeInterface done
Event: 0.444 loading class java/io/Reader
Event: 0.445 loading class java/io/Reader done
Event: 0.445 loading class java/io/InputStreamReader
Event: 0.445 loading class java/io/InputStreamReader done
Event: 0.446 Loaded shared library C:\Users\Usuario\.jssc\windows\jSSC-2.7_x86_64.dll


Dynamic libraries:
0x00007ff7e5f40000 - 0x00007ff7e5f4d000 	C:\Program Files\AdoptOpenJDK\jdk-11.0.11.9-hotspot\bin\java.exe
0x00007ffb7dd90000 - 0x00007ffb7df88000 	C:\Windows\SYSTEM32\ntdll.dll
0x00007ffb47a60000 - 0x00007ffb47a79000 	C:\Program Files\Avast Software\Avast\aswhook.dll
0x00007ffb7dae0000 - 0x00007ffb7db9f000 	C:\Windows\System32\KERNEL32.DLL
0x00007ffb7ba00000 - 0x00007ffb7bcd2000 	C:\Windows\System32\KERNELBASE.dll
0x00007ffb7b520000 - 0x00007ffb7b620000 	C:\Windows\System32\ucrtbase.dll
0x00007ffb67460000 - 0x00007ffb67477000 	C:\Program Files\AdoptOpenJDK\jdk-11.0.11.9-hotspot\bin\jli.dll
0x00007ffb68e10000 - 0x00007ffb68e25000 	C:\Program Files\AdoptOpenJDK\jdk-11.0.11.9-hotspot\bin\VCRUNTIME140.dll
0x00007ffb7ccd0000 - 0x00007ffb7ce71000 	C:\Windows\System32\USER32.dll
0x00007ffb7b9d0000 - 0x00007ffb7b9f2000 	C:\Windows\System32\win32u.dll
0x00007ffb7dc00000 - 0x00007ffb7dc2b000 	C:\Windows\System32\GDI32.dll
0x00007ffb6b2f0000 - 0x00007ffb6b58a000 	C:\Windows\WinSxS\amd64_microsoft.windows.common-controls_6595b64144ccf1df_6.0.19041.1110_none_60b5254171f9507e\COMCTL32.dll
0x00007ffb7b850000 - 0x00007ffb7b95f000 	C:\Windows\System32\gdi32full.dll
0x00007ffb7d700000 - 0x00007ffb7d79e000 	C:\Windows\System32\msvcrt.dll
0x00007ffb7b650000 - 0x00007ffb7b6ed000 	C:\Windows\System32\msvcp_win.dll
0x00007ffb7dc30000 - 0x00007ffb7dc60000 	C:\Windows\System32\IMM32.DLL
0x00007ffb40910000 - 0x00007ffb409ab000 	C:\Program Files\AdoptOpenJDK\jdk-11.0.11.9-hotspot\bin\msvcp140.dll
0x00007ffb01820000 - 0x00007ffb0236b000 	C:\Program Files\AdoptOpenJDK\jdk-11.0.11.9-hotspot\bin\server\jvm.dll
0x00007ffb7d840000 - 0x00007ffb7d8ee000 	C:\Windows\System32\ADVAPI32.dll
0x00007ffb7cfb0000 - 0x00007ffb7d04c000 	C:\Windows\System32\sechost.dll
0x00007ffb7bf30000 - 0x00007ffb7c054000 	C:\Windows\System32\RPCRT4.dll
0x00007ffb7dad0000 - 0x00007ffb7dad8000 	C:\Windows\System32\PSAPI.DLL
0x00007ffb751a0000 - 0x00007ffb751a9000 	C:\Windows\SYSTEM32\WSOCK32.dll
0x00007ffb76560000 - 0x00007ffb7656a000 	C:\Windows\SYSTEM32\VERSION.dll
0x00007ffb75ec0000 - 0x00007ffb75ee7000 	C:\Windows\SYSTEM32\WINMM.dll
0x00007ffb7bec0000 - 0x00007ffb7bf2b000 	C:\Windows\System32\WS2_32.dll
0x00007ffb79310000 - 0x00007ffb79322000 	C:\Windows\SYSTEM32\kernel.appcore.dll
0x00007ffb74e10000 - 0x00007ffb74e20000 	C:\Program Files\AdoptOpenJDK\jdk-11.0.11.9-hotspot\bin\verify.dll
0x00007ffb753b0000 - 0x00007ffb75594000 	C:\Windows\SYSTEM32\DBGHELP.DLL
0x00007ffb72890000 - 0x00007ffb728c5000 	C:\Windows\SYSTEM32\dbgcore.DLL
0x00007ffb7b490000 - 0x00007ffb7b512000 	C:\Windows\System32\bcryptPrimitives.dll
0x00007ffb4b270000 - 0x00007ffb4b298000 	C:\Program Files\AdoptOpenJDK\jdk-11.0.11.9-hotspot\bin\java.dll
0x00007ffb6ccf0000 - 0x00007ffb6ccfa000 	C:\Program Files\AdoptOpenJDK\jdk-11.0.11.9-hotspot\bin\jimage.dll
0x00007ffb67380000 - 0x00007ffb67397000 	C:\Program Files\AdoptOpenJDK\jdk-11.0.11.9-hotspot\bin\zip.dll
0x00007ffb7c580000 - 0x00007ffb7ccc5000 	C:\Windows\System32\SHELL32.dll
0x00007ffb79510000 - 0x00007ffb79ca2000 	C:\Windows\SYSTEM32\windows.storage.dll
0x00007ffb7c0c0000 - 0x00007ffb7c415000 	C:\Windows\System32\combase.dll
0x00007ffb7aef0000 - 0x00007ffb7af20000 	C:\Windows\SYSTEM32\Wldp.dll
0x00007ffb7c420000 - 0x00007ffb7c4cd000 	C:\Windows\System32\SHCORE.dll
0x00007ffb7dba0000 - 0x00007ffb7dbf5000 	C:\Windows\System32\shlwapi.dll
0x00007ffb7b3d0000 - 0x00007ffb7b3ef000 	C:\Windows\SYSTEM32\profapi.dll
0x00007ffb67140000 - 0x00007ffb67159000 	C:\Program Files\AdoptOpenJDK\jdk-11.0.11.9-hotspot\bin\net.dll
0x00007ffb73850000 - 0x00007ffb7395a000 	C:\Windows\SYSTEM32\WINHTTP.dll
0x00007ffb7ac10000 - 0x00007ffb7ac7a000 	C:\Windows\system32\mswsock.dll
0x00007ffb67100000 - 0x00007ffb67112000 	C:\Program Files\AdoptOpenJDK\jdk-11.0.11.9-hotspot\bin\nio.dll
0x00007ffb35520000 - 0x00007ffb356b9000 	C:\Program Files\AdoptOpenJDK\jdk-11.0.11.9-hotspot\bin\awt.dll
0x00007ffb7dc80000 - 0x00007ffb7dd4d000 	C:\Windows\System32\OLEAUT32.dll
0x00007ffb78c60000 - 0x00007ffb78cf0000 	C:\Windows\SYSTEM32\apphelp.dll
0x00007ffb78da0000 - 0x00007ffb78e3e000 	C:\Windows\system32\uxtheme.dll
0x00007ffb7d8f0000 - 0x00007ffb7da04000 	C:\Windows\System32\MSCTF.dll
0x00007ffb7ce80000 - 0x00007ffb7cfaa000 	C:\Windows\System32\ole32.dll
0x00007ffb79020000 - 0x00007ffb7904f000 	C:\Windows\system32\DWMAPI.DLL
0x00007ffb40880000 - 0x00007ffb40905000 	C:\Program Files\AdoptOpenJDK\jdk-11.0.11.9-hotspot\bin\freetype.dll
0x00007ffb628f0000 - 0x00007ffb62902000 	C:\Program Files\AdoptOpenJDK\jdk-11.0.11.9-hotspot\bin\fontmanager.dll
0x00007ffb3e570000 - 0x00007ffb3e62c000 	C:\Program Files\AdoptOpenJDK\jdk-11.0.11.9-hotspot\bin\harfbuzz.dll
0x00007ffb37940000 - 0x00007ffb37a65000 	C:\Windows\system32\opengl32.dll
0x00007ffb6ccc0000 - 0x00007ffb6ccec000 	C:\Windows\SYSTEM32\GLU32.dll
0x00007ffb3b510000 - 0x00007ffb3b6de000 	C:\Windows\system32\d3d9.dll
0x00007ffb65790000 - 0x00007ffb65948000 	C:\Windows\System32\DriverStore\FileRepository\u0375185.inf_amd64_73f65969b9079bf6\B375122\aticfx64.dll
0x00007ffb4b350000 - 0x00007ffb4b384000 	C:\Windows\System32\DriverStore\FileRepository\u0375185.inf_amd64_73f65969b9079bf6\B375122\atiu9p64.dll
0x00007ffb00840000 - 0x00007ffb01594000 	C:\Windows\System32\DriverStore\FileRepository\u0375185.inf_amd64_73f65969b9079bf6\B375122\atiumd64.dll
0x000000005a950000 - 0x000000005b7c3000 	C:\Windows\System32\DriverStore\FileRepository\u0375185.inf_amd64_73f65969b9079bf6\B375122\atiumd6a.dll
0x00007ffb7d290000 - 0x00007ffb7d6f8000 	C:\Windows\System32\SETUPAPI.dll
0x00007ffb7bce0000 - 0x00007ffb7bd2e000 	C:\Windows\System32\cfgmgr32.dll
0x00007ffb7b620000 - 0x00007ffb7b647000 	C:\Windows\System32\bcrypt.dll
0x00007ffb7aa30000 - 0x00007ffb7aa7b000 	C:\Windows\SYSTEM32\POWRPROF.dll
0x00007ffb7a8a0000 - 0x00007ffb7a8b2000 	C:\Windows\SYSTEM32\UMPDC.dll
0x00007ffb635f0000 - 0x00007ffb63620000 	C:\Windows\SYSTEM32\amdihk64.dll
0x00007ffb65cf0000 - 0x00007ffb65d2b000 	C:\Windows\SYSTEM32\dxcore.dll
0x00007ffb7c4d0000 - 0x00007ffb7c579000 	C:\Windows\System32\clbcatq.dll
0x00007ffb694e0000 - 0x00007ffb69694000 	C:\Windows\SYSTEM32\WindowsCodecs.dll
0x00007ffb62630000 - 0x00007ffb6266e000 	C:\Windows\system32\dataexchange.dll
0x00007ffb774d0000 - 0x00007ffb77733000 	C:\Windows\system32\d3d11.dll
0x00007ffb78160000 - 0x00007ffb78343000 	C:\Windows\system32\dcomp.dll
0x00007ffb79d10000 - 0x00007ffb79e03000 	C:\Windows\system32\dxgi.dll
0x00007ffb77030000 - 0x00007ffb77230000 	C:\Windows\system32\twinapi.appcore.dll
0x000000006ec40000 - 0x000000006ec65000 	C:\Users\Usuario\.jssc\windows\jSSC-2.7_x86_64.dll

dbghelp: loaded successfully - version: 4.0.5 - missing functions: none
symbol engine: initialized successfully - sym options: 0x614 - pdb path: .;C:\Program Files\AdoptOpenJDK\jdk-11.0.11.9-hotspot\bin;C:\Windows\SYSTEM32;C:\Program Files\Avast Software\Avast;C:\Windows\WinSxS\amd64_microsoft.windows.common-controls_6595b64144ccf1df_6.0.19041.1110_none_60b5254171f9507e;C:\Program Files\AdoptOpenJDK\jdk-11.0.11.9-hotspot\bin\server;C:\Windows\System32\DriverStore\FileRepository\u0375185.inf_amd64_73f65969b9079bf6\B375122;C:\Users\Usuario\.jssc\windows

VM Arguments:
jvm_args: -Dfile.encoding=UTF-8 
java_command: cajeroautomatico.Inicio
java_class_path (initial): D:\cursos\java\Librerias\PanamaHitek_Arduino-3.2.0.jar;D:\cursos\java\Librerias\Comunicacion Serial\lib\jssc.jar;D:\cursos\java\Librerias\Comunicacion Serial\ComunicacionSerial-2.1.jar;E:\arduino\cajeroAutomatico\cajeroAutomatico\build\classes
Launcher Type: SUN_STANDARD

[Global flags]
     intx CICompilerCount                          = 4                                         {product} {ergonomic}
     uint ConcGCThreads                            = 2                                         {product} {ergonomic}
     uint G1ConcRefinementThreads                  = 8                                         {product} {ergonomic}
   size_t G1HeapRegionSize                         = 1048576                                   {product} {ergonomic}
    uintx GCDrainStackTargetSize                   = 64                                        {product} {ergonomic}
   size_t InitialHeapSize                          = 192937984                                 {product} {ergonomic}
   size_t MarkStackSize                            = 4194304                                   {product} {ergonomic}
   size_t MaxHeapSize                              = 3068133376                                {product} {ergonomic}
   size_t MaxNewSize                               = 1840250880                                {product} {ergonomic}
   size_t MinHeapDeltaBytes                        = 1048576                                   {product} {ergonomic}
    uintx NonNMethodCodeHeapSize                   = 5836300                                {pd product} {ergonomic}
    uintx NonProfiledCodeHeapSize                  = 122910970                              {pd product} {ergonomic}
    uintx ProfiledCodeHeapSize                     = 122910970                              {pd product} {ergonomic}
    uintx ReservedCodeCacheSize                    = 251658240                              {pd product} {ergonomic}
     bool SegmentedCodeCache                       = true                                      {product} {ergonomic}
     bool UseCompressedClassPointers               = true                                 {lp64_product} {ergonomic}
     bool UseCompressedOops                        = true                                 {lp64_product} {ergonomic}
     bool UseG1GC                                  = true                                      {product} {ergonomic}
     bool UseLargePagesIndividualAllocation        = false                                  {pd product} {ergonomic}

Logging:
Log output configuration:
 #0: stdout all=warning uptime,level,tags
 #1: stderr all=off uptime,level,tags

Environment Variables:
JAVA_HOME=C:\Program Files\AdoptOpenJDK\jdk-11.0.11.9-hotspot
PATH=E:\descargas\Scripts\;E:\descargas\;C:\Program Files\Common Files\Oracle\Java\javapath;C:\Program Files (x86)\Common Files\Oracle\Java\javapath;C:\Program Files (x86)\VMware\VMware Workstation\bin\;C:\Program Files\AdoptOpenJDK\jdk-11.0.11.9-hotspot\bin;C:\Windows\system32;C:\Windows;C:\Windows\System32\Wbem;C:\Windows\System32\WindowsPowerShell\v1.0\;C:\Windows\System32\OpenSSH\;C:\Program Files\AdoptOpenJDK\jdk-11.0.11.9-hotspot\bin;C:\Program Files\Git\cmd;C:\Program Files\Microsoft SQL Server\Client SDK\ODBC\170\Tools\Binn\;C:\Program Files (x86)\Microsoft SQL Server\150\Tools\Binn\;C:\Program Files\Microsoft SQL Server\150\Tools\Binn\;C:\Program Files\Microsoft SQL Server\150\DTS\Binn\;C:\Program Files (x86)\Microsoft SQL Server\150\DTS\Binn\;C:\Program Files\Azure Data Studio\bin;D:\;D:\descargas\;C:\Program Files\Docker\Docker\resources\bin;C:\Users\Usuario\AppData\Local\Microsoft\WindowsApps;;C:\Program Files\Azure Data Studio\bin;D:\descargas\Microsoft VS Code\bin;C:\Users\Usuario\AppData\Roaming\npm
USERNAME=Usuario
OS=Windows_NT
PROCESSOR_IDENTIFIER=AMD64 Family 23 Model 96 Stepping 1, AuthenticAMD



---------------  S Y S T E M  ---------------

OS: Windows 10 , 64 bit Build 19041 (10.0.19041.2546)
OS uptime: 17 days 18:23 hours
Hyper-V role detected

CPU:total 8 (initial active 8) (8 cores per cpu, 1 threads per core) family 23 model 96 stepping 1 microcode 0x0, cmov, cx8, fxsr, mmx, sse, sse2, sse3, ssse3, sse4.1, sse4.2, popcnt, avx, avx2, aes, clmul, mmxext, 3dnowpref, lzcnt, sse4a, tsc, tscinvbit, tscinv, bmi1, bmi2, adx, sha, 

Memory: 4k page, system-wide physical 11696M (4152M free)
TotalPageFile size 15024M (AvailPageFile size 1926M)
current process WorkingSet (physical memory assigned to process): 89M, peak: 89M
current process commit charge ("private bytes"): 309M, peak: 309M

vm_info: OpenJDK 64-Bit Server VM (11.0.11+9) for windows-amd64 JRE (11.0.11+9), built on Apr 20 2021 21:22:09 by "" with MS VC++ 15.9 (VS2017)

END.
