#
# A fatal error has been detected by the Java Runtime Environment:
#
#  EXCEPTION_ACCESS_VIOLATION (0xc0000005) at pc=0x000000007110b5db, pid=16696, tid=1104
#
# JRE version: OpenJDK Runtime Environment AdoptOpenJDK-11.0.11+9 (11.0.11+9) (build 11.0.11+9)
# Java VM: OpenJDK 64-Bit Server VM AdoptOpenJDK-11.0.11+9 (11.0.11+9, mixed mode, tiered, compressed oops, g1 gc, windows-amd64)
# Problematic frame:
# C  [jSSC-2.8_x86_64.dll+0xb5db]
#
# No core dump will be written. Minidumps are not enabled by default on client versions of Windows
#
# If you would like to submit a bug report, please visit:
#   https://github.com/AdoptOpenJDK/openjdk-support/issues
# The crash happened outside the Java Virtual Machine in native code.
# See problematic frame for where to report the bug.
#

---------------  S U M M A R Y ------------

Command Line: -Dfile.encoding=UTF-8 --module-path=E:\arduino\cajeroAutomatico\cajeroAutomatico\build\classes cajeroautomatico.Inicio

Host: AMD Ryzen 7 4700U with Radeon Graphics         , 8 cores, 11G,  Windows 10 , 64 bit Build 19041 (10.0.19041.2546)
Time: Tue Apr  4 08:44:57 2023 Hora estándar central (México) elapsed time: 0.448742 seconds (0d 0h 0m 0s)

---------------  T H R E A D  ---------------

Current thread (0x0000023a64134000):  JavaThread "AWT-EventQueue-0" [_thread_in_native, id=1104, stack(0x000000ba2e600000,0x000000ba2e700000)]

Stack: [0x000000ba2e600000,0x000000ba2e700000],  sp=0x000000ba2e6fcf70,  free space=1011k
Native frames: (J=compiled Java code, j=interpreted, Vv=VM code, C=native code)
C  [jSSC-2.8_x86_64.dll+0xb5db]

Java frames: (J=compiled Java code, j=interpreted, Vv=VM code)
j  jssc.SerialNativeInterface.openPort(Ljava/lang/String;Z)J+0
j  jssc.SerialPort.openPort()Z+65
j  com.panamahitek.PanamaHitek_Arduino.arduinoRXTX(Ljava/lang/String;ILjssc/SerialPortEventListener;)V+58
j  cajeroautomatico.Inicio.<init>()V+40
j  cajeroautomatico.Inicio$2.run()V+4
j  java.awt.event.InvocationEvent.dispatch()V+47 java.desktop@11.0.11
j  java.awt.EventQueue.dispatchEventImpl(Ljava/awt/AWTEvent;Ljava/lang/Object;)V+21 java.desktop@11.0.11
j  java.awt.EventQueue$4.run()Ljava/lang/Void;+32 java.desktop@11.0.11
j  java.awt.EventQueue$4.run()Ljava/lang/Object;+1 java.desktop@11.0.11
v  ~StubRoutines::call_stub
j  java.security.AccessController.doPrivileged(Ljava/security/PrivilegedAction;Ljava/security/AccessControlContext;)Ljava/lang/Object;+0 java.base@11.0.11
j  java.security.ProtectionDomain$JavaSecurityAccessImpl.doIntersectionPrivilege(Ljava/security/PrivilegedAction;Ljava/security/AccessControlContext;Ljava/security/AccessControlContext;)Ljava/lang/Object;+18 java.base@11.0.11
j  java.awt.EventQueue.dispatchEvent(Ljava/awt/AWTEvent;)V+46 java.desktop@11.0.11
j  java.awt.EventDispatchThread.pumpOneEventForFilters(I)V+78 java.desktop@11.0.11
j  java.awt.EventDispatchThread.pumpEventsForFilter(ILjava/awt/Conditional;Ljava/awt/EventFilter;)V+35 java.desktop@11.0.11
j  java.awt.EventDispatchThread.pumpEventsForHierarchy(ILjava/awt/Conditional;Ljava/awt/Component;)V+11 java.desktop@11.0.11
j  java.awt.EventDispatchThread.pumpEvents(ILjava/awt/Conditional;)V+4 java.desktop@11.0.11
j  java.awt.EventDispatchThread.pumpEvents(Ljava/awt/Conditional;)V+3 java.desktop@11.0.11
j  java.awt.EventDispatchThread.run()V+9 java.desktop@11.0.11
v  ~StubRoutines::call_stub

siginfo: EXCEPTION_ACCESS_VIOLATION (0xc0000005), reading address 0x00000000686c43ba


Register to memory mapping:

RIP=0x000000007110b5db jSSC-2.8_x86_64.dll
RAX=0x00000000686c43ba is an unknown value
RBX=0x000000ba2e6fcfe0 is pointing into the stack for thread: 0x0000023a64134000
RCX=0x00007ffb7de2d2a4 ntdll.dll
RDX=0x0 is NULL
RSP=0x000000ba2e6fcf70 is pointing into the stack for thread: 0x0000023a64134000
RBP=0x000000ba2e6fd0f0 is pointing into the stack for thread: 0x0000023a64134000
RSI=0x0000023a64134348 points into unknown readable memory: 0x00007ffb0222ed40 | 40 ed 22 02 fb 7f 00 00
RDI=0x0000000000000a24 is an unknown value
R8 =0x000000ba2e6fce68 is pointing into the stack for thread: 0x0000023a64134000
R9 =0x000000ba2e6fcf60 is pointing into the stack for thread: 0x0000023a64134000
R10=0x0 is NULL
R11=0x0000000000000246 is an unknown value
R12=0x000000ba2e6fd1a8 is pointing into the stack for thread: 0x0000023a64134000
R13=0x0000023a63ff47a0 points into unknown readable memory: 0x00000000344d4f43 | 43 4f 4d 34 00 00 00 00
R14=0x000000ba2e6fd0a0 is pointing into the stack for thread: 0x0000023a64134000
R15=0x0000023a64134000 is a thread


Registers:
RAX=0x00000000686c43ba, RBX=0x000000ba2e6fcfe0, RCX=0x00007ffb7de2d2a4, RDX=0x0000000000000000
RSP=0x000000ba2e6fcf70, RBP=0x000000ba2e6fd0f0, RSI=0x0000023a64134348, RDI=0x0000000000000a24
R8 =0x000000ba2e6fce68, R9 =0x000000ba2e6fcf60, R10=0x0000000000000000, R11=0x0000000000000246
R12=0x000000ba2e6fd1a8, R13=0x0000023a63ff47a0, R14=0x000000ba2e6fd0a0, R15=0x0000023a64134000
RIP=0x000000007110b5db, EFLAGS=0x0000000000010206

Top of Stack: (sp=0x000000ba2e6fcf70)
0x000000ba2e6fcf70:   0000023a65407c50 0000023a63ff46e0
0x000000ba2e6fcf80:   000000007110b230 0000023a3fae0000
0x000000ba2e6fcf90:   0000023a3fa20000 0000000000000004
0x000000ba2e6fcfa0:   0000023a64134348 0000000000000a24
0x000000ba2e6fcfb0:   000000ba2e6fd0f0 0000000071112590
0x000000ba2e6fcfc0:   0000023a64134000 000000ba2e6fd0a0
0x000000ba2e6fcfd0:   0000023a63ff47a0 000000ba2e6fd1a8
0x000000ba2e6fcfe0:   0000023a63ff47a0 00007ffb7ddb47b1
0x000000ba2e6fcff0:   000000ba2e6fd020 0000023a3fae0000
0x000000ba2e6fd000:   000000ba2e6fd0f0 0000000000000000
0x000000ba2e6fd010:   0000000071113500 0000000071113be8
0x000000ba2e6fd020:   000000ba2e6fd050 0000000071112641
0x000000ba2e6fd030:   000000ba2e6fcfc0 0000023a64134348
0x000000ba2e6fd040:   0000000000000000 0000000000000000
0x000000ba2e6fd050:   000000ba2e6fd0f0 0000000071101595
0x000000ba2e6fd060:   000000000000001c 0000023a00000000 

Instructions: (pc=0x000000007110b5db)
0x000000007110b4db:   48 85 c0 74 bf 44 8b 03 45 85 c0 0f 84 77 ff ff
0x000000007110b4eb:   ff eb 9f 66 90 e8 8b fe ff ff 48 89 05 0c 34 01
0x000000007110b4fb:   00 eb ad 66 90 e8 7b fe ff ff 48 89 05 fc 33 01
0x000000007110b50b:   00 eb 8b e8 8d fe ff ff c7 03 01 00 00 00 e9 6f
0x000000007110b51b:   ff ff ff 66 90 55 48 89 e5 56 53 48 83 ec 20 48
0x000000007110b52b:   8b 05 d7 33 01 00 48 8b 31 48 89 cb 48 85 c0 74
0x000000007110b53b:   56 44 8b 18 45 85 db 78 42 48 8b 05 bd 33 01 00
0x000000007110b54b:   48 85 c0 74 50 44 8b 10 45 85 d2 74 1d 48 89 f1
0x000000007110b55b:   e8 d0 fd ff ff 48 8b 13 48 8d 42 40 48 8b 48 08
0x000000007110b56b:   48 8b 6a 40 48 8b 60 10 ff e1 48 8b 05 9c 33 01
0x000000007110b57b:   00 48 85 c0 74 2d 48 89 30 eb da e8 b5 fe ff ff
0x000000007110b58b:   0f 1f 44 00 00 eb b2 e8 e9 fd ff ff 48 89 05 6a
0x000000007110b59b:   33 01 00 eb 9c e8 db fd ff ff 48 89 05 5c 33 01
0x000000007110b5ab:   00 eb a2 e8 3d fd ff ff 48 89 05 5e 33 01 00 eb
0x000000007110b5bb:   c5 0f 1f 40 00 55 57 56 53 48 83 ec 28 48 8b 05
0x000000007110b5cb:   39 33 01 00 48 89 cb 48 85 c0 0f 84 c5 00 00 00
0x000000007110b5db:   8b 38 85 ff 0f 88 ab 00 00 00 48 8b 05 1c 33 01
0x000000007110b5eb:   00 48 85 c0 0f 84 bc 00 00 00 8b 30 85 f6 74 57
0x000000007110b5fb:   48 8b 05 0e 33 01 00 48 85 c0 0f 84 e5 00 00 00
0x000000007110b60b:   8b 28 48 8b 35 10 5e 01 00 ff d6 89 c7 89 e9 ff
0x000000007110b61b:   15 f4 5e 01 00 89 f9 48 89 c5 ff 15 b9 5e 01 00
0x000000007110b62b:   48 8b 05 de 32 01 00 48 89 2b 48 85 c0 74 46 48
0x000000007110b63b:   89 da 8b 08 ff 15 d7 5e 01 00 85 c0 74 27 48 83
0x000000007110b64b:   c4 28 5b 5e 5f 5d c3 48 8b 05 bf 32 01 00 48 85
0x000000007110b65b:   c0 74 64 48 8b 10 48 89 13 48 89 18 48 83 c4 28
0x000000007110b66b:   5b 5e 5f 5d c3 48 89 f2 48 83 c4 28 5b 5e 5f 5d
0x000000007110b67b:   48 ff e2 66 90 e8 8b fc ff ff 48 89 05 84 32 01
0x000000007110b68b:   00 eb ac 66 90 e8 ab fd ff ff e9 4b ff ff ff 66
0x000000007110b69b:   0f 1f 44 00 00 e8 db fc ff ff 48 89 05 5c 32 01
0x000000007110b6ab:   00 e9 2a ff ff ff e8 ca fc ff ff 48 89 05 4b 32
0x000000007110b6bb:   01 00 e9 33 ff ff ff e8 29 fc ff ff 48 89 05 4a
0x000000007110b6cb:   32 01 00 48 8b 10 48 85 c0 48 89 13 75 8b e8 12 


Stack slot to memory mapping:
stack at sp + 0 slots: 0x0000023a65407c50 points into unknown readable memory: 0x005c002e005c005c | 5c 00 5c 00 2e 00 5c 00
stack at sp + 1 slots: 0x0000023a63ff46e0 points into unknown readable memory: 0x0000023a63e15180 | 80 51 e1 63 3a 02 00 00
stack at sp + 2 slots: 0x000000007110b230 jSSC-2.8_x86_64.dll
stack at sp + 3 slots: 0x0000023a3fae0000 points into unknown readable memory: 0x0000000000000000 | 00 00 00 00 00 00 00 00
stack at sp + 4 slots: 0x0000023a3fa20000 points into unknown readable memory: 0x0000000000000000 | 00 00 00 00 00 00 00 00
stack at sp + 5 slots: 0x0000000000000004 is an unknown value
stack at sp + 6 slots: 0x0000023a64134348 points into unknown readable memory: 0x00007ffb0222ed40 | 40 ed 22 02 fb 7f 00 00
stack at sp + 7 slots: 0x0000000000000a24 is an unknown value


---------------  P R O C E S S  ---------------

Threads class SMR info:
_java_thread_list=0x0000023a654fbc90, length=15, elements={
0x0000023a62e7a000, 0x0000023a62e7c000, 0x0000023a636e7800, 0x0000023a636e8800,
0x0000023a636ea800, 0x0000023a636ee000, 0x0000023a636f5000, 0x0000023a636fc800,
0x0000023a62e23800, 0x0000023a63907000, 0x0000023a63f83800, 0x0000023a63f84000,
0x0000023a63d73000, 0x0000023a64134000, 0x0000023a41d00800
}

Java Threads: ( => current thread )
  0x0000023a62e7a000 JavaThread "Reference Handler" daemon [_thread_blocked, id=13368, stack(0x000000ba2d800000,0x000000ba2d900000)]
  0x0000023a62e7c000 JavaThread "Finalizer" daemon [_thread_blocked, id=1040, stack(0x000000ba2d900000,0x000000ba2da00000)]
  0x0000023a636e7800 JavaThread "Signal Dispatcher" daemon [_thread_blocked, id=23320, stack(0x000000ba2da00000,0x000000ba2db00000)]
  0x0000023a636e8800 JavaThread "Attach Listener" daemon [_thread_blocked, id=15492, stack(0x000000ba2db00000,0x000000ba2dc00000)]
  0x0000023a636ea800 JavaThread "Service Thread" daemon [_thread_blocked, id=14476, stack(0x000000ba2dc00000,0x000000ba2dd00000)]
  0x0000023a636ee000 JavaThread "C2 CompilerThread0" daemon [_thread_blocked, id=1240, stack(0x000000ba2dd00000,0x000000ba2de00000)]
  0x0000023a636f5000 JavaThread "C1 CompilerThread0" daemon [_thread_blocked, id=21444, stack(0x000000ba2de00000,0x000000ba2df00000)]
  0x0000023a636fc800 JavaThread "Sweeper thread" daemon [_thread_blocked, id=5604, stack(0x000000ba2df00000,0x000000ba2e000000)]
  0x0000023a62e23800 JavaThread "Common-Cleaner" daemon [_thread_blocked, id=8456, stack(0x000000ba2e000000,0x000000ba2e100000)]
  0x0000023a63907000 JavaThread "C2 CompilerThread1" daemon [_thread_blocked, id=6912, stack(0x000000ba2e100000,0x000000ba2e200000)]
  0x0000023a63f83800 JavaThread "Java2D Disposer" daemon [_thread_blocked, id=21384, stack(0x000000ba2e300000,0x000000ba2e400000)]
  0x0000023a63f84000 JavaThread "AWT-Shutdown" [_thread_blocked, id=2668, stack(0x000000ba2e400000,0x000000ba2e500000)]
  0x0000023a63d73000 JavaThread "AWT-Windows" daemon [_thread_in_native, id=21752, stack(0x000000ba2e500000,0x000000ba2e600000)]
=>0x0000023a64134000 JavaThread "AWT-EventQueue-0" [_thread_in_native, id=1104, stack(0x000000ba2e600000,0x000000ba2e700000)]
  0x0000023a41d00800 JavaThread "DestroyJavaVM" [_thread_blocked, id=4672, stack(0x000000ba2d100000,0x000000ba2d200000)]

Other Threads:
  0x0000023a62e67000 VMThread "VM Thread" [stack: 0x000000ba2d700000,0x000000ba2d800000] [id=21348]
  0x0000023a639cc000 WatcherThread [stack: 0x000000ba2e200000,0x000000ba2e300000] [id=14980]
  0x0000023a41d19000 GCTaskThread "GC Thread#0" [stack: 0x000000ba2d200000,0x000000ba2d300000] [id=11332]
  0x0000023a41d5f800 ConcurrentGCThread "G1 Main Marker" [stack: 0x000000ba2d300000,0x000000ba2d400000] [id=10224]
  0x0000023a41d63000 ConcurrentGCThread "G1 Conc#0" [stack: 0x000000ba2d400000,0x000000ba2d500000] [id=20908]
  0x0000023a41ddd800 ConcurrentGCThread "G1 Refine#0" [stack: 0x000000ba2d500000,0x000000ba2d600000] [id=2156]
  0x0000023a62cd3800 ConcurrentGCThread "G1 Young RemSet Sampling" [stack: 0x000000ba2d600000,0x000000ba2d700000] [id=21996]

Threads with active compile tasks:

VM state:not at safepoint (normal execution)

VM Mutex/Monitor currently owned by a thread: None

Heap address: 0x0000000749200000, size: 2926 MB, Compressed Oops mode: Zero based, Oop shift amount: 3
Narrow klass base: 0x0000000800000000, Narrow klass shift: 0
Compressed class space size: 1073741824 Address: 0x0000000800000000

Heap:
 garbage-first heap   total 188416K, used 9216K [0x0000000749200000, 0x0000000800000000)
  region size 1024K, 10 young (10240K), 0 survivors (0K)
 Metaspace       used 13542K, capacity 13967K, committed 14080K, reserved 1060864K
  class space    used 1502K, capacity 1706K, committed 1792K, reserved 1048576K
Heap Regions: E=young(eden), S=young(survivor), O=old, HS=humongous(starts), HC=humongous(continues), CS=collection set, F=free, A=archive, TAMS=top-at-mark-start (previous, next)
|   0|0x0000000749200000, 0x0000000749200000, 0x0000000749300000|  0%| F|  |TAMS 0x0000000749200000, 0x0000000749200000| Untracked 
|   1|0x0000000749300000, 0x0000000749300000, 0x0000000749400000|  0%| F|  |TAMS 0x0000000749300000, 0x0000000749300000| Untracked 
|   2|0x0000000749400000, 0x0000000749400000, 0x0000000749500000|  0%| F|  |TAMS 0x0000000749400000, 0x0000000749400000| Untracked 
|   3|0x0000000749500000, 0x0000000749500000, 0x0000000749600000|  0%| F|  |TAMS 0x0000000749500000, 0x0000000749500000| Untracked 
|   4|0x0000000749600000, 0x0000000749600000, 0x0000000749700000|  0%| F|  |TAMS 0x0000000749600000, 0x0000000749600000| Untracked 
|   5|0x0000000749700000, 0x0000000749700000, 0x0000000749800000|  0%| F|  |TAMS 0x0000000749700000, 0x0000000749700000| Untracked 
|   6|0x0000000749800000, 0x0000000749800000, 0x0000000749900000|  0%| F|  |TAMS 0x0000000749800000, 0x0000000749800000| Untracked 
|   7|0x0000000749900000, 0x0000000749900000, 0x0000000749a00000|  0%| F|  |TAMS 0x0000000749900000, 0x0000000749900000| Untracked 
|   8|0x0000000749a00000, 0x0000000749a00000, 0x0000000749b00000|  0%| F|  |TAMS 0x0000000749a00000, 0x0000000749a00000| Untracked 
|   9|0x0000000749b00000, 0x0000000749b00000, 0x0000000749c00000|  0%| F|  |TAMS 0x0000000749b00000, 0x0000000749b00000| Untracked 
|  10|0x0000000749c00000, 0x0000000749c00000, 0x0000000749d00000|  0%| F|  |TAMS 0x0000000749c00000, 0x0000000749c00000| Untracked 
|  11|0x0000000749d00000, 0x0000000749d00000, 0x0000000749e00000|  0%| F|  |TAMS 0x0000000749d00000, 0x0000000749d00000| Untracked 
|  12|0x0000000749e00000, 0x0000000749e00000, 0x0000000749f00000|  0%| F|  |TAMS 0x0000000749e00000, 0x0000000749e00000| Untracked 
|  13|0x0000000749f00000, 0x0000000749f00000, 0x000000074a000000|  0%| F|  |TAMS 0x0000000749f00000, 0x0000000749f00000| Untracked 
|  14|0x000000074a000000, 0x000000074a000000, 0x000000074a100000|  0%| F|  |TAMS 0x000000074a000000, 0x000000074a000000| Untracked 
|  15|0x000000074a100000, 0x000000074a100000, 0x000000074a200000|  0%| F|  |TAMS 0x000000074a100000, 0x000000074a100000| Untracked 
|  16|0x000000074a200000, 0x000000074a200000, 0x000000074a300000|  0%| F|  |TAMS 0x000000074a200000, 0x000000074a200000| Untracked 
|  17|0x000000074a300000, 0x000000074a300000, 0x000000074a400000|  0%| F|  |TAMS 0x000000074a300000, 0x000000074a300000| Untracked 
|  18|0x000000074a400000, 0x000000074a400000, 0x000000074a500000|  0%| F|  |TAMS 0x000000074a400000, 0x000000074a400000| Untracked 
|  19|0x000000074a500000, 0x000000074a500000, 0x000000074a600000|  0%| F|  |TAMS 0x000000074a500000, 0x000000074a500000| Untracked 
|  20|0x000000074a600000, 0x000000074a600000, 0x000000074a700000|  0%| F|  |TAMS 0x000000074a600000, 0x000000074a600000| Untracked 
|  21|0x000000074a700000, 0x000000074a700000, 0x000000074a800000|  0%| F|  |TAMS 0x000000074a700000, 0x000000074a700000| Untracked 
|  22|0x000000074a800000, 0x000000074a800000, 0x000000074a900000|  0%| F|  |TAMS 0x000000074a800000, 0x000000074a800000| Untracked 
|  23|0x000000074a900000, 0x000000074a900000, 0x000000074aa00000|  0%| F|  |TAMS 0x000000074a900000, 0x000000074a900000| Untracked 
|  24|0x000000074aa00000, 0x000000074aa00000, 0x000000074ab00000|  0%| F|  |TAMS 0x000000074aa00000, 0x000000074aa00000| Untracked 
|  25|0x000000074ab00000, 0x000000074ab00000, 0x000000074ac00000|  0%| F|  |TAMS 0x000000074ab00000, 0x000000074ab00000| Untracked 
|  26|0x000000074ac00000, 0x000000074ac00000, 0x000000074ad00000|  0%| F|  |TAMS 0x000000074ac00000, 0x000000074ac00000| Untracked 
|  27|0x000000074ad00000, 0x000000074ad00000, 0x000000074ae00000|  0%| F|  |TAMS 0x000000074ad00000, 0x000000074ad00000| Untracked 
|  28|0x000000074ae00000, 0x000000074ae00000, 0x000000074af00000|  0%| F|  |TAMS 0x000000074ae00000, 0x000000074ae00000| Untracked 
|  29|0x000000074af00000, 0x000000074af00000, 0x000000074b000000|  0%| F|  |TAMS 0x000000074af00000, 0x000000074af00000| Untracked 
|  30|0x000000074b000000, 0x000000074b000000, 0x000000074b100000|  0%| F|  |TAMS 0x000000074b000000, 0x000000074b000000| Untracked 
|  31|0x000000074b100000, 0x000000074b100000, 0x000000074b200000|  0%| F|  |TAMS 0x000000074b100000, 0x000000074b100000| Untracked 
|  32|0x000000074b200000, 0x000000074b200000, 0x000000074b300000|  0%| F|  |TAMS 0x000000074b200000, 0x000000074b200000| Untracked 
|  33|0x000000074b300000, 0x000000074b300000, 0x000000074b400000|  0%| F|  |TAMS 0x000000074b300000, 0x000000074b300000| Untracked 
|  34|0x000000074b400000, 0x000000074b400000, 0x000000074b500000|  0%| F|  |TAMS 0x000000074b400000, 0x000000074b400000| Untracked 
|  35|0x000000074b500000, 0x000000074b500000, 0x000000074b600000|  0%| F|  |TAMS 0x000000074b500000, 0x000000074b500000| Untracked 
|  36|0x000000074b600000, 0x000000074b600000, 0x000000074b700000|  0%| F|  |TAMS 0x000000074b600000, 0x000000074b600000| Untracked 
|  37|0x000000074b700000, 0x000000074b700000, 0x000000074b800000|  0%| F|  |TAMS 0x000000074b700000, 0x000000074b700000| Untracked 
|  38|0x000000074b800000, 0x000000074b800000, 0x000000074b900000|  0%| F|  |TAMS 0x000000074b800000, 0x000000074b800000| Untracked 
|  39|0x000000074b900000, 0x000000074b900000, 0x000000074ba00000|  0%| F|  |TAMS 0x000000074b900000, 0x000000074b900000| Untracked 
|  40|0x000000074ba00000, 0x000000074ba00000, 0x000000074bb00000|  0%| F|  |TAMS 0x000000074ba00000, 0x000000074ba00000| Untracked 
|  41|0x000000074bb00000, 0x000000074bb00000, 0x000000074bc00000|  0%| F|  |TAMS 0x000000074bb00000, 0x000000074bb00000| Untracked 
|  42|0x000000074bc00000, 0x000000074bc00000, 0x000000074bd00000|  0%| F|  |TAMS 0x000000074bc00000, 0x000000074bc00000| Untracked 
|  43|0x000000074bd00000, 0x000000074bd00000, 0x000000074be00000|  0%| F|  |TAMS 0x000000074bd00000, 0x000000074bd00000| Untracked 
|  44|0x000000074be00000, 0x000000074be00000, 0x000000074bf00000|  0%| F|  |TAMS 0x000000074be00000, 0x000000074be00000| Untracked 
|  45|0x000000074bf00000, 0x000000074bf00000, 0x000000074c000000|  0%| F|  |TAMS 0x000000074bf00000, 0x000000074bf00000| Untracked 
|  46|0x000000074c000000, 0x000000074c000000, 0x000000074c100000|  0%| F|  |TAMS 0x000000074c000000, 0x000000074c000000| Untracked 
|  47|0x000000074c100000, 0x000000074c100000, 0x000000074c200000|  0%| F|  |TAMS 0x000000074c100000, 0x000000074c100000| Untracked 
|  48|0x000000074c200000, 0x000000074c200000, 0x000000074c300000|  0%| F|  |TAMS 0x000000074c200000, 0x000000074c200000| Untracked 
|  49|0x000000074c300000, 0x000000074c300000, 0x000000074c400000|  0%| F|  |TAMS 0x000000074c300000, 0x000000074c300000| Untracked 
|  50|0x000000074c400000, 0x000000074c400000, 0x000000074c500000|  0%| F|  |TAMS 0x000000074c400000, 0x000000074c400000| Untracked 
|  51|0x000000074c500000, 0x000000074c500000, 0x000000074c600000|  0%| F|  |TAMS 0x000000074c500000, 0x000000074c500000| Untracked 
|  52|0x000000074c600000, 0x000000074c600000, 0x000000074c700000|  0%| F|  |TAMS 0x000000074c600000, 0x000000074c600000| Untracked 
|  53|0x000000074c700000, 0x000000074c700000, 0x000000074c800000|  0%| F|  |TAMS 0x000000074c700000, 0x000000074c700000| Untracked 
|  54|0x000000074c800000, 0x000000074c800000, 0x000000074c900000|  0%| F|  |TAMS 0x000000074c800000, 0x000000074c800000| Untracked 
|  55|0x000000074c900000, 0x000000074c900000, 0x000000074ca00000|  0%| F|  |TAMS 0x000000074c900000, 0x000000074c900000| Untracked 
|  56|0x000000074ca00000, 0x000000074ca00000, 0x000000074cb00000|  0%| F|  |TAMS 0x000000074ca00000, 0x000000074ca00000| Untracked 
|  57|0x000000074cb00000, 0x000000074cb00000, 0x000000074cc00000|  0%| F|  |TAMS 0x000000074cb00000, 0x000000074cb00000| Untracked 
|  58|0x000000074cc00000, 0x000000074cc00000, 0x000000074cd00000|  0%| F|  |TAMS 0x000000074cc00000, 0x000000074cc00000| Untracked 
|  59|0x000000074cd00000, 0x000000074cd00000, 0x000000074ce00000|  0%| F|  |TAMS 0x000000074cd00000, 0x000000074cd00000| Untracked 
|  60|0x000000074ce00000, 0x000000074ce00000, 0x000000074cf00000|  0%| F|  |TAMS 0x000000074ce00000, 0x000000074ce00000| Untracked 
|  61|0x000000074cf00000, 0x000000074cf00000, 0x000000074d000000|  0%| F|  |TAMS 0x000000074cf00000, 0x000000074cf00000| Untracked 
|  62|0x000000074d000000, 0x000000074d000000, 0x000000074d100000|  0%| F|  |TAMS 0x000000074d000000, 0x000000074d000000| Untracked 
|  63|0x000000074d100000, 0x000000074d100000, 0x000000074d200000|  0%| F|  |TAMS 0x000000074d100000, 0x000000074d100000| Untracked 
|  64|0x000000074d200000, 0x000000074d200000, 0x000000074d300000|  0%| F|  |TAMS 0x000000074d200000, 0x000000074d200000| Untracked 
|  65|0x000000074d300000, 0x000000074d300000, 0x000000074d400000|  0%| F|  |TAMS 0x000000074d300000, 0x000000074d300000| Untracked 
|  66|0x000000074d400000, 0x000000074d400000, 0x000000074d500000|  0%| F|  |TAMS 0x000000074d400000, 0x000000074d400000| Untracked 
|  67|0x000000074d500000, 0x000000074d500000, 0x000000074d600000|  0%| F|  |TAMS 0x000000074d500000, 0x000000074d500000| Untracked 
|  68|0x000000074d600000, 0x000000074d600000, 0x000000074d700000|  0%| F|  |TAMS 0x000000074d600000, 0x000000074d600000| Untracked 
|  69|0x000000074d700000, 0x000000074d700000, 0x000000074d800000|  0%| F|  |TAMS 0x000000074d700000, 0x000000074d700000| Untracked 
|  70|0x000000074d800000, 0x000000074d800000, 0x000000074d900000|  0%| F|  |TAMS 0x000000074d800000, 0x000000074d800000| Untracked 
|  71|0x000000074d900000, 0x000000074d900000, 0x000000074da00000|  0%| F|  |TAMS 0x000000074d900000, 0x000000074d900000| Untracked 
|  72|0x000000074da00000, 0x000000074da00000, 0x000000074db00000|  0%| F|  |TAMS 0x000000074da00000, 0x000000074da00000| Untracked 
|  73|0x000000074db00000, 0x000000074db00000, 0x000000074dc00000|  0%| F|  |TAMS 0x000000074db00000, 0x000000074db00000| Untracked 
|  74|0x000000074dc00000, 0x000000074dc00000, 0x000000074dd00000|  0%| F|  |TAMS 0x000000074dc00000, 0x000000074dc00000| Untracked 
|  75|0x000000074dd00000, 0x000000074dd00000, 0x000000074de00000|  0%| F|  |TAMS 0x000000074dd00000, 0x000000074dd00000| Untracked 
|  76|0x000000074de00000, 0x000000074de00000, 0x000000074df00000|  0%| F|  |TAMS 0x000000074de00000, 0x000000074de00000| Untracked 
|  77|0x000000074df00000, 0x000000074df00000, 0x000000074e000000|  0%| F|  |TAMS 0x000000074df00000, 0x000000074df00000| Untracked 
|  78|0x000000074e000000, 0x000000074e000000, 0x000000074e100000|  0%| F|  |TAMS 0x000000074e000000, 0x000000074e000000| Untracked 
|  79|0x000000074e100000, 0x000000074e100000, 0x000000074e200000|  0%| F|  |TAMS 0x000000074e100000, 0x000000074e100000| Untracked 
|  80|0x000000074e200000, 0x000000074e200000, 0x000000074e300000|  0%| F|  |TAMS 0x000000074e200000, 0x000000074e200000| Untracked 
|  81|0x000000074e300000, 0x000000074e300000, 0x000000074e400000|  0%| F|  |TAMS 0x000000074e300000, 0x000000074e300000| Untracked 
|  82|0x000000074e400000, 0x000000074e400000, 0x000000074e500000|  0%| F|  |TAMS 0x000000074e400000, 0x000000074e400000| Untracked 
|  83|0x000000074e500000, 0x000000074e500000, 0x000000074e600000|  0%| F|  |TAMS 0x000000074e500000, 0x000000074e500000| Untracked 
|  84|0x000000074e600000, 0x000000074e600000, 0x000000074e700000|  0%| F|  |TAMS 0x000000074e600000, 0x000000074e600000| Untracked 
|  85|0x000000074e700000, 0x000000074e700000, 0x000000074e800000|  0%| F|  |TAMS 0x000000074e700000, 0x000000074e700000| Untracked 
|  86|0x000000074e800000, 0x000000074e800000, 0x000000074e900000|  0%| F|  |TAMS 0x000000074e800000, 0x000000074e800000| Untracked 
|  87|0x000000074e900000, 0x000000074e900000, 0x000000074ea00000|  0%| F|  |TAMS 0x000000074e900000, 0x000000074e900000| Untracked 
|  88|0x000000074ea00000, 0x000000074ea00000, 0x000000074eb00000|  0%| F|  |TAMS 0x000000074ea00000, 0x000000074ea00000| Untracked 
|  89|0x000000074eb00000, 0x000000074eb00000, 0x000000074ec00000|  0%| F|  |TAMS 0x000000074eb00000, 0x000000074eb00000| Untracked 
|  90|0x000000074ec00000, 0x000000074ec00000, 0x000000074ed00000|  0%| F|  |TAMS 0x000000074ec00000, 0x000000074ec00000| Untracked 
|  91|0x000000074ed00000, 0x000000074ed00000, 0x000000074ee00000|  0%| F|  |TAMS 0x000000074ed00000, 0x000000074ed00000| Untracked 
|  92|0x000000074ee00000, 0x000000074ee00000, 0x000000074ef00000|  0%| F|  |TAMS 0x000000074ee00000, 0x000000074ee00000| Untracked 
|  93|0x000000074ef00000, 0x000000074ef00000, 0x000000074f000000|  0%| F|  |TAMS 0x000000074ef00000, 0x000000074ef00000| Untracked 
|  94|0x000000074f000000, 0x000000074f000000, 0x000000074f100000|  0%| F|  |TAMS 0x000000074f000000, 0x000000074f000000| Untracked 
|  95|0x000000074f100000, 0x000000074f100000, 0x000000074f200000|  0%| F|  |TAMS 0x000000074f100000, 0x000000074f100000| Untracked 
|  96|0x000000074f200000, 0x000000074f200000, 0x000000074f300000|  0%| F|  |TAMS 0x000000074f200000, 0x000000074f200000| Untracked 
|  97|0x000000074f300000, 0x000000074f300000, 0x000000074f400000|  0%| F|  |TAMS 0x000000074f300000, 0x000000074f300000| Untracked 
|  98|0x000000074f400000, 0x000000074f400000, 0x000000074f500000|  0%| F|  |TAMS 0x000000074f400000, 0x000000074f400000| Untracked 
|  99|0x000000074f500000, 0x000000074f500000, 0x000000074f600000|  0%| F|  |TAMS 0x000000074f500000, 0x000000074f500000| Untracked 
| 100|0x000000074f600000, 0x000000074f600000, 0x000000074f700000|  0%| F|  |TAMS 0x000000074f600000, 0x000000074f600000| Untracked 
| 101|0x000000074f700000, 0x000000074f700000, 0x000000074f800000|  0%| F|  |TAMS 0x000000074f700000, 0x000000074f700000| Untracked 
| 102|0x000000074f800000, 0x000000074f800000, 0x000000074f900000|  0%| F|  |TAMS 0x000000074f800000, 0x000000074f800000| Untracked 
| 103|0x000000074f900000, 0x000000074f900000, 0x000000074fa00000|  0%| F|  |TAMS 0x000000074f900000, 0x000000074f900000| Untracked 
| 104|0x000000074fa00000, 0x000000074fa00000, 0x000000074fb00000|  0%| F|  |TAMS 0x000000074fa00000, 0x000000074fa00000| Untracked 
| 105|0x000000074fb00000, 0x000000074fb00000, 0x000000074fc00000|  0%| F|  |TAMS 0x000000074fb00000, 0x000000074fb00000| Untracked 
| 106|0x000000074fc00000, 0x000000074fc00000, 0x000000074fd00000|  0%| F|  |TAMS 0x000000074fc00000, 0x000000074fc00000| Untracked 
| 107|0x000000074fd00000, 0x000000074fd00000, 0x000000074fe00000|  0%| F|  |TAMS 0x000000074fd00000, 0x000000074fd00000| Untracked 
| 108|0x000000074fe00000, 0x000000074fe00000, 0x000000074ff00000|  0%| F|  |TAMS 0x000000074fe00000, 0x000000074fe00000| Untracked 
| 109|0x000000074ff00000, 0x000000074ff00000, 0x0000000750000000|  0%| F|  |TAMS 0x000000074ff00000, 0x000000074ff00000| Untracked 
| 110|0x0000000750000000, 0x0000000750000000, 0x0000000750100000|  0%| F|  |TAMS 0x0000000750000000, 0x0000000750000000| Untracked 
| 111|0x0000000750100000, 0x0000000750100000, 0x0000000750200000|  0%| F|  |TAMS 0x0000000750100000, 0x0000000750100000| Untracked 
| 112|0x0000000750200000, 0x0000000750200000, 0x0000000750300000|  0%| F|  |TAMS 0x0000000750200000, 0x0000000750200000| Untracked 
| 113|0x0000000750300000, 0x0000000750300000, 0x0000000750400000|  0%| F|  |TAMS 0x0000000750300000, 0x0000000750300000| Untracked 
| 114|0x0000000750400000, 0x0000000750400000, 0x0000000750500000|  0%| F|  |TAMS 0x0000000750400000, 0x0000000750400000| Untracked 
| 115|0x0000000750500000, 0x0000000750500000, 0x0000000750600000|  0%| F|  |TAMS 0x0000000750500000, 0x0000000750500000| Untracked 
| 116|0x0000000750600000, 0x0000000750600000, 0x0000000750700000|  0%| F|  |TAMS 0x0000000750600000, 0x0000000750600000| Untracked 
| 117|0x0000000750700000, 0x0000000750700000, 0x0000000750800000|  0%| F|  |TAMS 0x0000000750700000, 0x0000000750700000| Untracked 
| 118|0x0000000750800000, 0x0000000750800000, 0x0000000750900000|  0%| F|  |TAMS 0x0000000750800000, 0x0000000750800000| Untracked 
| 119|0x0000000750900000, 0x0000000750900000, 0x0000000750a00000|  0%| F|  |TAMS 0x0000000750900000, 0x0000000750900000| Untracked 
| 120|0x0000000750a00000, 0x0000000750a00000, 0x0000000750b00000|  0%| F|  |TAMS 0x0000000750a00000, 0x0000000750a00000| Untracked 
| 121|0x0000000750b00000, 0x0000000750b00000, 0x0000000750c00000|  0%| F|  |TAMS 0x0000000750b00000, 0x0000000750b00000| Untracked 
| 122|0x0000000750c00000, 0x0000000750c00000, 0x0000000750d00000|  0%| F|  |TAMS 0x0000000750c00000, 0x0000000750c00000| Untracked 
| 123|0x0000000750d00000, 0x0000000750d00000, 0x0000000750e00000|  0%| F|  |TAMS 0x0000000750d00000, 0x0000000750d00000| Untracked 
| 124|0x0000000750e00000, 0x0000000750e00000, 0x0000000750f00000|  0%| F|  |TAMS 0x0000000750e00000, 0x0000000750e00000| Untracked 
| 125|0x0000000750f00000, 0x0000000750f00000, 0x0000000751000000|  0%| F|  |TAMS 0x0000000750f00000, 0x0000000750f00000| Untracked 
| 126|0x0000000751000000, 0x0000000751000000, 0x0000000751100000|  0%| F|  |TAMS 0x0000000751000000, 0x0000000751000000| Untracked 
| 127|0x0000000751100000, 0x0000000751100000, 0x0000000751200000|  0%| F|  |TAMS 0x0000000751100000, 0x0000000751100000| Untracked 
| 128|0x0000000751200000, 0x0000000751200000, 0x0000000751300000|  0%| F|  |TAMS 0x0000000751200000, 0x0000000751200000| Untracked 
| 129|0x0000000751300000, 0x0000000751300000, 0x0000000751400000|  0%| F|  |TAMS 0x0000000751300000, 0x0000000751300000| Untracked 
| 130|0x0000000751400000, 0x0000000751400000, 0x0000000751500000|  0%| F|  |TAMS 0x0000000751400000, 0x0000000751400000| Untracked 
| 131|0x0000000751500000, 0x0000000751500000, 0x0000000751600000|  0%| F|  |TAMS 0x0000000751500000, 0x0000000751500000| Untracked 
| 132|0x0000000751600000, 0x0000000751600000, 0x0000000751700000|  0%| F|  |TAMS 0x0000000751600000, 0x0000000751600000| Untracked 
| 133|0x0000000751700000, 0x0000000751700000, 0x0000000751800000|  0%| F|  |TAMS 0x0000000751700000, 0x0000000751700000| Untracked 
| 134|0x0000000751800000, 0x0000000751800000, 0x0000000751900000|  0%| F|  |TAMS 0x0000000751800000, 0x0000000751800000| Untracked 
| 135|0x0000000751900000, 0x0000000751900000, 0x0000000751a00000|  0%| F|  |TAMS 0x0000000751900000, 0x0000000751900000| Untracked 
| 136|0x0000000751a00000, 0x0000000751a00000, 0x0000000751b00000|  0%| F|  |TAMS 0x0000000751a00000, 0x0000000751a00000| Untracked 
| 137|0x0000000751b00000, 0x0000000751b00000, 0x0000000751c00000|  0%| F|  |TAMS 0x0000000751b00000, 0x0000000751b00000| Untracked 
| 138|0x0000000751c00000, 0x0000000751c00000, 0x0000000751d00000|  0%| F|  |TAMS 0x0000000751c00000, 0x0000000751c00000| Untracked 
| 139|0x0000000751d00000, 0x0000000751d00000, 0x0000000751e00000|  0%| F|  |TAMS 0x0000000751d00000, 0x0000000751d00000| Untracked 
| 140|0x0000000751e00000, 0x0000000751e00000, 0x0000000751f00000|  0%| F|  |TAMS 0x0000000751e00000, 0x0000000751e00000| Untracked 
| 141|0x0000000751f00000, 0x0000000751f00000, 0x0000000752000000|  0%| F|  |TAMS 0x0000000751f00000, 0x0000000751f00000| Untracked 
| 142|0x0000000752000000, 0x0000000752000000, 0x0000000752100000|  0%| F|  |TAMS 0x0000000752000000, 0x0000000752000000| Untracked 
| 143|0x0000000752100000, 0x0000000752100000, 0x0000000752200000|  0%| F|  |TAMS 0x0000000752100000, 0x0000000752100000| Untracked 
| 144|0x0000000752200000, 0x0000000752200000, 0x0000000752300000|  0%| F|  |TAMS 0x0000000752200000, 0x0000000752200000| Untracked 
| 145|0x0000000752300000, 0x0000000752300000, 0x0000000752400000|  0%| F|  |TAMS 0x0000000752300000, 0x0000000752300000| Untracked 
| 146|0x0000000752400000, 0x0000000752400000, 0x0000000752500000|  0%| F|  |TAMS 0x0000000752400000, 0x0000000752400000| Untracked 
| 147|0x0000000752500000, 0x0000000752500000, 0x0000000752600000|  0%| F|  |TAMS 0x0000000752500000, 0x0000000752500000| Untracked 
| 148|0x0000000752600000, 0x0000000752600000, 0x0000000752700000|  0%| F|  |TAMS 0x0000000752600000, 0x0000000752600000| Untracked 
| 149|0x0000000752700000, 0x0000000752700000, 0x0000000752800000|  0%| F|  |TAMS 0x0000000752700000, 0x0000000752700000| Untracked 
| 150|0x0000000752800000, 0x0000000752800000, 0x0000000752900000|  0%| F|  |TAMS 0x0000000752800000, 0x0000000752800000| Untracked 
| 151|0x0000000752900000, 0x0000000752900000, 0x0000000752a00000|  0%| F|  |TAMS 0x0000000752900000, 0x0000000752900000| Untracked 
| 152|0x0000000752a00000, 0x0000000752a00000, 0x0000000752b00000|  0%| F|  |TAMS 0x0000000752a00000, 0x0000000752a00000| Untracked 
| 153|0x0000000752b00000, 0x0000000752b00000, 0x0000000752c00000|  0%| F|  |TAMS 0x0000000752b00000, 0x0000000752b00000| Untracked 
| 154|0x0000000752c00000, 0x0000000752c00000, 0x0000000752d00000|  0%| F|  |TAMS 0x0000000752c00000, 0x0000000752c00000| Untracked 
| 155|0x0000000752d00000, 0x0000000752d00000, 0x0000000752e00000|  0%| F|  |TAMS 0x0000000752d00000, 0x0000000752d00000| Untracked 
| 156|0x0000000752e00000, 0x0000000752e00000, 0x0000000752f00000|  0%| F|  |TAMS 0x0000000752e00000, 0x0000000752e00000| Untracked 
| 157|0x0000000752f00000, 0x0000000752f00000, 0x0000000753000000|  0%| F|  |TAMS 0x0000000752f00000, 0x0000000752f00000| Untracked 
| 158|0x0000000753000000, 0x0000000753000000, 0x0000000753100000|  0%| F|  |TAMS 0x0000000753000000, 0x0000000753000000| Untracked 
| 159|0x0000000753100000, 0x0000000753100000, 0x0000000753200000|  0%| F|  |TAMS 0x0000000753100000, 0x0000000753100000| Untracked 
| 160|0x0000000753200000, 0x0000000753200000, 0x0000000753300000|  0%| F|  |TAMS 0x0000000753200000, 0x0000000753200000| Untracked 
| 161|0x0000000753300000, 0x0000000753300000, 0x0000000753400000|  0%| F|  |TAMS 0x0000000753300000, 0x0000000753300000| Untracked 
| 162|0x0000000753400000, 0x0000000753400000, 0x0000000753500000|  0%| F|  |TAMS 0x0000000753400000, 0x0000000753400000| Untracked 
| 163|0x0000000753500000, 0x0000000753500000, 0x0000000753600000|  0%| F|  |TAMS 0x0000000753500000, 0x0000000753500000| Untracked 
| 164|0x0000000753600000, 0x0000000753600000, 0x0000000753700000|  0%| F|  |TAMS 0x0000000753600000, 0x0000000753600000| Untracked 
| 165|0x0000000753700000, 0x0000000753700000, 0x0000000753800000|  0%| F|  |TAMS 0x0000000753700000, 0x0000000753700000| Untracked 
| 166|0x0000000753800000, 0x0000000753800000, 0x0000000753900000|  0%| F|  |TAMS 0x0000000753800000, 0x0000000753800000| Untracked 
| 167|0x0000000753900000, 0x0000000753900000, 0x0000000753a00000|  0%| F|  |TAMS 0x0000000753900000, 0x0000000753900000| Untracked 
| 168|0x0000000753a00000, 0x0000000753a00000, 0x0000000753b00000|  0%| F|  |TAMS 0x0000000753a00000, 0x0000000753a00000| Untracked 
| 169|0x0000000753b00000, 0x0000000753b00000, 0x0000000753c00000|  0%| F|  |TAMS 0x0000000753b00000, 0x0000000753b00000| Untracked 
| 170|0x0000000753c00000, 0x0000000753c00000, 0x0000000753d00000|  0%| F|  |TAMS 0x0000000753c00000, 0x0000000753c00000| Untracked 
| 171|0x0000000753d00000, 0x0000000753d00000, 0x0000000753e00000|  0%| F|  |TAMS 0x0000000753d00000, 0x0000000753d00000| Untracked 
| 172|0x0000000753e00000, 0x0000000753e00000, 0x0000000753f00000|  0%| F|  |TAMS 0x0000000753e00000, 0x0000000753e00000| Untracked 
| 173|0x0000000753f00000, 0x0000000753f00000, 0x0000000754000000|  0%| F|  |TAMS 0x0000000753f00000, 0x0000000753f00000| Untracked 
| 174|0x0000000754000000, 0x000000075407b630, 0x0000000754100000| 48%| E|  |TAMS 0x0000000754000000, 0x0000000754000000| Complete 
| 175|0x0000000754100000, 0x0000000754200000, 0x0000000754200000|100%| E|CS|TAMS 0x0000000754100000, 0x0000000754100000| Complete 
| 176|0x0000000754200000, 0x0000000754300000, 0x0000000754300000|100%| E|CS|TAMS 0x0000000754200000, 0x0000000754200000| Complete 
| 177|0x0000000754300000, 0x0000000754400000, 0x0000000754400000|100%| E|CS|TAMS 0x0000000754300000, 0x0000000754300000| Complete 
| 178|0x0000000754400000, 0x0000000754500000, 0x0000000754500000|100%| E|CS|TAMS 0x0000000754400000, 0x0000000754400000| Complete 
| 179|0x0000000754500000, 0x0000000754600000, 0x0000000754600000|100%| E|CS|TAMS 0x0000000754500000, 0x0000000754500000| Complete 
| 180|0x0000000754600000, 0x0000000754700000, 0x0000000754700000|100%| E|CS|TAMS 0x0000000754600000, 0x0000000754600000| Complete 
| 181|0x0000000754700000, 0x0000000754800000, 0x0000000754800000|100%| E|CS|TAMS 0x0000000754700000, 0x0000000754700000| Complete 
| 182|0x0000000754800000, 0x0000000754900000, 0x0000000754900000|100%| E|CS|TAMS 0x0000000754800000, 0x0000000754800000| Complete 
| 183|0x0000000754900000, 0x0000000754a00000, 0x0000000754a00000|100%| E|CS|TAMS 0x0000000754900000, 0x0000000754900000| Complete 

Card table byte_map: [0x0000023a59d00000,0x0000023a5a2c0000] _byte_map_base: 0x0000023a562b7000

Marking Bits (Prev, Next): (CMBitMap*) 0x0000023a41d537e8, (CMBitMap*) 0x0000023a41d53820
 Prev Bits: [0x0000023a5a880000, 0x0000023a5d638000)
 Next Bits: [0x0000023a5d640000, 0x0000023a603f8000)

Polling page: 0x0000023a3fad0000

Metaspace:

Usage:
  Non-class:     11.97 MB capacity,    11.76 MB ( 98%) used,   181.12 KB (  1%) free+waste,    40.13 KB ( <1%) overhead. 
      Class:      1.67 MB capacity,     1.47 MB ( 88%) used,   181.10 KB ( 11%) free+waste,    22.31 KB (  1%) overhead. 
       Both:     13.64 MB capacity,    13.22 MB ( 97%) used,   362.22 KB (  3%) free+waste,    62.44 KB ( <1%) overhead. 

Virtual space:
  Non-class space:       12.00 MB reserved,      12.00 MB (100%) committed 
      Class space:        1.00 GB reserved,       1.75 MB ( <1%) committed 
             Both:        1.01 GB reserved,      13.75 MB (  1%) committed 

Chunk freelists:
   Non-Class:  27.00 KB
       Class:  22.00 KB
        Both:  49.00 KB

MaxMetaspaceSize: 17179869184.00 GB
CompressedClassSpaceSize: 1.00 GB

CodeHeap 'non-profiled nmethods': size=120000Kb used=269Kb max_used=269Kb free=119731Kb
 bounds [0x0000023a51ee0000, 0x0000023a52150000, 0x0000023a59410000]
CodeHeap 'profiled nmethods': size=120000Kb used=1364Kb max_used=1364Kb free=118635Kb
 bounds [0x0000023a4a9b0000, 0x0000023a4ac20000, 0x0000023a51ee0000]
CodeHeap 'non-nmethods': size=5760Kb used=1160Kb max_used=1177Kb free=4599Kb
 bounds [0x0000023a4a410000, 0x0000023a4a680000, 0x0000023a4a9b0000]
 total_blobs=1271 nmethods=774 adapters=409
 compilation: enabled
              stopped_count=0, restarted_count=0
 full_count=0

Compilation events (20 events):
Event: 0.433 Thread 0x0000023a636f5000  769       1       java.util.Hashtable$Entry::getValue (5 bytes)
Event: 0.433 Thread 0x0000023a636f5000 nmethod 769 0x0000023a51f22810 code [0x0000023a51f229c0, 0x0000023a51f22a78]
Event: 0.433 Thread 0x0000023a636f5000  763       3       java.util.Hashtable$Enumerator::hasNext (5 bytes)
Event: 0.433 Thread 0x0000023a636f5000 nmethod 763 0x0000023a4ab01b90 code [0x0000023a4ab01d40, 0x0000023a4ab01e68]
Event: 0.433 Thread 0x0000023a636f5000  765       3       java.util.Hashtable$Enumerator::next (27 bytes)
Event: 0.433 Thread 0x0000023a636f5000 nmethod 765 0x0000023a4ab01f10 code [0x0000023a4ab020e0, 0x0000023a4ab022d8]
Event: 0.433 Thread 0x0000023a636f5000  766       3       java.util.Hashtable$Enumerator::nextElement (111 bytes)
Event: 0.433 Thread 0x0000023a636f5000 nmethod 766 0x0000023a4ab02410 code [0x0000023a4ab02600, 0x0000023a4ab02ac8]
Event: 0.433 Thread 0x0000023a636f5000  767       3       java.util.Hashtable$Entry::hashCode (13 bytes)
Event: 0.433 Thread 0x0000023a636f5000 nmethod 767 0x0000023a4ab02c90 code [0x0000023a4ab02e60, 0x0000023a4ab030e8]
Event: 0.433 Thread 0x0000023a636f5000  771       3       javax.swing.plaf.nimbus.NimbusLookAndFeel::addDefault (70 bytes)
Event: 0.433 Thread 0x0000023a636f5000 nmethod 771 0x0000023a4ab03210 code [0x0000023a4ab03420, 0x0000023a4ab03b78]
Event: 0.433 Thread 0x0000023a636f5000  774       1       java.nio.Buffer::position (5 bytes)
Event: 0.433 Thread 0x0000023a636f5000 nmethod 774 0x0000023a51f22b10 code [0x0000023a51f22cc0, 0x0000023a51f22d78]
Event: 0.433 Thread 0x0000023a636f5000  773       1       java.lang.reflect.Field::getName (5 bytes)
Event: 0.433 Thread 0x0000023a636f5000 nmethod 773 0x0000023a51f22e10 code [0x0000023a51f22fc0, 0x0000023a51f23078]
Event: 0.433 Thread 0x0000023a636f5000  760       3       java.util.ResourceBundle::getObject (82 bytes)
Event: 0.434 Thread 0x0000023a636f5000 nmethod 760 0x0000023a4ab03d90 code [0x0000023a4ab04080, 0x0000023a4ab04e18]
Event: 0.434 Thread 0x0000023a636f5000  772       1       java.beans.PropertyChangeEvent::getPropertyName (5 bytes)
Event: 0.434 Thread 0x0000023a636f5000 nmethod 772 0x0000023a51f23110 code [0x0000023a51f232c0, 0x0000023a51f23378]

GC Heap History (0 events):
No events

Deoptimization events (20 events):
Event: 0.140 Thread 0x0000023a41d00800 Uncommon trap: trap_request=0xffffffc6 fr.pc=0x0000023a51eeb994 relative=0x0000000000000074
Event: 0.140 Thread 0x0000023a41d00800 Uncommon trap: reason=bimorphic_or_optimized_type_check action=maybe_recompile pc=0x0000023a51eeb994 method=java.util.AbstractCollection.isEmpty()Z @ 1 c2
Event: 0.140 Thread 0x0000023a41d00800 DEOPT PACKING pc=0x0000023a51eeb994 sp=0x000000ba2d1fac80
Event: 0.140 Thread 0x0000023a41d00800 DEOPT UNPACKING pc=0x0000023a4a4368af sp=0x000000ba2d1fac10 mode 2
Event: 0.140 Thread 0x0000023a41d00800 Uncommon trap: trap_request=0xffffffc6 fr.pc=0x0000023a51eeb994 relative=0x0000000000000074
Event: 0.140 Thread 0x0000023a41d00800 Uncommon trap: reason=bimorphic_or_optimized_type_check action=maybe_recompile pc=0x0000023a51eeb994 method=java.util.AbstractCollection.isEmpty()Z @ 1 c2
Event: 0.140 Thread 0x0000023a41d00800 DEOPT PACKING pc=0x0000023a51eeb994 sp=0x000000ba2d1fae50
Event: 0.140 Thread 0x0000023a41d00800 DEOPT UNPACKING pc=0x0000023a4a4368af sp=0x000000ba2d1fade0 mode 2
Event: 0.141 Thread 0x0000023a41d00800 Uncommon trap: trap_request=0xffffffc6 fr.pc=0x0000023a51eeb994 relative=0x0000000000000074
Event: 0.141 Thread 0x0000023a41d00800 Uncommon trap: reason=bimorphic_or_optimized_type_check action=maybe_recompile pc=0x0000023a51eeb994 method=java.util.AbstractCollection.isEmpty()Z @ 1 c2
Event: 0.141 Thread 0x0000023a41d00800 DEOPT PACKING pc=0x0000023a51eeb994 sp=0x000000ba2d1fac80
Event: 0.141 Thread 0x0000023a41d00800 DEOPT UNPACKING pc=0x0000023a4a4368af sp=0x000000ba2d1fac10 mode 2
Event: 0.141 Thread 0x0000023a41d00800 Uncommon trap: trap_request=0xffffffc6 fr.pc=0x0000023a51eeb994 relative=0x0000000000000074
Event: 0.141 Thread 0x0000023a41d00800 Uncommon trap: reason=bimorphic_or_optimized_type_check action=maybe_recompile pc=0x0000023a51eeb994 method=java.util.AbstractCollection.isEmpty()Z @ 1 c2
Event: 0.141 Thread 0x0000023a41d00800 DEOPT PACKING pc=0x0000023a51eeb994 sp=0x000000ba2d1fae50
Event: 0.141 Thread 0x0000023a41d00800 DEOPT UNPACKING pc=0x0000023a4a4368af sp=0x000000ba2d1fade0 mode 2
Event: 0.252 Thread 0x0000023a41d00800 Uncommon trap: trap_request=0xffffff4d fr.pc=0x0000023a51eefd34 relative=0x0000000000000d34
Event: 0.252 Thread 0x0000023a41d00800 Uncommon trap: reason=unstable_if action=reinterpret pc=0x0000023a51eefd34 method=java.util.HashMap.putVal(ILjava/lang/Object;Ljava/lang/Object;ZZ)Ljava/lang/Object; @ 81 c2
Event: 0.252 Thread 0x0000023a41d00800 DEOPT PACKING pc=0x0000023a51eefd34 sp=0x000000ba2d1fe5a0
Event: 0.252 Thread 0x0000023a41d00800 DEOPT UNPACKING pc=0x0000023a4a4368af sp=0x000000ba2d1fe540 mode 2

Classes redefined (0 events):
No events

Internal exceptions (20 events):
Event: 0.346 Thread 0x0000023a41d00800 Exception <a 'java/lang/ClassNotFoundException'{0x00000007542fb240}: ToolBar> (0x00000007542fb240) thrown at [./src/hotspot/share/classfile/systemDictionary.cpp, line 231]
Event: 0.346 Thread 0x0000023a41d00800 Exception <a 'java/lang/ClassNotFoundException'{0x00000007542fb738}: ToolBar> (0x00000007542fb738) thrown at [./src/hotspot/share/classfile/systemDictionary.cpp, line 231]
Event: 0.346 Thread 0x0000023a41d00800 Exception <a 'java/lang/ClassNotFoundException'{0x00000007542fba98}: Button> (0x00000007542fba98) thrown at [./src/hotspot/share/classfile/systemDictionary.cpp, line 231]
Event: 0.346 Thread 0x0000023a41d00800 Exception <a 'java/lang/ClassNotFoundException'{0x00000007542fbf60}: ToolBar> (0x00000007542fbf60) thrown at [./src/hotspot/share/classfile/systemDictionary.cpp, line 231]
Event: 0.346 Thread 0x0000023a41d00800 Exception <a 'java/lang/ClassNotFoundException'{0x00000007542fc2d0}: ToggleButton> (0x00000007542fc2d0) thrown at [./src/hotspot/share/classfile/systemDictionary.cpp, line 231]
Event: 0.346 Thread 0x0000023a41d00800 Exception <a 'java/lang/ClassNotFoundException'{0x00000007542fc710}: javax/swing/JToolBarSeparator> (0x00000007542fc710) thrown at [./src/hotspot/share/classfile/systemDictionary.cpp, line 231]
Event: 0.346 Thread 0x0000023a41d00800 Exception <a 'java/lang/ClassNotFoundException'{0x00000007542fca18}: ToolBarSeparator> (0x00000007542fca18) thrown at [./src/hotspot/share/classfile/systemDictionary.cpp, line 231]
Event: 0.346 Thread 0x0000023a41d00800 Exception <a 'java/lang/ClassNotFoundException'{0x00000007542fcf30}: ToolTip> (0x00000007542fcf30) thrown at [./src/hotspot/share/classfile/systemDictionary.cpp, line 231]
Event: 0.347 Thread 0x0000023a41d00800 Exception <a 'java/lang/ClassNotFoundException'{0x00000007542fd888}: Tree> (0x00000007542fd888) thrown at [./src/hotspot/share/classfile/systemDictionary.cpp, line 231]
Event: 0.347 Thread 0x0000023a41d00800 Exception <a 'java/lang/ClassNotFoundException'{0x00000007542fdd80}: Tree> (0x00000007542fdd80) thrown at [./src/hotspot/share/classfile/systemDictionary.cpp, line 231]
Event: 0.347 Thread 0x0000023a41d00800 Exception <a 'java/lang/ClassNotFoundException'{0x00000007542fe0f0}: javax/swing/JTreeCell> (0x00000007542fe0f0) thrown at [./src/hotspot/share/classfile/systemDictionary.cpp, line 231]
Event: 0.347 Thread 0x0000023a41d00800 Exception <a 'java/lang/ClassNotFoundException'{0x00000007542fe3f0}: TreeCell> (0x00000007542fe3f0) thrown at [./src/hotspot/share/classfile/systemDictionary.cpp, line 231]
Event: 0.348 Thread 0x0000023a41d00800 Exception <a 'java/lang/ClassNotFoundException'{0x00000007542febc0}: RootPane> (0x00000007542febc0) thrown at [./src/hotspot/share/classfile/systemDictionary.cpp, line 231]
Event: 0.349 Thread 0x0000023a41d00800 Exception <a 'java/lang/ClassNotFoundException'{0x0000000754101f60}: com/sun/swing/internal/plaf/metal/resources/spi/metalProvider> (0x0000000754101f60) thrown at [./src/hotspot/share/classfile/systemDictionary.cpp, line 231]
Event: 0.350 Thread 0x0000023a41d00800 Exception <a 'java/lang/ClassNotFoundException'{0x00000007541067e0}: com/sun/swing/internal/plaf/basic/resources/spi/basicProvider> (0x00000007541067e0) thrown at [./src/hotspot/share/classfile/systemDictionary.cpp, line 231]
Event: 0.352 Thread 0x0000023a41d00800 Exception <a 'java/lang/NoSuchMethodError'{0x00000007541456c0}: 'java.lang.Object java.lang.invoke.DirectMethodHandle$Holder.invokeStatic(java.lang.Object, java.lang.Object, java.lang.Object, java.lang.Object, java.lang.Object, java.lang.Object, java.lang.Object, java.lang.Object, java.lang.Object, java.lang.Object, java.lang.Object, int)'> (0x00000007541456c0) thrown at [./src/hotspot/share/interpreter/linkResolver.cpp, line 773]
Event: 0.354 Thread 0x0000023a41d00800 Exception <a 'java/lang/NoSuchMethodError'{0x00000007541635c0}: 'java.lang.Object java.lang.invoke.DirectMethodHandle$Holder.invokeStatic(java.lang.Object, java.lang.Object, java.lang.Object, java.lang.Object, java.lang.Object, java.lang.Object, java.lang.Object, java.lang.Object, java.lang.Object, java.lang.Object, java.lang.Object, int, int)'> (0x00000007541635c0) thrown at [./src/hotspot/share/interpreter/linkResolver.cpp, line 773]
Event: 0.355 Thread 0x0000023a41d00800 Exception <a 'java/lang/NoSuchMethodError'{0x0000000754183558}: 'java.lang.Object java.lang.invoke.DirectMethodHandle$Holder.invokeStatic(java.lang.Object, java.lang.Object, java.lang.Object, java.lang.Object, java.lang.Object, java.lang.Object, java.lang.Object, java.lang.Object, java.lang.Object, java.lang.Object, java.lang.Object, int, int, java.lang.Object)'> (0x0000000754183558) thrown at [./src/hotspot/share/interpreter/linkResolver.cpp, line 773]
Event: 0.356 Thread 0x0000023a41d00800 Exception <a 'java/lang/NoSuchMethodError'{0x00000007541a3970}: 'java.lang.Object java.lang.invoke.DirectMethodHandle$Holder.invokeStatic(java.lang.Object, java.lang.Object, java.lang.Object, java.lang.Object, java.lang.Object, java.lang.Object, java.lang.Object, java.lang.Object, java.lang.Object, java.lang.Object, java.lang.Object, int, int, java.lang.Object, java.lang.Object)'> (0x00000007541a3970) thrown at [./src/hotspot/share/interpreter/linkResolver.cpp, line 773]
Event: 0.411 Thread 0x0000023a64134000 Exception <a 'java/lang/ClassNotFoundException'{0x0000000754007b48}: com/sun/swing/internal/plaf/synth/resources/spi/synthProvider> (0x0000000754007b48) thrown at [./src/hotspot/share/classfile/systemDictionary.cpp, line 231]

Events (20 events):
Event: 0.429 loading class jssc/SerialPort done
Event: 0.430 loading class java/lang/InterruptedException
Event: 0.430 loading class java/lang/InterruptedException done
Event: 0.430 loading class jssc/SerialPortTimeoutException
Event: 0.430 loading class jssc/SerialPortTimeoutException done
Event: 0.430 loading class jssc/SerialPort$EventThread
Event: 0.430 loading class jssc/SerialPort$EventThread done
Event: 0.430 loading class jssc/SerialPort$LinuxEventThread
Event: 0.430 loading class jssc/SerialPort$LinuxEventThread done
Event: 0.431 loading class java/lang/SecurityException
Event: 0.431 loading class java/lang/SecurityException done
Event: 0.431 Executing VM operation: RevokeBias
Event: 0.431 Executing VM operation: RevokeBias done
Event: 0.431 loading class jssc/SerialNativeInterface
Event: 0.431 loading class jssc/SerialNativeInterface done
Event: 0.432 loading class java/io/Reader
Event: 0.432 loading class java/io/Reader done
Event: 0.432 loading class java/io/InputStreamReader
Event: 0.432 loading class java/io/InputStreamReader done
Event: 0.433 Loaded shared library C:\Users\Usuario\.jssc\windows\jSSC-2.8_x86_64.dll


Dynamic libraries:
0x00007ff7e5f40000 - 0x00007ff7e5f4d000 	C:\Program Files\AdoptOpenJDK\jdk-11.0.11.9-hotspot\bin\java.exe
0x00007ffb7dd90000 - 0x00007ffb7df88000 	C:\Windows\SYSTEM32\ntdll.dll
0x00007ffb47a60000 - 0x00007ffb47a79000 	C:\Program Files\Avast Software\Avast\aswhook.dll
0x00007ffb7dae0000 - 0x00007ffb7db9f000 	C:\Windows\System32\KERNEL32.DLL
0x00007ffb7ba00000 - 0x00007ffb7bcd2000 	C:\Windows\System32\KERNELBASE.dll
0x00007ffb7b520000 - 0x00007ffb7b620000 	C:\Windows\System32\ucrtbase.dll
0x00007ffb68e10000 - 0x00007ffb68e25000 	C:\Program Files\AdoptOpenJDK\jdk-11.0.11.9-hotspot\bin\VCRUNTIME140.dll
0x00007ffb4b2f0000 - 0x00007ffb4b307000 	C:\Program Files\AdoptOpenJDK\jdk-11.0.11.9-hotspot\bin\jli.dll
0x00007ffb7ccd0000 - 0x00007ffb7ce71000 	C:\Windows\System32\USER32.dll
0x00007ffb6b2f0000 - 0x00007ffb6b58a000 	C:\Windows\WinSxS\amd64_microsoft.windows.common-controls_6595b64144ccf1df_6.0.19041.1110_none_60b5254171f9507e\COMCTL32.dll
0x00007ffb7b9d0000 - 0x00007ffb7b9f2000 	C:\Windows\System32\win32u.dll
0x00007ffb7d700000 - 0x00007ffb7d79e000 	C:\Windows\System32\msvcrt.dll
0x00007ffb7dc00000 - 0x00007ffb7dc2b000 	C:\Windows\System32\GDI32.dll
0x00007ffb7b850000 - 0x00007ffb7b95f000 	C:\Windows\System32\gdi32full.dll
0x00007ffb7b650000 - 0x00007ffb7b6ed000 	C:\Windows\System32\msvcp_win.dll
0x00007ffb7dc30000 - 0x00007ffb7dc60000 	C:\Windows\System32\IMM32.DLL
0x00007ffb40910000 - 0x00007ffb409ab000 	C:\Program Files\AdoptOpenJDK\jdk-11.0.11.9-hotspot\bin\msvcp140.dll
0x00007ffb01820000 - 0x00007ffb0236b000 	C:\Program Files\AdoptOpenJDK\jdk-11.0.11.9-hotspot\bin\server\jvm.dll
0x00007ffb7d840000 - 0x00007ffb7d8ee000 	C:\Windows\System32\ADVAPI32.dll
0x00007ffb7cfb0000 - 0x00007ffb7d04c000 	C:\Windows\System32\sechost.dll
0x00007ffb7bf30000 - 0x00007ffb7c054000 	C:\Windows\System32\RPCRT4.dll
0x00007ffb7dad0000 - 0x00007ffb7dad8000 	C:\Windows\System32\PSAPI.DLL
0x00007ffb76560000 - 0x00007ffb7656a000 	C:\Windows\SYSTEM32\VERSION.dll
0x00007ffb751a0000 - 0x00007ffb751a9000 	C:\Windows\SYSTEM32\WSOCK32.dll
0x00007ffb7bec0000 - 0x00007ffb7bf2b000 	C:\Windows\System32\WS2_32.dll
0x00007ffb75ec0000 - 0x00007ffb75ee7000 	C:\Windows\SYSTEM32\WINMM.dll
0x00007ffb79310000 - 0x00007ffb79322000 	C:\Windows\SYSTEM32\kernel.appcore.dll
0x00007ffb74e10000 - 0x00007ffb74e20000 	C:\Program Files\AdoptOpenJDK\jdk-11.0.11.9-hotspot\bin\verify.dll
0x00007ffb753b0000 - 0x00007ffb75594000 	C:\Windows\SYSTEM32\DBGHELP.DLL
0x00007ffb72890000 - 0x00007ffb728c5000 	C:\Windows\SYSTEM32\dbgcore.DLL
0x00007ffb7b490000 - 0x00007ffb7b512000 	C:\Windows\System32\bcryptPrimitives.dll
0x00007ffb4b270000 - 0x00007ffb4b298000 	C:\Program Files\AdoptOpenJDK\jdk-11.0.11.9-hotspot\bin\java.dll
0x00007ffb6ccf0000 - 0x00007ffb6ccfa000 	C:\Program Files\AdoptOpenJDK\jdk-11.0.11.9-hotspot\bin\jimage.dll
0x00007ffb67380000 - 0x00007ffb67397000 	C:\Program Files\AdoptOpenJDK\jdk-11.0.11.9-hotspot\bin\zip.dll
0x00007ffb7c580000 - 0x00007ffb7ccc5000 	C:\Windows\System32\SHELL32.dll
0x00007ffb79510000 - 0x00007ffb79ca2000 	C:\Windows\SYSTEM32\windows.storage.dll
0x00007ffb7c0c0000 - 0x00007ffb7c415000 	C:\Windows\System32\combase.dll
0x00007ffb7aef0000 - 0x00007ffb7af20000 	C:\Windows\SYSTEM32\Wldp.dll
0x00007ffb7c420000 - 0x00007ffb7c4cd000 	C:\Windows\System32\SHCORE.dll
0x00007ffb7dba0000 - 0x00007ffb7dbf5000 	C:\Windows\System32\shlwapi.dll
0x00007ffb7b3d0000 - 0x00007ffb7b3ef000 	C:\Windows\SYSTEM32\profapi.dll
0x00007ffb67140000 - 0x00007ffb67159000 	C:\Program Files\AdoptOpenJDK\jdk-11.0.11.9-hotspot\bin\net.dll
0x00007ffb73850000 - 0x00007ffb7395a000 	C:\Windows\SYSTEM32\WINHTTP.dll
0x00007ffb7ac10000 - 0x00007ffb7ac7a000 	C:\Windows\system32\mswsock.dll
0x00007ffb67100000 - 0x00007ffb67112000 	C:\Program Files\AdoptOpenJDK\jdk-11.0.11.9-hotspot\bin\nio.dll
0x00007ffb35520000 - 0x00007ffb356b9000 	C:\Program Files\AdoptOpenJDK\jdk-11.0.11.9-hotspot\bin\awt.dll
0x00007ffb7dc80000 - 0x00007ffb7dd4d000 	C:\Windows\System32\OLEAUT32.dll
0x00007ffb78c60000 - 0x00007ffb78cf0000 	C:\Windows\SYSTEM32\apphelp.dll
0x00007ffb78da0000 - 0x00007ffb78e3e000 	C:\Windows\system32\uxtheme.dll
0x00007ffb7d8f0000 - 0x00007ffb7da04000 	C:\Windows\System32\MSCTF.dll
0x00007ffb7ce80000 - 0x00007ffb7cfaa000 	C:\Windows\System32\ole32.dll
0x00007ffb79020000 - 0x00007ffb7904f000 	C:\Windows\system32\DWMAPI.DLL
0x00007ffb40880000 - 0x00007ffb40905000 	C:\Program Files\AdoptOpenJDK\jdk-11.0.11.9-hotspot\bin\freetype.dll
0x00007ffb628f0000 - 0x00007ffb62902000 	C:\Program Files\AdoptOpenJDK\jdk-11.0.11.9-hotspot\bin\fontmanager.dll
0x00007ffb3e570000 - 0x00007ffb3e62c000 	C:\Program Files\AdoptOpenJDK\jdk-11.0.11.9-hotspot\bin\harfbuzz.dll
0x00007ffb37940000 - 0x00007ffb37a65000 	C:\Windows\system32\opengl32.dll
0x00007ffb6ccc0000 - 0x00007ffb6ccec000 	C:\Windows\SYSTEM32\GLU32.dll
0x00007ffb3b510000 - 0x00007ffb3b6de000 	C:\Windows\system32\d3d9.dll
0x00007ffb65790000 - 0x00007ffb65948000 	C:\Windows\System32\DriverStore\FileRepository\u0375185.inf_amd64_73f65969b9079bf6\B375122\aticfx64.dll
0x00007ffb49bc0000 - 0x00007ffb49bf4000 	C:\Windows\System32\DriverStore\FileRepository\u0375185.inf_amd64_73f65969b9079bf6\B375122\atiu9p64.dll
0x00007ffb00840000 - 0x00007ffb01594000 	C:\Windows\System32\DriverStore\FileRepository\u0375185.inf_amd64_73f65969b9079bf6\B375122\atiumd64.dll
0x000000005a950000 - 0x000000005b7c3000 	C:\Windows\System32\DriverStore\FileRepository\u0375185.inf_amd64_73f65969b9079bf6\B375122\atiumd6a.dll
0x00007ffb7d290000 - 0x00007ffb7d6f8000 	C:\Windows\System32\SETUPAPI.dll
0x00007ffb7bce0000 - 0x00007ffb7bd2e000 	C:\Windows\System32\cfgmgr32.dll
0x00007ffb7aa30000 - 0x00007ffb7aa7b000 	C:\Windows\SYSTEM32\POWRPROF.dll
0x00007ffb7b620000 - 0x00007ffb7b647000 	C:\Windows\System32\bcrypt.dll
0x00007ffb7a8a0000 - 0x00007ffb7a8b2000 	C:\Windows\SYSTEM32\UMPDC.dll
0x00007ffb635f0000 - 0x00007ffb63620000 	C:\Windows\SYSTEM32\amdihk64.dll
0x00007ffb65cf0000 - 0x00007ffb65d2b000 	C:\Windows\SYSTEM32\dxcore.dll
0x0000000071100000 - 0x0000000071125000 	C:\Users\Usuario\.jssc\windows\jSSC-2.8_x86_64.dll

dbghelp: loaded successfully - version: 4.0.5 - missing functions: none
symbol engine: initialized successfully - sym options: 0x614 - pdb path: .;C:\Program Files\AdoptOpenJDK\jdk-11.0.11.9-hotspot\bin;C:\Windows\SYSTEM32;C:\Program Files\Avast Software\Avast;C:\Windows\WinSxS\amd64_microsoft.windows.common-controls_6595b64144ccf1df_6.0.19041.1110_none_60b5254171f9507e;C:\Program Files\AdoptOpenJDK\jdk-11.0.11.9-hotspot\bin\server;C:\Windows\System32\DriverStore\FileRepository\u0375185.inf_amd64_73f65969b9079bf6\B375122;C:\Users\Usuario\.jssc\windows

VM Arguments:
jvm_args: -Dfile.encoding=UTF-8 --module-path=E:\arduino\cajeroAutomatico\cajeroAutomatico\build\classes 
java_command: cajeroautomatico.Inicio
java_class_path (initial): D:\cursos\java\Librerias\PanamaHitek_Arduino-3.0.0.jar;E:\arduino\cajeroAutomatico\cajeroAutomatico\build\classes
Launcher Type: SUN_STANDARD

[Global flags]
     intx CICompilerCount                          = 4                                         {product} {ergonomic}
     uint ConcGCThreads                            = 2                                         {product} {ergonomic}
     uint G1ConcRefinementThreads                  = 8                                         {product} {ergonomic}
   size_t G1HeapRegionSize                         = 1048576                                   {product} {ergonomic}
    uintx GCDrainStackTargetSize                   = 64                                        {product} {ergonomic}
   size_t InitialHeapSize                          = 192937984                                 {product} {ergonomic}
   size_t MarkStackSize                            = 4194304                                   {product} {ergonomic}
   size_t MaxHeapSize                              = 3068133376                                {product} {ergonomic}
   size_t MaxNewSize                               = 1840250880                                {product} {ergonomic}
   size_t MinHeapDeltaBytes                        = 1048576                                   {product} {ergonomic}
    uintx NonNMethodCodeHeapSize                   = 5836300                                {pd product} {ergonomic}
    uintx NonProfiledCodeHeapSize                  = 122910970                              {pd product} {ergonomic}
    uintx ProfiledCodeHeapSize                     = 122910970                              {pd product} {ergonomic}
    uintx ReservedCodeCacheSize                    = 251658240                              {pd product} {ergonomic}
     bool SegmentedCodeCache                       = true                                      {product} {ergonomic}
     bool UseCompressedClassPointers               = true                                 {lp64_product} {ergonomic}
     bool UseCompressedOops                        = true                                 {lp64_product} {ergonomic}
     bool UseG1GC                                  = true                                      {product} {ergonomic}
     bool UseLargePagesIndividualAllocation        = false                                  {pd product} {ergonomic}

Logging:
Log output configuration:
 #0: stdout all=warning uptime,level,tags
 #1: stderr all=off uptime,level,tags

Environment Variables:
JAVA_HOME=C:\Program Files\AdoptOpenJDK\jdk-11.0.11.9-hotspot
PATH=E:\descargas\Scripts\;E:\descargas\;C:\Program Files\Common Files\Oracle\Java\javapath;C:\Program Files (x86)\Common Files\Oracle\Java\javapath;C:\Program Files (x86)\VMware\VMware Workstation\bin\;C:\Program Files\AdoptOpenJDK\jdk-11.0.11.9-hotspot\bin;C:\Windows\system32;C:\Windows;C:\Windows\System32\Wbem;C:\Windows\System32\WindowsPowerShell\v1.0\;C:\Windows\System32\OpenSSH\;C:\Program Files\AdoptOpenJDK\jdk-11.0.11.9-hotspot\bin;C:\Program Files\Git\cmd;C:\Program Files\Microsoft SQL Server\Client SDK\ODBC\170\Tools\Binn\;C:\Program Files (x86)\Microsoft SQL Server\150\Tools\Binn\;C:\Program Files\Microsoft SQL Server\150\Tools\Binn\;C:\Program Files\Microsoft SQL Server\150\DTS\Binn\;C:\Program Files (x86)\Microsoft SQL Server\150\DTS\Binn\;C:\Program Files\Azure Data Studio\bin;D:\;D:\descargas\;C:\Program Files\Docker\Docker\resources\bin;C:\Users\Usuario\AppData\Local\Microsoft\WindowsApps;;C:\Program Files\Azure Data Studio\bin;D:\descargas\Microsoft VS Code\bin;C:\Users\Usuario\AppData\Roaming\npm
USERNAME=Usuario
OS=Windows_NT
PROCESSOR_IDENTIFIER=AMD64 Family 23 Model 96 Stepping 1, AuthenticAMD



---------------  S Y S T E M  ---------------

OS: Windows 10 , 64 bit Build 19041 (10.0.19041.2546)
OS uptime: 17 days 18:14 hours
Hyper-V role detected

CPU:total 8 (initial active 8) (8 cores per cpu, 1 threads per core) family 23 model 96 stepping 1 microcode 0x0, cmov, cx8, fxsr, mmx, sse, sse2, sse3, ssse3, sse4.1, sse4.2, popcnt, avx, avx2, aes, clmul, mmxext, 3dnowpref, lzcnt, sse4a, tsc, tscinvbit, tscinv, bmi1, bmi2, adx, sha, 

Memory: 4k page, system-wide physical 11696M (3935M free)
TotalPageFile size 15024M (AvailPageFile size 1950M)
current process WorkingSet (physical memory assigned to process): 81M, peak: 81M
current process commit charge ("private bytes"): 301M, peak: 301M

vm_info: OpenJDK 64-Bit Server VM (11.0.11+9) for windows-amd64 JRE (11.0.11+9), built on Apr 20 2021 21:22:09 by "" with MS VC++ 15.9 (VS2017)

END.
